Added Component: Designator=J16(TEST POINT)
Add component (AddParameter): Name = "Connector Type"; Value = "Pad"; VariantName = "[No Variations]"
Add component (AddParameter): Name = "Contact Finish - Mating"; Value = "Gold"; VariantName = "[No Variations]"
Add component (AddParameter): Name = "Contact Type"; Value = "Pad"; VariantName = "[No Variations]"
Add component (AddParameter): Name = "Current Rating (Amps)"; Value = "-"; VariantName = "[No Variations]"
Add component (AddParameter): Name = "Device ID"; Value = "CON00015"; VariantName = "[No Variations]"
Add component (AddParameter): Name = "Fastening Type"; Value = "-"; VariantName = "[No Variations]"
Add component (AddParameter): Name = "Insulation Color"; Value = "-"; VariantName = "[No Variations]"
Add component (AddParameter): Name = "Manufacturer"; Value = "-"; VariantName = "[No Variations]"
Add component (AddParameter): Name = "Manufacturer P/N"; Value = "-"; VariantName = "[No Variations]"
Add component (AddParameter): Name = "Material Flammability Rating"; Value = "-"; VariantName = "[No Variations]"
Add component (AddParameter): Name = "Mounting Type"; Value = "Surface Mount"; VariantName = "[No Variations]"
Add component (AddParameter): Name = "Number of Positions"; Value = "1"; VariantName = "[No Variations]"
Add component (AddParameter): Name = "Number of Positions Loaded"; Value = "All"; VariantName = "[No Variations]"
Add component (AddParameter): Name = "Operating Temperature"; Value = "-"; VariantName = "[No Variations]"
Add component (AddParameter): Name = "Package"; Value = "-"; VariantName = "[No Variations]"
Add component (AddParameter): Name = "Part Type"; Value = "Header"; VariantName = "[No Variations]"
Add component (AddParameter): Name = "Pitch - Mating"; Value = "-"; VariantName = "[No Variations]"
Add component (AddParameter): Name = "Style"; Value = "Pad"; VariantName = "[No Variations]"
Add component (AddParameter): Name = "Supplier1"; Value = "-"; VariantName = "[No Variations]"
Add component (AddParameter): Name = "Supplier1 P/N"; Value = "-"; VariantName = "[No Variations]"
Add component (AddParameter): Name = "Supplier2"; Value = "-"; VariantName = "[No Variations]"
Add component (AddParameter): Name = "Supplier2 P/N"; Value = "-"; VariantName = "[No Variations]"
Add component (AddParameter): Name = "VALUE"; Value = "Test Point"; VariantName = "[No Variations]"
Add component (AddParameter): Name = "Voltage Rating"; Value = "-"; VariantName = "[No Variations]"
Added Component: Designator=J19(TEST POINT)
Add component (AddParameter): Name = "Connector Type"; Value = "Pad"; VariantName = "[No Variations]"
Add component (AddParameter): Name = "Contact Finish - Mating"; Value = "Gold"; VariantName = "[No Variations]"
Add component (AddParameter): Name = "Contact Type"; Value = "Pad"; VariantName = "[No Variations]"
Add component (AddParameter): Name = "Current Rating (Amps)"; Value = "-"; VariantName = "[No Variations]"
Add component (AddParameter): Name = "Device ID"; Value = "CON00015"; VariantName = "[No Variations]"
Add component (AddParameter): Name = "Fastening Type"; Value = "-"; VariantName = "[No Variations]"
Add component (AddParameter): Name = "Insulation Color"; Value = "-"; VariantName = "[No Variations]"
Add component (AddParameter): Name = "Manufacturer"; Value = "-"; VariantName = "[No Variations]"
Add component (AddParameter): Name = "Manufacturer P/N"; Value = "-"; VariantName = "[No Variations]"
Add component (AddParameter): Name = "Material Flammability Rating"; Value = "-"; VariantName = "[No Variations]"
Add component (AddParameter): Name = "Mounting Type"; Value = "Surface Mount"; VariantName = "[No Variations]"
Add component (AddParameter): Name = "Number of Positions"; Value = "1"; VariantName = "[No Variations]"
Add component (AddParameter): Name = "Number of Positions Loaded"; Value = "All"; VariantName = "[No Variations]"
Add component (AddParameter): Name = "Operating Temperature"; Value = "-"; VariantName = "[No Variations]"
Add component (AddParameter): Name = "Package"; Value = "-"; VariantName = "[No Variations]"
Add component (AddParameter): Name = "Part Type"; Value = "Header"; VariantName = "[No Variations]"
Add component (AddParameter): Name = "Pitch - Mating"; Value = "-"; VariantName = "[No Variations]"
Add component (AddParameter): Name = "Style"; Value = "Pad"; VariantName = "[No Variations]"
Add component (AddParameter): Name = "Supplier1"; Value = "-"; VariantName = "[No Variations]"
Add component (AddParameter): Name = "Supplier1 P/N"; Value = "-"; VariantName = "[No Variations]"
Add component (AddParameter): Name = "Supplier2"; Value = "-"; VariantName = "[No Variations]"
Add component (AddParameter): Name = "Supplier2 P/N"; Value = "-"; VariantName = "[No Variations]"
Add component (AddParameter): Name = "VALUE"; Value = "Test Point"; VariantName = "[No Variations]"
Add component (AddParameter): Name = "Voltage Rating"; Value = "-"; VariantName = "[No Variations]"
Added Component: Designator=J20(TEST POINT)
Add component (AddParameter): Name = "Connector Type"; Value = "Pad"; VariantName = "[No Variations]"
Add component (AddParameter): Name = "Contact Finish - Mating"; Value = "Gold"; VariantName = "[No Variations]"
Add component (AddParameter): Name = "Contact Type"; Value = "Pad"; VariantName = "[No Variations]"
Add component (AddParameter): Name = "Current Rating (Amps)"; Value = "-"; VariantName = "[No Variations]"
Add component (AddParameter): Name = "Device ID"; Value = "CON00015"; VariantName = "[No Variations]"
Add component (AddParameter): Name = "Fastening Type"; Value = "-"; VariantName = "[No Variations]"
Add component (AddParameter): Name = "Insulation Color"; Value = "-"; VariantName = "[No Variations]"
Add component (AddParameter): Name = "Manufacturer"; Value = "-"; VariantName = "[No Variations]"
Add component (AddParameter): Name = "Manufacturer P/N"; Value = "-"; VariantName = "[No Variations]"
Add component (AddParameter): Name = "Material Flammability Rating"; Value = "-"; VariantName = "[No Variations]"
Add component (AddParameter): Name = "Mounting Type"; Value = "Surface Mount"; VariantName = "[No Variations]"
Add component (AddParameter): Name = "Number of Positions"; Value = "1"; VariantName = "[No Variations]"
Add component (AddParameter): Name = "Number of Positions Loaded"; Value = "All"; VariantName = "[No Variations]"
Add component (AddParameter): Name = "Operating Temperature"; Value = "-"; VariantName = "[No Variations]"
Add component (AddParameter): Name = "Package"; Value = "-"; VariantName = "[No Variations]"
Add component (AddParameter): Name = "Part Type"; Value = "Header"; VariantName = "[No Variations]"
Add component (AddParameter): Name = "Pitch - Mating"; Value = "-"; VariantName = "[No Variations]"
Add component (AddParameter): Name = "Style"; Value = "Pad"; VariantName = "[No Variations]"
Add component (AddParameter): Name = "Supplier1"; Value = "-"; VariantName = "[No Variations]"
Add component (AddParameter): Name = "Supplier1 P/N"; Value = "-"; VariantName = "[No Variations]"
Add component (AddParameter): Name = "Supplier2"; Value = "-"; VariantName = "[No Variations]"
Add component (AddParameter): Name = "Supplier2 P/N"; Value = "-"; VariantName = "[No Variations]"
Add component (AddParameter): Name = "VALUE"; Value = "Test Point"; VariantName = "[No Variations]"
Add component (AddParameter): Name = "Voltage Rating"; Value = "-"; VariantName = "[No Variations]"
Added Component: Designator=J21(TEST POINT)
Add component (AddParameter): Name = "Connector Type"; Value = "Pad"; VariantName = "[No Variations]"
Add component (AddParameter): Name = "Contact Finish - Mating"; Value = "Gold"; VariantName = "[No Variations]"
Add component (AddParameter): Name = "Contact Type"; Value = "Pad"; VariantName = "[No Variations]"
Add component (AddParameter): Name = "Current Rating (Amps)"; Value = "-"; VariantName = "[No Variations]"
Add component (AddParameter): Name = "Device ID"; Value = "CON00015"; VariantName = "[No Variations]"
Add component (AddParameter): Name = "Fastening Type"; Value = "-"; VariantName = "[No Variations]"
Add component (AddParameter): Name = "Insulation Color"; Value = "-"; VariantName = "[No Variations]"
Add component (AddParameter): Name = "Manufacturer"; Value = "-"; VariantName = "[No Variations]"
Add component (AddParameter): Name = "Manufacturer P/N"; Value = "-"; VariantName = "[No Variations]"
Add component (AddParameter): Name = "Material Flammability Rating"; Value = "-"; VariantName = "[No Variations]"
Add component (AddParameter): Name = "Mounting Type"; Value = "Surface Mount"; VariantName = "[No Variations]"
Add component (AddParameter): Name = "Number of Positions"; Value = "1"; VariantName = "[No Variations]"
Add component (AddParameter): Name = "Number of Positions Loaded"; Value = "All"; VariantName = "[No Variations]"
Add component (AddParameter): Name = "Operating Temperature"; Value = "-"; VariantName = "[No Variations]"
Add component (AddParameter): Name = "Package"; Value = "-"; VariantName = "[No Variations]"
Add component (AddParameter): Name = "Part Type"; Value = "Header"; VariantName = "[No Variations]"
Add component (AddParameter): Name = "Pitch - Mating"; Value = "-"; VariantName = "[No Variations]"
Add component (AddParameter): Name = "Style"; Value = "Pad"; VariantName = "[No Variations]"
Add component (AddParameter): Name = "Supplier1"; Value = "-"; VariantName = "[No Variations]"
Add component (AddParameter): Name = "Supplier1 P/N"; Value = "-"; VariantName = "[No Variations]"
Add component (AddParameter): Name = "Supplier2"; Value = "-"; VariantName = "[No Variations]"
Add component (AddParameter): Name = "Supplier2 P/N"; Value = "-"; VariantName = "[No Variations]"
Add component (AddParameter): Name = "VALUE"; Value = "Test Point"; VariantName = "[No Variations]"
Add component (AddParameter): Name = "Voltage Rating"; Value = "-"; VariantName = "[No Variations]"
Added Component: Designator=J22(TEST POINT)
Add component (AddParameter): Name = "Connector Type"; Value = "Pad"; VariantName = "[No Variations]"
Add component (AddParameter): Name = "Contact Finish - Mating"; Value = "Gold"; VariantName = "[No Variations]"
Add component (AddParameter): Name = "Contact Type"; Value = "Pad"; VariantName = "[No Variations]"
Add component (AddParameter): Name = "Current Rating (Amps)"; Value = "-"; VariantName = "[No Variations]"
Add component (AddParameter): Name = "Device ID"; Value = "CON00015"; VariantName = "[No Variations]"
Add component (AddParameter): Name = "Fastening Type"; Value = "-"; VariantName = "[No Variations]"
Add component (AddParameter): Name = "Insulation Color"; Value = "-"; VariantName = "[No Variations]"
Add component (AddParameter): Name = "Manufacturer"; Value = "-"; VariantName = "[No Variations]"
Add component (AddParameter): Name = "Manufacturer P/N"; Value = "-"; VariantName = "[No Variations]"
Add component (AddParameter): Name = "Material Flammability Rating"; Value = "-"; VariantName = "[No Variations]"
Add component (AddParameter): Name = "Mounting Type"; Value = "Surface Mount"; VariantName = "[No Variations]"
Add component (AddParameter): Name = "Number of Positions"; Value = "1"; VariantName = "[No Variations]"
Add component (AddParameter): Name = "Number of Positions Loaded"; Value = "All"; VariantName = "[No Variations]"
Add component (AddParameter): Name = "Operating Temperature"; Value = "-"; VariantName = "[No Variations]"
Add component (AddParameter): Name = "Package"; Value = "-"; VariantName = "[No Variations]"
Add component (AddParameter): Name = "Part Type"; Value = "Header"; VariantName = "[No Variations]"
Add component (AddParameter): Name = "Pitch - Mating"; Value = "-"; VariantName = "[No Variations]"
Add component (AddParameter): Name = "Style"; Value = "Pad"; VariantName = "[No Variations]"
Add component (AddParameter): Name = "Supplier1"; Value = "-"; VariantName = "[No Variations]"
Add component (AddParameter): Name = "Supplier1 P/N"; Value = "-"; VariantName = "[No Variations]"
Add component (AddParameter): Name = "Supplier2"; Value = "-"; VariantName = "[No Variations]"
Add component (AddParameter): Name = "Supplier2 P/N"; Value = "-"; VariantName = "[No Variations]"
Add component (AddParameter): Name = "VALUE"; Value = "Test Point"; VariantName = "[No Variations]"
Add component (AddParameter): Name = "Voltage Rating"; Value = "-"; VariantName = "[No Variations]"
Added Component: Designator=J24(TEST POINT)
Add component (AddParameter): Name = "Connector Type"; Value = "Pad"; VariantName = "[No Variations]"
Add component (AddParameter): Name = "Contact Finish - Mating"; Value = "Gold"; VariantName = "[No Variations]"
Add component (AddParameter): Name = "Contact Type"; Value = "Pad"; VariantName = "[No Variations]"
Add component (AddParameter): Name = "Current Rating (Amps)"; Value = "-"; VariantName = "[No Variations]"
Add component (AddParameter): Name = "Device ID"; Value = "CON00015"; VariantName = "[No Variations]"
Add component (AddParameter): Name = "Fastening Type"; Value = "-"; VariantName = "[No Variations]"
Add component (AddParameter): Name = "Insulation Color"; Value = "-"; VariantName = "[No Variations]"
Add component (AddParameter): Name = "Manufacturer"; Value = "-"; VariantName = "[No Variations]"
Add component (AddParameter): Name = "Manufacturer P/N"; Value = "-"; VariantName = "[No Variations]"
Add component (AddParameter): Name = "Material Flammability Rating"; Value = "-"; VariantName = "[No Variations]"
Add component (AddParameter): Name = "Mounting Type"; Value = "Surface Mount"; VariantName = "[No Variations]"
Add component (AddParameter): Name = "Number of Positions"; Value = "1"; VariantName = "[No Variations]"
Add component (AddParameter): Name = "Number of Positions Loaded"; Value = "All"; VariantName = "[No Variations]"
Add component (AddParameter): Name = "Operating Temperature"; Value = "-"; VariantName = "[No Variations]"
Add component (AddParameter): Name = "Package"; Value = "-"; VariantName = "[No Variations]"
Add component (AddParameter): Name = "Part Type"; Value = "Header"; VariantName = "[No Variations]"
Add component (AddParameter): Name = "Pitch - Mating"; Value = "-"; VariantName = "[No Variations]"
Add component (AddParameter): Name = "Style"; Value = "Pad"; VariantName = "[No Variations]"
Add component (AddParameter): Name = "Supplier1"; Value = "-"; VariantName = "[No Variations]"
Add component (AddParameter): Name = "Supplier1 P/N"; Value = "-"; VariantName = "[No Variations]"
Add component (AddParameter): Name = "Supplier2"; Value = "-"; VariantName = "[No Variations]"
Add component (AddParameter): Name = "Supplier2 P/N"; Value = "-"; VariantName = "[No Variations]"
Add component (AddParameter): Name = "VALUE"; Value = "Test Point"; VariantName = "[No Variations]"
Add component (AddParameter): Name = "Voltage Rating"; Value = "-"; VariantName = "[No Variations]"
Added Component: Designator=J27(TEST POINT)
Add component (AddParameter): Name = "Connector Type"; Value = "Pad"; VariantName = "[No Variations]"
Add component (AddParameter): Name = "Contact Finish - Mating"; Value = "Gold"; VariantName = "[No Variations]"
Add component (AddParameter): Name = "Contact Type"; Value = "Pad"; VariantName = "[No Variations]"
Add component (AddParameter): Name = "Current Rating (Amps)"; Value = "-"; VariantName = "[No Variations]"
Add component (AddParameter): Name = "Device ID"; Value = "CON00015"; VariantName = "[No Variations]"
Add component (AddParameter): Name = "Fastening Type"; Value = "-"; VariantName = "[No Variations]"
Add component (AddParameter): Name = "Insulation Color"; Value = "-"; VariantName = "[No Variations]"
Add component (AddParameter): Name = "Manufacturer"; Value = "-"; VariantName = "[No Variations]"
Add component (AddParameter): Name = "Manufacturer P/N"; Value = "-"; VariantName = "[No Variations]"
Add component (AddParameter): Name = "Material Flammability Rating"; Value = "-"; VariantName = "[No Variations]"
Add component (AddParameter): Name = "Mounting Type"; Value = "Surface Mount"; VariantName = "[No Variations]"
Add component (AddParameter): Name = "Number of Positions"; Value = "1"; VariantName = "[No Variations]"
Add component (AddParameter): Name = "Number of Positions Loaded"; Value = "All"; VariantName = "[No Variations]"
Add component (AddParameter): Name = "Operating Temperature"; Value = "-"; VariantName = "[No Variations]"
Add component (AddParameter): Name = "Package"; Value = "-"; VariantName = "[No Variations]"
Add component (AddParameter): Name = "Part Type"; Value = "Header"; VariantName = "[No Variations]"
Add component (AddParameter): Name = "Pitch - Mating"; Value = "-"; VariantName = "[No Variations]"
Add component (AddParameter): Name = "Style"; Value = "Pad"; VariantName = "[No Variations]"
Add component (AddParameter): Name = "Supplier1"; Value = "-"; VariantName = "[No Variations]"
Add component (AddParameter): Name = "Supplier1 P/N"; Value = "-"; VariantName = "[No Variations]"
Add component (AddParameter): Name = "Supplier2"; Value = "-"; VariantName = "[No Variations]"
Add component (AddParameter): Name = "Supplier2 P/N"; Value = "-"; VariantName = "[No Variations]"
Add component (AddParameter): Name = "VALUE"; Value = "Test Point"; VariantName = "[No Variations]"
Add component (AddParameter): Name = "Voltage Rating"; Value = "-"; VariantName = "[No Variations]"
Added Component: Designator=J30(TEST POINT)
Add component (AddParameter): Name = "Connector Type"; Value = "Pad"; VariantName = "[No Variations]"
Add component (AddParameter): Name = "Contact Finish - Mating"; Value = "Gold"; VariantName = "[No Variations]"
Add component (AddParameter): Name = "Contact Type"; Value = "Pad"; VariantName = "[No Variations]"
Add component (AddParameter): Name = "Current Rating (Amps)"; Value = "-"; VariantName = "[No Variations]"
Add component (AddParameter): Name = "Device ID"; Value = "CON00015"; VariantName = "[No Variations]"
Add component (AddParameter): Name = "Fastening Type"; Value = "-"; VariantName = "[No Variations]"
Add component (AddParameter): Name = "Insulation Color"; Value = "-"; VariantName = "[No Variations]"
Add component (AddParameter): Name = "Manufacturer"; Value = "-"; VariantName = "[No Variations]"
Add component (AddParameter): Name = "Manufacturer P/N"; Value = "-"; VariantName = "[No Variations]"
Add component (AddParameter): Name = "Material Flammability Rating"; Value = "-"; VariantName = "[No Variations]"
Add component (AddParameter): Name = "Mounting Type"; Value = "Surface Mount"; VariantName = "[No Variations]"
Add component (AddParameter): Name = "Number of Positions"; Value = "1"; VariantName = "[No Variations]"
Add component (AddParameter): Name = "Number of Positions Loaded"; Value = "All"; VariantName = "[No Variations]"
Add component (AddParameter): Name = "Operating Temperature"; Value = "-"; VariantName = "[No Variations]"
Add component (AddParameter): Name = "Package"; Value = "-"; VariantName = "[No Variations]"
Add component (AddParameter): Name = "Part Type"; Value = "Header"; VariantName = "[No Variations]"
Add component (AddParameter): Name = "Pitch - Mating"; Value = "-"; VariantName = "[No Variations]"
Add component (AddParameter): Name = "Style"; Value = "Pad"; VariantName = "[No Variations]"
Add component (AddParameter): Name = "Supplier1"; Value = "-"; VariantName = "[No Variations]"
Add component (AddParameter): Name = "Supplier1 P/N"; Value = "-"; VariantName = "[No Variations]"
Add component (AddParameter): Name = "Supplier2"; Value = "-"; VariantName = "[No Variations]"
Add component (AddParameter): Name = "Supplier2 P/N"; Value = "-"; VariantName = "[No Variations]"
Add component (AddParameter): Name = "VALUE"; Value = "Test Point"; VariantName = "[No Variations]"
Add component (AddParameter): Name = "Voltage Rating"; Value = "-"; VariantName = "[No Variations]"
Added Component: Designator=J32(TEST POINT)
Add component (AddParameter): Name = "Connector Type"; Value = "Pad"; VariantName = "[No Variations]"
Add component (AddParameter): Name = "Contact Finish - Mating"; Value = "Gold"; VariantName = "[No Variations]"
Add component (AddParameter): Name = "Contact Type"; Value = "Pad"; VariantName = "[No Variations]"
Add component (AddParameter): Name = "Current Rating (Amps)"; Value = "-"; VariantName = "[No Variations]"
Add component (AddParameter): Name = "Device ID"; Value = "CON00015"; VariantName = "[No Variations]"
Add component (AddParameter): Name = "Fastening Type"; Value = "-"; VariantName = "[No Variations]"
Add component (AddParameter): Name = "Insulation Color"; Value = "-"; VariantName = "[No Variations]"
Add component (AddParameter): Name = "Manufacturer"; Value = "-"; VariantName = "[No Variations]"
Add component (AddParameter): Name = "Manufacturer P/N"; Value = "-"; VariantName = "[No Variations]"
Add component (AddParameter): Name = "Material Flammability Rating"; Value = "-"; VariantName = "[No Variations]"
Add component (AddParameter): Name = "Mounting Type"; Value = "Surface Mount"; VariantName = "[No Variations]"
Add component (AddParameter): Name = "Number of Positions"; Value = "1"; VariantName = "[No Variations]"
Add component (AddParameter): Name = "Number of Positions Loaded"; Value = "All"; VariantName = "[No Variations]"
Add component (AddParameter): Name = "Operating Temperature"; Value = "-"; VariantName = "[No Variations]"
Add component (AddParameter): Name = "Package"; Value = "-"; VariantName = "[No Variations]"
Add component (AddParameter): Name = "Part Type"; Value = "Header"; VariantName = "[No Variations]"
Add component (AddParameter): Name = "Pitch - Mating"; Value = "-"; VariantName = "[No Variations]"
Add component (AddParameter): Name = "Style"; Value = "Pad"; VariantName = "[No Variations]"
Add component (AddParameter): Name = "Supplier1"; Value = "-"; VariantName = "[No Variations]"
Add component (AddParameter): Name = "Supplier1 P/N"; Value = "-"; VariantName = "[No Variations]"
Add component (AddParameter): Name = "Supplier2"; Value = "-"; VariantName = "[No Variations]"
Add component (AddParameter): Name = "Supplier2 P/N"; Value = "-"; VariantName = "[No Variations]"
Add component (AddParameter): Name = "VALUE"; Value = "Test Point"; VariantName = "[No Variations]"
Add component (AddParameter): Name = "Voltage Rating"; Value = "-"; VariantName = "[No Variations]"
Added Component: Designator=J36(TEST POINT)
Add component (AddParameter): Name = "Connector Type"; Value = "Pad"; VariantName = "[No Variations]"
Add component (AddParameter): Name = "Contact Finish - Mating"; Value = "Gold"; VariantName = "[No Variations]"
Add component (AddParameter): Name = "Contact Type"; Value = "Pad"; VariantName = "[No Variations]"
Add component (AddParameter): Name = "Current Rating (Amps)"; Value = "-"; VariantName = "[No Variations]"
Add component (AddParameter): Name = "Device ID"; Value = "CON00015"; VariantName = "[No Variations]"
Add component (AddParameter): Name = "Fastening Type"; Value = "-"; VariantName = "[No Variations]"
Add component (AddParameter): Name = "Insulation Color"; Value = "-"; VariantName = "[No Variations]"
Add component (AddParameter): Name = "Manufacturer"; Value = "-"; VariantName = "[No Variations]"
Add component (AddParameter): Name = "Manufacturer P/N"; Value = "-"; VariantName = "[No Variations]"
Add component (AddParameter): Name = "Material Flammability Rating"; Value = "-"; VariantName = "[No Variations]"
Add component (AddParameter): Name = "Mounting Type"; Value = "Surface Mount"; VariantName = "[No Variations]"
Add component (AddParameter): Name = "Number of Positions"; Value = "1"; VariantName = "[No Variations]"
Add component (AddParameter): Name = "Number of Positions Loaded"; Value = "All"; VariantName = "[No Variations]"
Add component (AddParameter): Name = "Operating Temperature"; Value = "-"; VariantName = "[No Variations]"
Add component (AddParameter): Name = "Package"; Value = "-"; VariantName = "[No Variations]"
Add component (AddParameter): Name = "Part Type"; Value = "Header"; VariantName = "[No Variations]"
Add component (AddParameter): Name = "Pitch - Mating"; Value = "-"; VariantName = "[No Variations]"
Add component (AddParameter): Name = "Style"; Value = "Pad"; VariantName = "[No Variations]"
Add component (AddParameter): Name = "Supplier1"; Value = "-"; VariantName = "[No Variations]"
Add component (AddParameter): Name = "Supplier1 P/N"; Value = "-"; VariantName = "[No Variations]"
Add component (AddParameter): Name = "Supplier2"; Value = "-"; VariantName = "[No Variations]"
Add component (AddParameter): Name = "Supplier2 P/N"; Value = "-"; VariantName = "[No Variations]"
Add component (AddParameter): Name = "VALUE"; Value = "Test Point"; VariantName = "[No Variations]"
Add component (AddParameter): Name = "Voltage Rating"; Value = "-"; VariantName = "[No Variations]"
Added Component: Designator=J42(TEST POINT)
Add component (AddParameter): Name = "Connector Type"; Value = "Pad"; VariantName = "[No Variations]"
Add component (AddParameter): Name = "Contact Finish - Mating"; Value = "Gold"; VariantName = "[No Variations]"
Add component (AddParameter): Name = "Contact Type"; Value = "Pad"; VariantName = "[No Variations]"
Add component (AddParameter): Name = "Current Rating (Amps)"; Value = "-"; VariantName = "[No Variations]"
Add component (AddParameter): Name = "Device ID"; Value = "CON00015"; VariantName = "[No Variations]"
Add component (AddParameter): Name = "Fastening Type"; Value = "-"; VariantName = "[No Variations]"
Add component (AddParameter): Name = "Insulation Color"; Value = "-"; VariantName = "[No Variations]"
Add component (AddParameter): Name = "Manufacturer"; Value = "-"; VariantName = "[No Variations]"
Add component (AddParameter): Name = "Manufacturer P/N"; Value = "-"; VariantName = "[No Variations]"
Add component (AddParameter): Name = "Material Flammability Rating"; Value = "-"; VariantName = "[No Variations]"
Add component (AddParameter): Name = "Mounting Type"; Value = "Surface Mount"; VariantName = "[No Variations]"
Add component (AddParameter): Name = "Number of Positions"; Value = "1"; VariantName = "[No Variations]"
Add component (AddParameter): Name = "Number of Positions Loaded"; Value = "All"; VariantName = "[No Variations]"
Add component (AddParameter): Name = "Operating Temperature"; Value = "-"; VariantName = "[No Variations]"
Add component (AddParameter): Name = "Package"; Value = "-"; VariantName = "[No Variations]"
Add component (AddParameter): Name = "Part Type"; Value = "Header"; VariantName = "[No Variations]"
Add component (AddParameter): Name = "Pitch - Mating"; Value = "-"; VariantName = "[No Variations]"
Add component (AddParameter): Name = "Style"; Value = "Pad"; VariantName = "[No Variations]"
Add component (AddParameter): Name = "Supplier1"; Value = "-"; VariantName = "[No Variations]"
Add component (AddParameter): Name = "Supplier1 P/N"; Value = "-"; VariantName = "[No Variations]"
Add component (AddParameter): Name = "Supplier2"; Value = "-"; VariantName = "[No Variations]"
Add component (AddParameter): Name = "Supplier2 P/N"; Value = "-"; VariantName = "[No Variations]"
Add component (AddParameter): Name = "VALUE"; Value = "Test Point"; VariantName = "[No Variations]"
Add component (AddParameter): Name = "Voltage Rating"; Value = "-"; VariantName = "[No Variations]"
Added Component: Designator=J43(TEST POINT)
Add component (AddParameter): Name = "Connector Type"; Value = "Pad"; VariantName = "[No Variations]"
Add component (AddParameter): Name = "Contact Finish - Mating"; Value = "Gold"; VariantName = "[No Variations]"
Add component (AddParameter): Name = "Contact Type"; Value = "Pad"; VariantName = "[No Variations]"
Add component (AddParameter): Name = "Current Rating (Amps)"; Value = "-"; VariantName = "[No Variations]"
Add component (AddParameter): Name = "Device ID"; Value = "CON00015"; VariantName = "[No Variations]"
Add component (AddParameter): Name = "Fastening Type"; Value = "-"; VariantName = "[No Variations]"
Add component (AddParameter): Name = "Insulation Color"; Value = "-"; VariantName = "[No Variations]"
Add component (AddParameter): Name = "Manufacturer"; Value = "-"; VariantName = "[No Variations]"
Add component (AddParameter): Name = "Manufacturer P/N"; Value = "-"; VariantName = "[No Variations]"
Add component (AddParameter): Name = "Material Flammability Rating"; Value = "-"; VariantName = "[No Variations]"
Add component (AddParameter): Name = "Mounting Type"; Value = "Surface Mount"; VariantName = "[No Variations]"
Add component (AddParameter): Name = "Number of Positions"; Value = "1"; VariantName = "[No Variations]"
Add component (AddParameter): Name = "Number of Positions Loaded"; Value = "All"; VariantName = "[No Variations]"
Add component (AddParameter): Name = "Operating Temperature"; Value = "-"; VariantName = "[No Variations]"
Add component (AddParameter): Name = "Package"; Value = "-"; VariantName = "[No Variations]"
Add component (AddParameter): Name = "Part Type"; Value = "Header"; VariantName = "[No Variations]"
Add component (AddParameter): Name = "Pitch - Mating"; Value = "-"; VariantName = "[No Variations]"
Add component (AddParameter): Name = "Style"; Value = "Pad"; VariantName = "[No Variations]"
Add component (AddParameter): Name = "Supplier1"; Value = "-"; VariantName = "[No Variations]"
Add component (AddParameter): Name = "Supplier1 P/N"; Value = "-"; VariantName = "[No Variations]"
Add component (AddParameter): Name = "Supplier2"; Value = "-"; VariantName = "[No Variations]"
Add component (AddParameter): Name = "Supplier2 P/N"; Value = "-"; VariantName = "[No Variations]"
Add component (AddParameter): Name = "VALUE"; Value = "Test Point"; VariantName = "[No Variations]"
Add component (AddParameter): Name = "Voltage Rating"; Value = "-"; VariantName = "[No Variations]"
Added Component: Designator=J45(TEST POINT)
Add component (AddParameter): Name = "Connector Type"; Value = "Pad"; VariantName = "[No Variations]"
Add component (AddParameter): Name = "Contact Finish - Mating"; Value = "Gold"; VariantName = "[No Variations]"
Add component (AddParameter): Name = "Contact Type"; Value = "Pad"; VariantName = "[No Variations]"
Add component (AddParameter): Name = "Current Rating (Amps)"; Value = "-"; VariantName = "[No Variations]"
Add component (AddParameter): Name = "Device ID"; Value = "CON00015"; VariantName = "[No Variations]"
Add component (AddParameter): Name = "Fastening Type"; Value = "-"; VariantName = "[No Variations]"
Add component (AddParameter): Name = "Insulation Color"; Value = "-"; VariantName = "[No Variations]"
Add component (AddParameter): Name = "Manufacturer"; Value = "-"; VariantName = "[No Variations]"
Add component (AddParameter): Name = "Manufacturer P/N"; Value = "-"; VariantName = "[No Variations]"
Add component (AddParameter): Name = "Material Flammability Rating"; Value = "-"; VariantName = "[No Variations]"
Add component (AddParameter): Name = "Mounting Type"; Value = "Surface Mount"; VariantName = "[No Variations]"
Add component (AddParameter): Name = "Number of Positions"; Value = "1"; VariantName = "[No Variations]"
Add component (AddParameter): Name = "Number of Positions Loaded"; Value = "All"; VariantName = "[No Variations]"
Add component (AddParameter): Name = "Operating Temperature"; Value = "-"; VariantName = "[No Variations]"
Add component (AddParameter): Name = "Package"; Value = "-"; VariantName = "[No Variations]"
Add component (AddParameter): Name = "Part Type"; Value = "Header"; VariantName = "[No Variations]"
Add component (AddParameter): Name = "Pitch - Mating"; Value = "-"; VariantName = "[No Variations]"
Add component (AddParameter): Name = "Style"; Value = "Pad"; VariantName = "[No Variations]"
Add component (AddParameter): Name = "Supplier1"; Value = "-"; VariantName = "[No Variations]"
Add component (AddParameter): Name = "Supplier1 P/N"; Value = "-"; VariantName = "[No Variations]"
Add component (AddParameter): Name = "Supplier2"; Value = "-"; VariantName = "[No Variations]"
Add component (AddParameter): Name = "Supplier2 P/N"; Value = "-"; VariantName = "[No Variations]"
Add component (AddParameter): Name = "VALUE"; Value = "Test Point"; VariantName = "[No Variations]"
Add component (AddParameter): Name = "Voltage Rating"; Value = "-"; VariantName = "[No Variations]"
Added Component: Designator=J46(TEST POINT)
Add component (AddParameter): Name = "Connector Type"; Value = "Pad"; VariantName = "[No Variations]"
Add component (AddParameter): Name = "Contact Finish - Mating"; Value = "Gold"; VariantName = "[No Variations]"
Add component (AddParameter): Name = "Contact Type"; Value = "Pad"; VariantName = "[No Variations]"
Add component (AddParameter): Name = "Current Rating (Amps)"; Value = "-"; VariantName = "[No Variations]"
Add component (AddParameter): Name = "Device ID"; Value = "CON00015"; VariantName = "[No Variations]"
Add component (AddParameter): Name = "Fastening Type"; Value = "-"; VariantName = "[No Variations]"
Add component (AddParameter): Name = "Insulation Color"; Value = "-"; VariantName = "[No Variations]"
Add component (AddParameter): Name = "Manufacturer"; Value = "-"; VariantName = "[No Variations]"
Add component (AddParameter): Name = "Manufacturer P/N"; Value = "-"; VariantName = "[No Variations]"
Add component (AddParameter): Name = "Material Flammability Rating"; Value = "-"; VariantName = "[No Variations]"
Add component (AddParameter): Name = "Mounting Type"; Value = "Surface Mount"; VariantName = "[No Variations]"
Add component (AddParameter): Name = "Number of Positions"; Value = "1"; VariantName = "[No Variations]"
Add component (AddParameter): Name = "Number of Positions Loaded"; Value = "All"; VariantName = "[No Variations]"
Add component (AddParameter): Name = "Operating Temperature"; Value = "-"; VariantName = "[No Variations]"
Add component (AddParameter): Name = "Package"; Value = "-"; VariantName = "[No Variations]"
Add component (AddParameter): Name = "Part Type"; Value = "Header"; VariantName = "[No Variations]"
Add component (AddParameter): Name = "Pitch - Mating"; Value = "-"; VariantName = "[No Variations]"
Add component (AddParameter): Name = "Style"; Value = "Pad"; VariantName = "[No Variations]"
Add component (AddParameter): Name = "Supplier1"; Value = "-"; VariantName = "[No Variations]"
Add component (AddParameter): Name = "Supplier1 P/N"; Value = "-"; VariantName = "[No Variations]"
Add component (AddParameter): Name = "Supplier2"; Value = "-"; VariantName = "[No Variations]"
Add component (AddParameter): Name = "Supplier2 P/N"; Value = "-"; VariantName = "[No Variations]"
Add component (AddParameter): Name = "VALUE"; Value = "Test Point"; VariantName = "[No Variations]"
Add component (AddParameter): Name = "Voltage Rating"; Value = "-"; VariantName = "[No Variations]"
Added Component: Designator=J47(TEST POINT)
Add component (AddParameter): Name = "Connector Type"; Value = "Pad"; VariantName = "[No Variations]"
Add component (AddParameter): Name = "Contact Finish - Mating"; Value = "Gold"; VariantName = "[No Variations]"
Add component (AddParameter): Name = "Contact Type"; Value = "Pad"; VariantName = "[No Variations]"
Add component (AddParameter): Name = "Current Rating (Amps)"; Value = "-"; VariantName = "[No Variations]"
Add component (AddParameter): Name = "Device ID"; Value = "CON00015"; VariantName = "[No Variations]"
Add component (AddParameter): Name = "Fastening Type"; Value = "-"; VariantName = "[No Variations]"
Add component (AddParameter): Name = "Insulation Color"; Value = "-"; VariantName = "[No Variations]"
Add component (AddParameter): Name = "Manufacturer"; Value = "-"; VariantName = "[No Variations]"
Add component (AddParameter): Name = "Manufacturer P/N"; Value = "-"; VariantName = "[No Variations]"
Add component (AddParameter): Name = "Material Flammability Rating"; Value = "-"; VariantName = "[No Variations]"
Add component (AddParameter): Name = "Mounting Type"; Value = "Surface Mount"; VariantName = "[No Variations]"
Add component (AddParameter): Name = "Number of Positions"; Value = "1"; VariantName = "[No Variations]"
Add component (AddParameter): Name = "Number of Positions Loaded"; Value = "All"; VariantName = "[No Variations]"
Add component (AddParameter): Name = "Operating Temperature"; Value = "-"; VariantName = "[No Variations]"
Add component (AddParameter): Name = "Package"; Value = "-"; VariantName = "[No Variations]"
Add component (AddParameter): Name = "Part Type"; Value = "Header"; VariantName = "[No Variations]"
Add component (AddParameter): Name = "Pitch - Mating"; Value = "-"; VariantName = "[No Variations]"
Add component (AddParameter): Name = "Style"; Value = "Pad"; VariantName = "[No Variations]"
Add component (AddParameter): Name = "Supplier1"; Value = "-"; VariantName = "[No Variations]"
Add component (AddParameter): Name = "Supplier1 P/N"; Value = "-"; VariantName = "[No Variations]"
Add component (AddParameter): Name = "Supplier2"; Value = "-"; VariantName = "[No Variations]"
Add component (AddParameter): Name = "Supplier2 P/N"; Value = "-"; VariantName = "[No Variations]"
Add component (AddParameter): Name = "VALUE"; Value = "Test Point"; VariantName = "[No Variations]"
Add component (AddParameter): Name = "Voltage Rating"; Value = "-"; VariantName = "[No Variations]"
Added Component: Designator=J48(TEST POINT)
Add component (AddParameter): Name = "Connector Type"; Value = "Pad"; VariantName = "[No Variations]"
Add component (AddParameter): Name = "Contact Finish - Mating"; Value = "Gold"; VariantName = "[No Variations]"
Add component (AddParameter): Name = "Contact Type"; Value = "Pad"; VariantName = "[No Variations]"
Add component (AddParameter): Name = "Current Rating (Amps)"; Value = "-"; VariantName = "[No Variations]"
Add component (AddParameter): Name = "Device ID"; Value = "CON00015"; VariantName = "[No Variations]"
Add component (AddParameter): Name = "Fastening Type"; Value = "-"; VariantName = "[No Variations]"
Add component (AddParameter): Name = "Insulation Color"; Value = "-"; VariantName = "[No Variations]"
Add component (AddParameter): Name = "Manufacturer"; Value = "-"; VariantName = "[No Variations]"
Add component (AddParameter): Name = "Manufacturer P/N"; Value = "-"; VariantName = "[No Variations]"
Add component (AddParameter): Name = "Material Flammability Rating"; Value = "-"; VariantName = "[No Variations]"
Add component (AddParameter): Name = "Mounting Type"; Value = "Surface Mount"; VariantName = "[No Variations]"
Add component (AddParameter): Name = "Number of Positions"; Value = "1"; VariantName = "[No Variations]"
Add component (AddParameter): Name = "Number of Positions Loaded"; Value = "All"; VariantName = "[No Variations]"
Add component (AddParameter): Name = "Operating Temperature"; Value = "-"; VariantName = "[No Variations]"
Add component (AddParameter): Name = "Package"; Value = "-"; VariantName = "[No Variations]"
Add component (AddParameter): Name = "Part Type"; Value = "Header"; VariantName = "[No Variations]"
Add component (AddParameter): Name = "Pitch - Mating"; Value = "-"; VariantName = "[No Variations]"
Add component (AddParameter): Name = "Style"; Value = "Pad"; VariantName = "[No Variations]"
Add component (AddParameter): Name = "Supplier1"; Value = "-"; VariantName = "[No Variations]"
Add component (AddParameter): Name = "Supplier1 P/N"; Value = "-"; VariantName = "[No Variations]"
Add component (AddParameter): Name = "Supplier2"; Value = "-"; VariantName = "[No Variations]"
Add component (AddParameter): Name = "Supplier2 P/N"; Value = "-"; VariantName = "[No Variations]"
Add component (AddParameter): Name = "VALUE"; Value = "Test Point"; VariantName = "[No Variations]"
Add component (AddParameter): Name = "Voltage Rating"; Value = "-"; VariantName = "[No Variations]"
Added Component: Designator=J49(TEST POINT)
Add component (AddParameter): Name = "Connector Type"; Value = "Pad"; VariantName = "[No Variations]"
Add component (AddParameter): Name = "Contact Finish - Mating"; Value = "Gold"; VariantName = "[No Variations]"
Add component (AddParameter): Name = "Contact Type"; Value = "Pad"; VariantName = "[No Variations]"
Add component (AddParameter): Name = "Current Rating (Amps)"; Value = "-"; VariantName = "[No Variations]"
Add component (AddParameter): Name = "Device ID"; Value = "CON00015"; VariantName = "[No Variations]"
Add component (AddParameter): Name = "Fastening Type"; Value = "-"; VariantName = "[No Variations]"
Add component (AddParameter): Name = "Insulation Color"; Value = "-"; VariantName = "[No Variations]"
Add component (AddParameter): Name = "Manufacturer"; Value = "-"; VariantName = "[No Variations]"
Add component (AddParameter): Name = "Manufacturer P/N"; Value = "-"; VariantName = "[No Variations]"
Add component (AddParameter): Name = "Material Flammability Rating"; Value = "-"; VariantName = "[No Variations]"
Add component (AddParameter): Name = "Mounting Type"; Value = "Surface Mount"; VariantName = "[No Variations]"
Add component (AddParameter): Name = "Number of Positions"; Value = "1"; VariantName = "[No Variations]"
Add component (AddParameter): Name = "Number of Positions Loaded"; Value = "All"; VariantName = "[No Variations]"
Add component (AddParameter): Name = "Operating Temperature"; Value = "-"; VariantName = "[No Variations]"
Add component (AddParameter): Name = "Package"; Value = "-"; VariantName = "[No Variations]"
Add component (AddParameter): Name = "Part Type"; Value = "Header"; VariantName = "[No Variations]"
Add component (AddParameter): Name = "Pitch - Mating"; Value = "-"; VariantName = "[No Variations]"
Add component (AddParameter): Name = "Style"; Value = "Pad"; VariantName = "[No Variations]"
Add component (AddParameter): Name = "Supplier1"; Value = "-"; VariantName = "[No Variations]"
Add component (AddParameter): Name = "Supplier1 P/N"; Value = "-"; VariantName = "[No Variations]"
Add component (AddParameter): Name = "Supplier2"; Value = "-"; VariantName = "[No Variations]"
Add component (AddParameter): Name = "Supplier2 P/N"; Value = "-"; VariantName = "[No Variations]"
Add component (AddParameter): Name = "VALUE"; Value = "Test Point"; VariantName = "[No Variations]"
Add component (AddParameter): Name = "Voltage Rating"; Value = "-"; VariantName = "[No Variations]"
Added Pin To Net: NetName=NetA1_8 Pin=A1-8
Added Pin To Net: NetName=NetA1_8 Pin=J16-1
Added Net: Name=NetA1_8
Added Pin To Net: NetName=NetA1_9 Pin=A1-9
Added Pin To Net: NetName=NetA1_9 Pin=J19-1
Added Net: Name=NetA1_9
Added Pin To Net: NetName=NetA1_11 Pin=A1-11
Added Pin To Net: NetName=NetA1_11 Pin=J20-1
Added Net: Name=NetA1_11
Added Pin To Net: NetName=NetA1_13 Pin=A1-13
Added Pin To Net: NetName=NetA1_13 Pin=J21-1
Added Net: Name=NetA1_13
Added Pin To Net: NetName=NetA1_17 Pin=A1-17
Added Pin To Net: NetName=NetA1_17 Pin=J22-1
Added Net: Name=NetA1_17
Added Pin To Net: NetName=NetA1_19 Pin=A1-19
Added Pin To Net: NetName=NetA1_19 Pin=J24-1
Added Net: Name=NetA1_19
Added Pin To Net: NetName=NetA1_21 Pin=A1-21
Added Pin To Net: NetName=NetA1_21 Pin=J27-1
Added Net: Name=NetA1_21
Added Pin To Net: NetName=NetA1_23 Pin=A1-23
Added Pin To Net: NetName=NetA1_23 Pin=J30-1
Added Net: Name=NetA1_23
Added Pin To Net: NetName=NetA1_25 Pin=A1-25
Added Pin To Net: NetName=NetA1_25 Pin=J32-1
Added Net: Name=NetA1_25
Added Pin To Net: NetName=NetA1_30 Pin=A1-30
Added Pin To Net: NetName=NetA1_30 Pin=J36-1
Added Net: Name=NetA1_30
Added Pin To Net: NetName=NetA1_31 Pin=A1-31
Added Pin To Net: NetName=NetA1_31 Pin=J42-1
Added Net: Name=NetA1_31
Added Pin To Net: NetName=NetA1_39 Pin=A1-39
Added Pin To Net: NetName=NetA1_39 Pin=J43-1
Added Net: Name=NetA1_39
Added Pin To Net: NetName=NetA1_40 Pin=A1-40
Added Pin To Net: NetName=NetA1_40 Pin=J45-1
Added Net: Name=NetA1_40
Added Pin To Net: NetName=NetA1_43 Pin=A1-43
Added Pin To Net: NetName=NetA1_43 Pin=J46-1
Added Net: Name=NetA1_43
Added Pin To Net: NetName=NetA1_45 Pin=A1-45
Added Pin To Net: NetName=NetA1_45 Pin=J47-1
Added Net: Name=NetA1_45
Added Pin To Net: NetName=NetA1_47 Pin=A1-47
Added Pin To Net: NetName=NetA1_47 Pin=J48-1
Added Net: Name=NetA1_47
Added Pin To Net: NetName=NetA1_49 Pin=A1-49
Added Pin To Net: NetName=NetA1_49 Pin=J49-1
Added Net: Name=NetA1_49
Added Member To Class: ClassName=Designator Member=Component J16 TEST POINT
Added Member To Class: ClassName=Designator Member=Component J19 TEST POINT
Added Member To Class: ClassName=Designator Member=Component J20 TEST POINT
Added Member To Class: ClassName=Designator Member=Component J21 TEST POINT
Added Member To Class: ClassName=Designator Member=Component J22 TEST POINT
Added Member To Class: ClassName=Designator Member=Component J24 TEST POINT
Added Member To Class: ClassName=Designator Member=Component J27 TEST POINT
Added Member To Class: ClassName=Designator Member=Component J30 TEST POINT
Added Member To Class: ClassName=Designator Member=Component J32 TEST POINT
Added Member To Class: ClassName=Designator Member=Component J36 TEST POINT
Added Member To Class: ClassName=Designator Member=Component J42 TEST POINT
Added Member To Class: ClassName=Designator Member=Component J43 TEST POINT
Added Member To Class: ClassName=Designator Member=Component J45 TEST POINT
Added Member To Class: ClassName=Designator Member=Component J46 TEST POINT
Added Member To Class: ClassName=Designator Member=Component J47 TEST POINT
Added Member To Class: ClassName=Designator Member=Component J48 TEST POINT
Added Member To Class: ClassName=Designator Member=Component J49 TEST POINT
Added Member To Class: ClassName=Designator Member=Component R69 21.8kO
Added Member To Class: ClassName=Designator Member=Component R72 21.8kO
