Removed Pin From Net: NetName=VDD_3.3 Pin=C101-1
Removed Pin From Net: NetName=GND Pin=C101-2
Removed Pin From Net: NetName=GND Pin=C102-1
Removed Pin From Net: NetName=VDD_3.3 Pin=C102-2
Removed Pin From Net: NetName=GND Pin=C105-2
Removed Pin From Net: NetName=VDD_3.3 Pin=C106-1
Removed Pin From Net: NetName=GND Pin=C106-2
Removed Pin From Net: NetName=NetA1_195 Pin=IC12-7
Removed Pin From Net: NetName=NetA1_194 Pin=IC12-8
Removed Pin From Net: NetName=VDD_3.3 Pin=IC12-12
Removed Pin From Net: NetName=GND Pin=IC12-13
Removed Pin From Net: NetName=NetA1_192 Pin=IC12-16
Removed Pin From Net: NetName=NetA1_191 Pin=IC12-17
Removed Pin From Net: NetName=NetA1_193 Pin=IC12-18
Removed Pin From Net: NetName=NetA1_196 Pin=IC12-19
Removed Pin From Net: NetName=GND Pin=IC12-25
Removed Pin From Net: NetName=VDD_3.3 Pin=IC12-34
Removed Pin From Net: NetName=GND Pin=IC12-36
Removed Pin From Net: NetName=VDD_3.3 Pin=IC12-37
Removed Pin From Net: NetName=VDD_3.3 Pin=IC12-39
Removed Pin From Net: NetName=GND Pin=IC12-48
Removed Pin From Net: NetName=NetA1_195 Pin=R58-1
Removed Pin From Net: NetName=VDD_3.3 Pin=R58-2
Removed Pin From Net: NetName=NetA1_196 Pin=R59-1
Removed Pin From Net: NetName=VDD_3.3 Pin=R59-2
Removed Member From Class: ClassName=Designator Member=J18
Removed Member From Class: ClassName=Designator Member=J19
Removed Member From Class: ClassName=Designator Member=J20
Removed Member From Class: ClassName=Designator Member=J21
Removed Member From Class: ClassName=Designator Member=J22
Removed Member From Class: ClassName=Designator Member=R97
Removed Member From Class: ClassName=Designator Member=R98
Added Component: Designator=C22(CAP 0603_1608)
Add component (AddParameter): Name = "Device ID"; Value = "CAP00007"; VariantName = "[No Variations]"
Add component (AddParameter): Name = "Manufacturer"; Value = "KEMET"; VariantName = "[No Variations]"
Add component (AddParameter): Name = "Manufacturer P/N"; Value = "C0603C105K8RACTU"; VariantName = "[No Variations]"
Add component (AddParameter): Name = "Mounting Type"; Value = "Surface Mount"; VariantName = "[No Variations]"
Add component (AddParameter): Name = "Operating Temperature"; Value = "-55°C ~ 125°C"; VariantName = "[No Variations]"
Add component (AddParameter): Name = "Package"; Value = "0603 (1608 Metric)"; VariantName = "[No Variations]"
Add component (AddParameter): Name = "Part Type"; Value = "Capacitor"; VariantName = "[No Variations]"
Add component (AddParameter): Name = "Supplier1"; Value = "Digi-Key"; VariantName = "[No Variations]"
Add component (AddParameter): Name = "Supplier1 P/N"; Value = "399-11133-1-ND"; VariantName = "[No Variations]"
Add component (AddParameter): Name = "Supplier2"; Value = "Mouser"; VariantName = "[No Variations]"
Add component (AddParameter): Name = "Supplier2 P/N"; Value = "80-C0603C105K8R"; VariantName = "[No Variations]"
Add component (AddParameter): Name = "Temperature Coefficient"; Value = "X7R"; VariantName = "[No Variations]"
Add component (AddParameter): Name = "Tolerance"; Value = "±10%"; VariantName = "[No Variations]"
Add component (AddParameter): Name = "VALUE"; Value = "1µF"; VariantName = "[No Variations]"
Add component (AddParameter): Name = "Voltage"; Value = "10V"; VariantName = "[No Variations]"
Added Component: Designator=IC5(MICROCHIP SOIC-8 150mil Wide)
Add component (AddParameter): Name = "Clock Frequency"; Value = "40MHz"; VariantName = "[No Variations]"
Add component (AddParameter): Name = "Device ID"; Value = "MEM00002"; VariantName = "[No Variations]"
Add component (AddParameter): Name = "Manufacturer"; Value = "Microchip Technology"; VariantName = "[No Variations]"
Add component (AddParameter): Name = "Manufacturer P/N"; Value = "SST25PF040CT-40E/SN"; VariantName = "[No Variations]"
Add component (AddParameter): Name = "Memory Format"; Value = "FLASH"; VariantName = "[No Variations]"
Add component (AddParameter): Name = "Memory Interface"; Value = "SPI"; VariantName = "[No Variations]"
Add component (AddParameter): Name = "Memory Size"; Value = "16Mb (512K x 8)"; VariantName = "[No Variations]"
Add component (AddParameter): Name = "Memory Type"; Value = "Non-Volatile"; VariantName = "[No Variations]"
Add component (AddParameter): Name = "Mounting Type"; Value = "Surface Mount"; VariantName = "[No Variations]"
Add component (AddParameter): Name = "Operating Temperature"; Value = "-40°C ~ 125°C (TA)"; VariantName = "[No Variations]"
Add component (AddParameter): Name = "Package"; Value = "8-SOIC"; VariantName = "[No Variations]"
Add component (AddParameter): Name = "Part Type"; Value = "IC"; VariantName = "[No Variations]"
Add component (AddParameter): Name = "Supplier1"; Value = "Mouser"; VariantName = "[No Variations]"
Add component (AddParameter): Name = "Supplier1 P/N"; Value = "579-T26VF016BT-80ESN 
SST26VF016BT-80E/SN"; VariantName = "[No Variations]"
Add component (AddParameter): Name = "Technology"; Value = "FLASH"; VariantName = "[No Variations]"
Add component (AddParameter): Name = "VALUE"; Value = "16Mbit Memory"; VariantName = "[No Variations]"
Add component (AddParameter): Name = "Voltage - Supply"; Value = "2.3V ~ 3.6V"; VariantName = "[No Variations]"
Add component (AddParameter): Name = "Write Cycle Time - Word, Page"; Value = "5ms"; VariantName = "[No Variations]"
Added Pin To Net: NetName=VDD_3.3 Pin=C22-2
Added Pin To Net: NetName=NetA1_191 Pin=IC5-1
Added Pin To Net: NetName=NetA1_126 Pin=IC5-2
Added Pin To Net: NetName=NetA1_193 Pin=IC5-3
Added Pin To Net: NetName=GND Pin=IC5-4
Added Pin To Net: NetName=NetA1_124 Pin=IC5-5
Added Pin To Net: NetName=NetA1_128 Pin=IC5-6
Added Pin To Net: NetName=NetA1_192 Pin=IC5-7
Added Pin To Net: NetName=VDD_3.3 Pin=IC5-8
Added Pin To Net: NetName=NetA1_196 Pin=IC9-1
Added Pin To Net: NetName=NetA1_126 Pin=IC9-2
Added Pin To Net: NetName=NetA1_194 Pin=IC9-3
Added Pin To Net: NetName=NetA1_124 Pin=IC9-5
Added Pin To Net: NetName=NetA1_128 Pin=IC9-6
Added Pin To Net: NetName=NetA1_195 Pin=IC9-7
Added Pin To Net: NetName=NetA1_196 Pin=J17-1
Added Pin To Net: NetName=NetC22_1 Pin=C22-1
Added Pin To Net: NetName=NetC22_1 Pin=C105-2
Added Net: Name=NetC22_1
