Removed Pin From Net: NetName=NetA1_14 Pin=J4-1
Removed Pin From Net: NetName=NetA1_48 Pin=J5-1
Removed Pin From Net: NetName=NetA1_50 Pin=J6-1
Removed Pin From Net: NetName=NetA1_96 Pin=J7-1
Removed Pin From Net: NetName=NetA1_94 Pin=J8-1
Removed Pin From Net: NetName=NetA1_16 Pin=J9-1
Removed Pin From Net: NetName=NetA1_18 Pin=J10-1
Removed Pin From Net: NetName=NetA1_120 Pin=J12-1
Removed Pin From Net: NetName=NetA1_126 Pin=J34-1
Removed Pin From Net: NetName=NetA1_128 Pin=J37-1
Removed Pin From Net: NetName=NetA1_124 Pin=J39-1
Removed Member From Class: ClassName=Designator Member=J29
Removed Member From Class: ClassName=Designator Member=J31
Removed Member From Class: ClassName=Designator Member=J34
Removed Member From Class: ClassName=Designator Member=J37
Removed Member From Class: ClassName=Designator Member=J39
Change Component Footprint: Designator=J4 Old Footprint=TEST POINT New Footprint=1PINTHRU
Change Component Footprint: Designator=J5 Old Footprint=TEST POINT New Footprint=1PINTHRU
Change Component Footprint: Designator=J6 Old Footprint=TEST POINT New Footprint=1PINTHRU
Change Component Footprint: Designator=J7 Old Footprint=TEST POINT New Footprint=1PINTHRU
Change Component Footprint: Designator=J8 Old Footprint=TEST POINT New Footprint=1PINTHRU
Change Component Footprint: Designator=J9 Old Footprint=TEST POINT New Footprint=1PINTHRU
Change Component Footprint: Designator=J10 Old Footprint=TEST POINT New Footprint=1PINTHRU
Change Component Footprint: Designator=J12 Old Footprint=TEST POINT New Footprint=1PINTHRU
Change Component Comment : Designator=J4 Old Comment=TEST POINT New Comment=1 Pin
Change Component Comment : Designator=J5 Old Comment=TEST POINT New Comment=1 Pin
Change Component Comment : Designator=J6 Old Comment=TEST POINT New Comment=1 Pin
Change Component Comment : Designator=J7 Old Comment=TEST POINT New Comment=1 Pin
Change Component Comment : Designator=J8 Old Comment=TEST POINT New Comment=1 Pin
Change Component Comment : Designator=J9 Old Comment=TEST POINT New Comment=1 Pin
Change Component Comment : Designator=J10 Old Comment=TEST POINT New Comment=1 Pin
Change Component Comment : Designator=J12 Old Comment=TEST POINT New Comment=1 Pin
Change component parameters: Designator = "J4" ("J4"); Footprint = "TEST POINT"; UniqueID = "\RAYGIIMQ\WOQFDERB\OIMUCPQM" ("\RAYGIIMQ\WOQFDERB\OIMUCPQM")
Change component parameters (AddParameter): Name = "Connector Type"; Value = "Center Strip Contacts"; VariantName = "[No Variations]"
Change component parameters (AddParameter): Name = "Contact Finish - Mating"; Value = "Tin"; VariantName = "[No Variations]"
Change component parameters (AddParameter): Name = "Contact Type"; Value = "Pins"; VariantName = "[No Variations]"
Change component parameters (AddParameter): Name = "Current Rating (Amps)"; Value = "-"; VariantName = "[No Variations]"
Change component parameters (AddParameter): Name = "Device ID"; Value = "CON00017"; VariantName = "[No Variations]"
Change component parameters (AddParameter): Name = "Fastening Type"; Value = "-"; VariantName = "[No Variations]"
Change component parameters (AddParameter): Name = "Insulation Color"; Value = "-"; VariantName = "[No Variations]"
Change component parameters (AddParameter): Name = "Material Flammability Rating"; Value = "-"; VariantName = "[No Variations]"
Change component parameters (AddParameter): Name = "Mounting Type"; Value = "Surface Mount"; VariantName = "[No Variations]"
Change component parameters (AddParameter): Name = "Number of Positions"; Value = "1"; VariantName = "[No Variations]"
Change component parameters (AddParameter): Name = "Number of Positions Loaded"; Value = "All"; VariantName = "[No Variations]"
Change component parameters (AddParameter): Name = "Package"; Value = "N/A"; VariantName = "[No Variations]"
Change component parameters (AddParameter): Name = "Part Type"; Value = "Header"; VariantName = "[No Variations]"
Change component parameters (AddParameter): Name = "Pitch - Mating"; Value = "-"; VariantName = "[No Variations]"
Change component parameters (AddParameter): Name = "Style"; Value = "Board to Board"; VariantName = "[No Variations]"
Change component parameters (AddParameter): Name = "Supplier1"; Value = "-"; VariantName = "[No Variations]"
Change component parameters (AddParameter): Name = "Supplier1 P/N"; Value = "-"; VariantName = "[No Variations]"
Change component parameters (AddParameter): Name = "Supplier2"; Value = "-"; VariantName = "[No Variations]"
Change component parameters (AddParameter): Name = "Supplier2 P/N"; Value = "-"; VariantName = "[No Variations]"
Change component parameters (AddParameter): Name = "VALUE"; Value = "1 Pin Thru"; VariantName = "[No Variations]"
Change component parameters (AddParameter): Name = "Voltage Rating"; Value = "-"; VariantName = "[No Variations]"
Change component parameters: Designator = "J5" ("J5"); Footprint = "TEST POINT"; UniqueID = "\RAYGIIMQ\WOQFDERB\LXFRWURF" ("\RAYGIIMQ\WOQFDERB\LXFRWURF")
Change component parameters (AddParameter): Name = "Connector Type"; Value = "Center Strip Contacts"; VariantName = "[No Variations]"
Change component parameters (AddParameter): Name = "Contact Finish - Mating"; Value = "Tin"; VariantName = "[No Variations]"
Change component parameters (AddParameter): Name = "Contact Type"; Value = "Pins"; VariantName = "[No Variations]"
Change component parameters (AddParameter): Name = "Current Rating (Amps)"; Value = "-"; VariantName = "[No Variations]"
Change component parameters (AddParameter): Name = "Device ID"; Value = "CON00017"; VariantName = "[No Variations]"
Change component parameters (AddParameter): Name = "Fastening Type"; Value = "-"; VariantName = "[No Variations]"
Change component parameters (AddParameter): Name = "Insulation Color"; Value = "-"; VariantName = "[No Variations]"
Change component parameters (AddParameter): Name = "Material Flammability Rating"; Value = "-"; VariantName = "[No Variations]"
Change component parameters (AddParameter): Name = "Mounting Type"; Value = "Surface Mount"; VariantName = "[No Variations]"
Change component parameters (AddParameter): Name = "Number of Positions"; Value = "1"; VariantName = "[No Variations]"
Change component parameters (AddParameter): Name = "Number of Positions Loaded"; Value = "All"; VariantName = "[No Variations]"
Change component parameters (AddParameter): Name = "Package"; Value = "N/A"; VariantName = "[No Variations]"
Change component parameters (AddParameter): Name = "Part Type"; Value = "Header"; VariantName = "[No Variations]"
Change component parameters (AddParameter): Name = "Pitch - Mating"; Value = "-"; VariantName = "[No Variations]"
Change component parameters (AddParameter): Name = "Style"; Value = "Board to Board"; VariantName = "[No Variations]"
Change component parameters (AddParameter): Name = "Supplier1"; Value = "-"; VariantName = "[No Variations]"
Change component parameters (AddParameter): Name = "Supplier1 P/N"; Value = "-"; VariantName = "[No Variations]"
Change component parameters (AddParameter): Name = "Supplier2"; Value = "-"; VariantName = "[No Variations]"
Change component parameters (AddParameter): Name = "Supplier2 P/N"; Value = "-"; VariantName = "[No Variations]"
Change component parameters (AddParameter): Name = "VALUE"; Value = "1 Pin Thru"; VariantName = "[No Variations]"
Change component parameters (AddParameter): Name = "Voltage Rating"; Value = "-"; VariantName = "[No Variations]"
Change component parameters: Designator = "J6" ("J6"); Footprint = "TEST POINT"; UniqueID = "\RAYGIIMQ\WOQFDERB\FQWLHNKM" ("\RAYGIIMQ\WOQFDERB\FQWLHNKM")
Change component parameters (AddParameter): Name = "Connector Type"; Value = "Center Strip Contacts"; VariantName = "[No Variations]"
Change component parameters (AddParameter): Name = "Contact Finish - Mating"; Value = "Tin"; VariantName = "[No Variations]"
Change component parameters (AddParameter): Name = "Contact Type"; Value = "Pins"; VariantName = "[No Variations]"
Change component parameters (AddParameter): Name = "Current Rating (Amps)"; Value = "-"; VariantName = "[No Variations]"
Change component parameters (AddParameter): Name = "Device ID"; Value = "CON00017"; VariantName = "[No Variations]"
Change component parameters (AddParameter): Name = "Fastening Type"; Value = "-"; VariantName = "[No Variations]"
Change component parameters (AddParameter): Name = "Insulation Color"; Value = "-"; VariantName = "[No Variations]"
Change component parameters (AddParameter): Name = "Material Flammability Rating"; Value = "-"; VariantName = "[No Variations]"
Change component parameters (AddParameter): Name = "Mounting Type"; Value = "Surface Mount"; VariantName = "[No Variations]"
Change component parameters (AddParameter): Name = "Number of Positions"; Value = "1"; VariantName = "[No Variations]"
Change component parameters (AddParameter): Name = "Number of Positions Loaded"; Value = "All"; VariantName = "[No Variations]"
Change component parameters (AddParameter): Name = "Package"; Value = "N/A"; VariantName = "[No Variations]"
Change component parameters (AddParameter): Name = "Part Type"; Value = "Header"; VariantName = "[No Variations]"
Change component parameters (AddParameter): Name = "Pitch - Mating"; Value = "-"; VariantName = "[No Variations]"
Change component parameters (AddParameter): Name = "Style"; Value = "Board to Board"; VariantName = "[No Variations]"
Change component parameters (AddParameter): Name = "Supplier1"; Value = "-"; VariantName = "[No Variations]"
Change component parameters (AddParameter): Name = "Supplier1 P/N"; Value = "-"; VariantName = "[No Variations]"
Change component parameters (AddParameter): Name = "Supplier2"; Value = "-"; VariantName = "[No Variations]"
Change component parameters (AddParameter): Name = "Supplier2 P/N"; Value = "-"; VariantName = "[No Variations]"
Change component parameters (AddParameter): Name = "VALUE"; Value = "1 Pin Thru"; VariantName = "[No Variations]"
Change component parameters (AddParameter): Name = "Voltage Rating"; Value = "-"; VariantName = "[No Variations]"
Change component parameters: Designator = "J7" ("J7"); Footprint = "TEST POINT"; UniqueID = "\RAYGIIMQ\WOQFDERB\PUGQQQPX" ("\RAYGIIMQ\WOQFDERB\PUGQQQPX")
Change component parameters (AddParameter): Name = "Connector Type"; Value = "Center Strip Contacts"; VariantName = "[No Variations]"
Change component parameters (AddParameter): Name = "Contact Finish - Mating"; Value = "Tin"; VariantName = "[No Variations]"
Change component parameters (AddParameter): Name = "Contact Type"; Value = "Pins"; VariantName = "[No Variations]"
Change component parameters (AddParameter): Name = "Current Rating (Amps)"; Value = "-"; VariantName = "[No Variations]"
Change component parameters (AddParameter): Name = "Device ID"; Value = "CON00017"; VariantName = "[No Variations]"
Change component parameters (AddParameter): Name = "Fastening Type"; Value = "-"; VariantName = "[No Variations]"
Change component parameters (AddParameter): Name = "Insulation Color"; Value = "-"; VariantName = "[No Variations]"
Change component parameters (AddParameter): Name = "Material Flammability Rating"; Value = "-"; VariantName = "[No Variations]"
Change component parameters (AddParameter): Name = "Mounting Type"; Value = "Surface Mount"; VariantName = "[No Variations]"
Change component parameters (AddParameter): Name = "Number of Positions"; Value = "1"; VariantName = "[No Variations]"
Change component parameters (AddParameter): Name = "Number of Positions Loaded"; Value = "All"; VariantName = "[No Variations]"
Change component parameters (AddParameter): Name = "Package"; Value = "N/A"; VariantName = "[No Variations]"
Change component parameters (AddParameter): Name = "Part Type"; Value = "Header"; VariantName = "[No Variations]"
Change component parameters (AddParameter): Name = "Pitch - Mating"; Value = "-"; VariantName = "[No Variations]"
Change component parameters (AddParameter): Name = "Style"; Value = "Board to Board"; VariantName = "[No Variations]"
Change component parameters (AddParameter): Name = "Supplier1"; Value = "-"; VariantName = "[No Variations]"
Change component parameters (AddParameter): Name = "Supplier1 P/N"; Value = "-"; VariantName = "[No Variations]"
Change component parameters (AddParameter): Name = "Supplier2"; Value = "-"; VariantName = "[No Variations]"
Change component parameters (AddParameter): Name = "Supplier2 P/N"; Value = "-"; VariantName = "[No Variations]"
Change component parameters (AddParameter): Name = "VALUE"; Value = "1 Pin Thru"; VariantName = "[No Variations]"
Change component parameters (AddParameter): Name = "Voltage Rating"; Value = "-"; VariantName = "[No Variations]"
Change component parameters: Designator = "J8" ("J8"); Footprint = "TEST POINT"; UniqueID = "\RAYGIIMQ\WOQFDERB\ZMIJJMSW" ("\RAYGIIMQ\WOQFDERB\ZMIJJMSW")
Change component parameters (AddParameter): Name = "Connector Type"; Value = "Center Strip Contacts"; VariantName = "[No Variations]"
Change component parameters (AddParameter): Name = "Contact Finish - Mating"; Value = "Tin"; VariantName = "[No Variations]"
Change component parameters (AddParameter): Name = "Contact Type"; Value = "Pins"; VariantName = "[No Variations]"
Change component parameters (AddParameter): Name = "Current Rating (Amps)"; Value = "-"; VariantName = "[No Variations]"
Change component parameters (AddParameter): Name = "Device ID"; Value = "CON00017"; VariantName = "[No Variations]"
Change component parameters (AddParameter): Name = "Fastening Type"; Value = "-"; VariantName = "[No Variations]"
Change component parameters (AddParameter): Name = "Insulation Color"; Value = "-"; VariantName = "[No Variations]"
Change component parameters (AddParameter): Name = "Material Flammability Rating"; Value = "-"; VariantName = "[No Variations]"
Change component parameters (AddParameter): Name = "Mounting Type"; Value = "Surface Mount"; VariantName = "[No Variations]"
Change component parameters (AddParameter): Name = "Number of Positions"; Value = "1"; VariantName = "[No Variations]"
Change component parameters (AddParameter): Name = "Number of Positions Loaded"; Value = "All"; VariantName = "[No Variations]"
Change component parameters (AddParameter): Name = "Package"; Value = "N/A"; VariantName = "[No Variations]"
Change component parameters (AddParameter): Name = "Part Type"; Value = "Header"; VariantName = "[No Variations]"
Change component parameters (AddParameter): Name = "Pitch - Mating"; Value = "-"; VariantName = "[No Variations]"
Change component parameters (AddParameter): Name = "Style"; Value = "Board to Board"; VariantName = "[No Variations]"
Change component parameters (AddParameter): Name = "Supplier1"; Value = "-"; VariantName = "[No Variations]"
Change component parameters (AddParameter): Name = "Supplier1 P/N"; Value = "-"; VariantName = "[No Variations]"
Change component parameters (AddParameter): Name = "Supplier2"; Value = "-"; VariantName = "[No Variations]"
Change component parameters (AddParameter): Name = "Supplier2 P/N"; Value = "-"; VariantName = "[No Variations]"
Change component parameters (AddParameter): Name = "VALUE"; Value = "1 Pin Thru"; VariantName = "[No Variations]"
Change component parameters (AddParameter): Name = "Voltage Rating"; Value = "-"; VariantName = "[No Variations]"
Change component parameters: Designator = "J9" ("J9"); Footprint = "TEST POINT"; UniqueID = "\RAYGIIMQ\WOQFDERB\DNVGBIJH" ("\RAYGIIMQ\WOQFDERB\DNVGBIJH")
Change component parameters (AddParameter): Name = "Connector Type"; Value = "Center Strip Contacts"; VariantName = "[No Variations]"
Change component parameters (AddParameter): Name = "Contact Finish - Mating"; Value = "Tin"; VariantName = "[No Variations]"
Change component parameters (AddParameter): Name = "Contact Type"; Value = "Pins"; VariantName = "[No Variations]"
Change component parameters (AddParameter): Name = "Current Rating (Amps)"; Value = "-"; VariantName = "[No Variations]"
Change component parameters (AddParameter): Name = "Device ID"; Value = "CON00017"; VariantName = "[No Variations]"
Change component parameters (AddParameter): Name = "Fastening Type"; Value = "-"; VariantName = "[No Variations]"
Change component parameters (AddParameter): Name = "Insulation Color"; Value = "-"; VariantName = "[No Variations]"
Change component parameters (AddParameter): Name = "Material Flammability Rating"; Value = "-"; VariantName = "[No Variations]"
Change component parameters (AddParameter): Name = "Mounting Type"; Value = "Surface Mount"; VariantName = "[No Variations]"
Change component parameters (AddParameter): Name = "Number of Positions"; Value = "1"; VariantName = "[No Variations]"
Change component parameters (AddParameter): Name = "Number of Positions Loaded"; Value = "All"; VariantName = "[No Variations]"
Change component parameters (AddParameter): Name = "Package"; Value = "N/A"; VariantName = "[No Variations]"
Change component parameters (AddParameter): Name = "Part Type"; Value = "Header"; VariantName = "[No Variations]"
Change component parameters (AddParameter): Name = "Pitch - Mating"; Value = "-"; VariantName = "[No Variations]"
Change component parameters (AddParameter): Name = "Style"; Value = "Board to Board"; VariantName = "[No Variations]"
Change component parameters (AddParameter): Name = "Supplier1"; Value = "-"; VariantName = "[No Variations]"
Change component parameters (AddParameter): Name = "Supplier1 P/N"; Value = "-"; VariantName = "[No Variations]"
Change component parameters (AddParameter): Name = "Supplier2"; Value = "-"; VariantName = "[No Variations]"
Change component parameters (AddParameter): Name = "Supplier2 P/N"; Value = "-"; VariantName = "[No Variations]"
Change component parameters (AddParameter): Name = "VALUE"; Value = "1 Pin Thru"; VariantName = "[No Variations]"
Change component parameters (AddParameter): Name = "Voltage Rating"; Value = "-"; VariantName = "[No Variations]"
Change component parameters: Designator = "J10" ("J10"); Footprint = "TEST POINT"; UniqueID = "\RAYGIIMQ\WOQFDERB\XCWITLHN" ("\RAYGIIMQ\WOQFDERB\XCWITLHN")
Change component parameters (AddParameter): Name = "Connector Type"; Value = "Center Strip Contacts"; VariantName = "[No Variations]"
Change component parameters (AddParameter): Name = "Contact Finish - Mating"; Value = "Tin"; VariantName = "[No Variations]"
Change component parameters (AddParameter): Name = "Contact Type"; Value = "Pins"; VariantName = "[No Variations]"
Change component parameters (AddParameter): Name = "Current Rating (Amps)"; Value = "-"; VariantName = "[No Variations]"
Change component parameters (AddParameter): Name = "Device ID"; Value = "CON00017"; VariantName = "[No Variations]"
Change component parameters (AddParameter): Name = "Fastening Type"; Value = "-"; VariantName = "[No Variations]"
Change component parameters (AddParameter): Name = "Insulation Color"; Value = "-"; VariantName = "[No Variations]"
Change component parameters (AddParameter): Name = "Material Flammability Rating"; Value = "-"; VariantName = "[No Variations]"
Change component parameters (AddParameter): Name = "Mounting Type"; Value = "Surface Mount"; VariantName = "[No Variations]"
Change component parameters (AddParameter): Name = "Number of Positions"; Value = "1"; VariantName = "[No Variations]"
Change component parameters (AddParameter): Name = "Number of Positions Loaded"; Value = "All"; VariantName = "[No Variations]"
Change component parameters (AddParameter): Name = "Package"; Value = "N/A"; VariantName = "[No Variations]"
Change component parameters (AddParameter): Name = "Part Type"; Value = "Header"; VariantName = "[No Variations]"
Change component parameters (AddParameter): Name = "Pitch - Mating"; Value = "-"; VariantName = "[No Variations]"
Change component parameters (AddParameter): Name = "Style"; Value = "Board to Board"; VariantName = "[No Variations]"
Change component parameters (AddParameter): Name = "Supplier1"; Value = "-"; VariantName = "[No Variations]"
Change component parameters (AddParameter): Name = "Supplier1 P/N"; Value = "-"; VariantName = "[No Variations]"
Change component parameters (AddParameter): Name = "Supplier2"; Value = "-"; VariantName = "[No Variations]"
Change component parameters (AddParameter): Name = "Supplier2 P/N"; Value = "-"; VariantName = "[No Variations]"
Change component parameters (AddParameter): Name = "VALUE"; Value = "1 Pin Thru"; VariantName = "[No Variations]"
Change component parameters (AddParameter): Name = "Voltage Rating"; Value = "-"; VariantName = "[No Variations]"
Change component parameters: Designator = "J12" ("J12"); Footprint = "TEST POINT"; UniqueID = "\RAYGIIMQ\WOQFDERB\MFRUUUKX" ("\RAYGIIMQ\WOQFDERB\MFRUUUKX")
Change component parameters (AddParameter): Name = "Connector Type"; Value = "Center Strip Contacts"; VariantName = "[No Variations]"
Change component parameters (AddParameter): Name = "Contact Finish - Mating"; Value = "Tin"; VariantName = "[No Variations]"
Change component parameters (AddParameter): Name = "Contact Type"; Value = "Pins"; VariantName = "[No Variations]"
Change component parameters (AddParameter): Name = "Current Rating (Amps)"; Value = "-"; VariantName = "[No Variations]"
Change component parameters (AddParameter): Name = "Device ID"; Value = "CON00017"; VariantName = "[No Variations]"
Change component parameters (AddParameter): Name = "Fastening Type"; Value = "-"; VariantName = "[No Variations]"
Change component parameters (AddParameter): Name = "Insulation Color"; Value = "-"; VariantName = "[No Variations]"
Change component parameters (AddParameter): Name = "Material Flammability Rating"; Value = "-"; VariantName = "[No Variations]"
Change component parameters (AddParameter): Name = "Mounting Type"; Value = "Surface Mount"; VariantName = "[No Variations]"
Change component parameters (AddParameter): Name = "Number of Positions"; Value = "1"; VariantName = "[No Variations]"
Change component parameters (AddParameter): Name = "Number of Positions Loaded"; Value = "All"; VariantName = "[No Variations]"
Change component parameters (AddParameter): Name = "Package"; Value = "N/A"; VariantName = "[No Variations]"
Change component parameters (AddParameter): Name = "Part Type"; Value = "Header"; VariantName = "[No Variations]"
Change component parameters (AddParameter): Name = "Pitch - Mating"; Value = "-"; VariantName = "[No Variations]"
Change component parameters (AddParameter): Name = "Style"; Value = "Board to Board"; VariantName = "[No Variations]"
Change component parameters (AddParameter): Name = "Supplier1"; Value = "-"; VariantName = "[No Variations]"
Change component parameters (AddParameter): Name = "Supplier1 P/N"; Value = "-"; VariantName = "[No Variations]"
Change component parameters (AddParameter): Name = "Supplier2"; Value = "-"; VariantName = "[No Variations]"
Change component parameters (AddParameter): Name = "Supplier2 P/N"; Value = "-"; VariantName = "[No Variations]"
Change component parameters (AddParameter): Name = "VALUE"; Value = "1 Pin Thru"; VariantName = "[No Variations]"
Change component parameters (AddParameter): Name = "Voltage Rating"; Value = "-"; VariantName = "[No Variations]"
Added Component: Designator=J3(1PINTHRU)
Add component (AddParameter): Name = "Connector Type"; Value = "Center Strip Contacts"; VariantName = "[No Variations]"
Add component (AddParameter): Name = "Contact Finish - Mating"; Value = "Tin"; VariantName = "[No Variations]"
Add component (AddParameter): Name = "Contact Type"; Value = "Pins"; VariantName = "[No Variations]"
Add component (AddParameter): Name = "Current Rating (Amps)"; Value = "-"; VariantName = "[No Variations]"
Add component (AddParameter): Name = "Device ID"; Value = "CON00017"; VariantName = "[No Variations]"
Add component (AddParameter): Name = "Fastening Type"; Value = "-"; VariantName = "[No Variations]"
Add component (AddParameter): Name = "Insulation Color"; Value = "-"; VariantName = "[No Variations]"
Add component (AddParameter): Name = "Material Flammability Rating"; Value = "-"; VariantName = "[No Variations]"
Add component (AddParameter): Name = "Mounting Type"; Value = "Surface Mount"; VariantName = "[No Variations]"
Add component (AddParameter): Name = "Number of Positions"; Value = "1"; VariantName = "[No Variations]"
Add component (AddParameter): Name = "Number of Positions Loaded"; Value = "All"; VariantName = "[No Variations]"
Add component (AddParameter): Name = "Package"; Value = "N/A"; VariantName = "[No Variations]"
Add component (AddParameter): Name = "Part Type"; Value = "Header"; VariantName = "[No Variations]"
Add component (AddParameter): Name = "Pitch - Mating"; Value = "-"; VariantName = "[No Variations]"
Add component (AddParameter): Name = "Style"; Value = "Board to Board"; VariantName = "[No Variations]"
Add component (AddParameter): Name = "Supplier1"; Value = "-"; VariantName = "[No Variations]"
Add component (AddParameter): Name = "Supplier1 P/N"; Value = "-"; VariantName = "[No Variations]"
Add component (AddParameter): Name = "Supplier2"; Value = "-"; VariantName = "[No Variations]"
Add component (AddParameter): Name = "Supplier2 P/N"; Value = "-"; VariantName = "[No Variations]"
Add component (AddParameter): Name = "VALUE"; Value = "1 Pin Thru"; VariantName = "[No Variations]"
Add component (AddParameter): Name = "Voltage Rating"; Value = "-"; VariantName = "[No Variations]"
Added Component: Designator=J11(1PINTHRU)
Add component (AddParameter): Name = "Connector Type"; Value = "Center Strip Contacts"; VariantName = "[No Variations]"
Add component (AddParameter): Name = "Contact Finish - Mating"; Value = "Tin"; VariantName = "[No Variations]"
Add component (AddParameter): Name = "Contact Type"; Value = "Pins"; VariantName = "[No Variations]"
Add component (AddParameter): Name = "Current Rating (Amps)"; Value = "-"; VariantName = "[No Variations]"
Add component (AddParameter): Name = "Device ID"; Value = "CON00017"; VariantName = "[No Variations]"
Add component (AddParameter): Name = "Fastening Type"; Value = "-"; VariantName = "[No Variations]"
Add component (AddParameter): Name = "Insulation Color"; Value = "-"; VariantName = "[No Variations]"
Add component (AddParameter): Name = "Material Flammability Rating"; Value = "-"; VariantName = "[No Variations]"
Add component (AddParameter): Name = "Mounting Type"; Value = "Surface Mount"; VariantName = "[No Variations]"
Add component (AddParameter): Name = "Number of Positions"; Value = "1"; VariantName = "[No Variations]"
Add component (AddParameter): Name = "Number of Positions Loaded"; Value = "All"; VariantName = "[No Variations]"
Add component (AddParameter): Name = "Package"; Value = "N/A"; VariantName = "[No Variations]"
Add component (AddParameter): Name = "Part Type"; Value = "Header"; VariantName = "[No Variations]"
Add component (AddParameter): Name = "Pitch - Mating"; Value = "-"; VariantName = "[No Variations]"
Add component (AddParameter): Name = "Style"; Value = "Board to Board"; VariantName = "[No Variations]"
Add component (AddParameter): Name = "Supplier1"; Value = "-"; VariantName = "[No Variations]"
Add component (AddParameter): Name = "Supplier1 P/N"; Value = "-"; VariantName = "[No Variations]"
Add component (AddParameter): Name = "Supplier2"; Value = "-"; VariantName = "[No Variations]"
Add component (AddParameter): Name = "Supplier2 P/N"; Value = "-"; VariantName = "[No Variations]"
Add component (AddParameter): Name = "VALUE"; Value = "1 Pin Thru"; VariantName = "[No Variations]"
Add component (AddParameter): Name = "Voltage Rating"; Value = "-"; VariantName = "[No Variations]"
Added Component: Designator=J13(1PINTHRU)
Add component (AddParameter): Name = "Connector Type"; Value = "Center Strip Contacts"; VariantName = "[No Variations]"
Add component (AddParameter): Name = "Contact Finish - Mating"; Value = "Tin"; VariantName = "[No Variations]"
Add component (AddParameter): Name = "Contact Type"; Value = "Pins"; VariantName = "[No Variations]"
Add component (AddParameter): Name = "Current Rating (Amps)"; Value = "-"; VariantName = "[No Variations]"
Add component (AddParameter): Name = "Device ID"; Value = "CON00017"; VariantName = "[No Variations]"
Add component (AddParameter): Name = "Fastening Type"; Value = "-"; VariantName = "[No Variations]"
Add component (AddParameter): Name = "Insulation Color"; Value = "-"; VariantName = "[No Variations]"
Add component (AddParameter): Name = "Material Flammability Rating"; Value = "-"; VariantName = "[No Variations]"
Add component (AddParameter): Name = "Mounting Type"; Value = "Surface Mount"; VariantName = "[No Variations]"
Add component (AddParameter): Name = "Number of Positions"; Value = "1"; VariantName = "[No Variations]"
Add component (AddParameter): Name = "Number of Positions Loaded"; Value = "All"; VariantName = "[No Variations]"
Add component (AddParameter): Name = "Package"; Value = "N/A"; VariantName = "[No Variations]"
Add component (AddParameter): Name = "Part Type"; Value = "Header"; VariantName = "[No Variations]"
Add component (AddParameter): Name = "Pitch - Mating"; Value = "-"; VariantName = "[No Variations]"
Add component (AddParameter): Name = "Style"; Value = "Board to Board"; VariantName = "[No Variations]"
Add component (AddParameter): Name = "Supplier1"; Value = "-"; VariantName = "[No Variations]"
Add component (AddParameter): Name = "Supplier1 P/N"; Value = "-"; VariantName = "[No Variations]"
Add component (AddParameter): Name = "Supplier2"; Value = "-"; VariantName = "[No Variations]"
Add component (AddParameter): Name = "Supplier2 P/N"; Value = "-"; VariantName = "[No Variations]"
Add component (AddParameter): Name = "VALUE"; Value = "1 Pin Thru"; VariantName = "[No Variations]"
Add component (AddParameter): Name = "Voltage Rating"; Value = "-"; VariantName = "[No Variations]"
Added Member To Class: ClassName=Designator Member=Component J3 1 Pin
Added Member To Class: ClassName=Designator Member=Component J11 1 Pin
Added Member To Class: ClassName=Designator Member=Component J13 1 Pin
