Added Component: Designator=D5(LED 0603_1608)
Add component (AddParameter): Name = "Color"; Value = "Red"; VariantName = "[No Variations]"
Add component (AddParameter): Name = "Device ID"; Value = "LED0000B"; VariantName = "[No Variations]"
Add component (AddParameter): Name = "If - Forward Current"; Value = "100mA"; VariantName = "[No Variations]"
Add component (AddParameter): Name = "Lens Color"; Value = "Colorless"; VariantName = "[No Variations]"
Add component (AddParameter): Name = "Manufacturer"; Value = "Würth Elektronik"; VariantName = "[No Variations]"
Add component (AddParameter): Name = "Manufacturer P/N"; Value = "150060RS75000"; VariantName = "[No Variations]"
Add component (AddParameter): Name = "Mounting Type"; Value = "Surface Mount"; VariantName = "[No Variations]"
Add component (AddParameter): Name = "Operating Temperature"; Value = "-40°C ~ 85°C"; VariantName = "[No Variations]"
Add component (AddParameter): Name = "Package"; Value = "0603 (1608 Metric)"; VariantName = "[No Variations]"
Add component (AddParameter): Name = "Part Type"; Value = "LED"; VariantName = "[No Variations]"
Add component (AddParameter): Name = "Supplier1"; Value = "Digi-Key"; VariantName = "[No Variations]"
Add component (AddParameter): Name = "Supplier1 P/N"; Value = "732-4978-1-ND"; VariantName = "[No Variations]"
Add component (AddParameter): Name = "VALUE"; Value = "GREEN"; VariantName = "[No Variations]"
Add component (AddParameter): Name = "Vf - Forward Voltage"; Value = "2.0V"; VariantName = "[No Variations]"
Add component (AddParameter): Name = "Viewing Angle"; Value = "140°"; VariantName = "[No Variations]"
Add component (AddParameter): Name = "Wavelength"; Value = "625nm"; VariantName = "[No Variations]"
Added Component: Designator=R67(RES 0603_1608 RF)
Add component (AddParameter): Name = "Composition"; Value = "Thick Film"; VariantName = "[No Variations]"
Add component (AddParameter): Name = "Device ID"; Value = "RES00037"; VariantName = "[No Variations]"
Add component (AddParameter): Name = "Manufacturer"; Value = "Vishay Dale"; VariantName = "[No Variations]"
Add component (AddParameter): Name = "Manufacturer P/N"; Value = "?CRCW0603820KFKEAC?"; VariantName = "[No Variations]"
Add component (AddParameter): Name = "Mounting Type"; Value = "Surface Mount"; VariantName = "[No Variations]"
Add component (AddParameter): Name = "Operating Temperature"; Value = "-55°C ~ 155°C"; VariantName = "[No Variations]"
Add component (AddParameter): Name = "Package"; Value = "0603 (1608 Metric)"; VariantName = "[No Variations]"
Add component (AddParameter): Name = "Part Type"; Value = "Resistor"; VariantName = "[No Variations]"
Add component (AddParameter): Name = "Power"; Value = "0.100W"; VariantName = "[No Variations]"
Add component (AddParameter): Name = "Supplier1"; Value = "Digi-Key"; VariantName = "[No Variations]"
Add component (AddParameter): Name = "Supplier1 P/N"; Value = "?541-5568-1-ND?"; VariantName = "[No Variations]"
Add component (AddParameter): Name = "Supplier2"; Value = "Mouser"; VariantName = "[No Variations]"
Add component (AddParameter): Name = "Supplier2 P/N"; Value = "71-CRCW0603820KFKEAC"; VariantName = "[No Variations]"
Add component (AddParameter): Name = "Tolerance"; Value = "±1%"; VariantName = "[No Variations]"
Add component (AddParameter): Name = "VALUE"; Value = "69.8O"; VariantName = "[No Variations]"
Added Pin To Net: NetName=NetD2_2 Pin=D5-1
Added Pin To Net: NetName=GND Pin=R67-1
Added Pin To Net: NetName=NetD5_2 Pin=D5-2
Added Pin To Net: NetName=NetD5_2 Pin=R67-2
Added Net: Name=NetD5_2
