Change Component Designator: Old Designator=C106 New Designator=C?
Change Component Designator: Old Designator=C107 New Designator=C?
Change Component Designator: Old Designator=C108 New Designator=C?
Change Component Designator: Old Designator=D13 New Designator=D?
Change Component Designator: Old Designator=IC29 New Designator=IC?
Change Component Designator: Old Designator=J113 New Designator=J?
Change Component Designator: Old Designator=J114 New Designator=J?
Change Component Designator: Old Designator=J115 New Designator=J?
Change Component Designator: Old Designator=J116 New Designator=J?
Change Component Designator: Old Designator=J117 New Designator=J?
Change Component Designator: Old Designator=J118 New Designator=J?
Change Component Designator: Old Designator=J119 New Designator=J?
Change Component Designator: Old Designator=J120 New Designator=J?
Change Component Designator: Old Designator=J121 New Designator=J?
Change Component Designator: Old Designator=J122 New Designator=J?
Change Component Designator: Old Designator=J123 New Designator=J?
Change Component Designator: Old Designator=J124 New Designator=J?
Change Component Designator: Old Designator=J125 New Designator=J?
Change Component Designator: Old Designator=J126 New Designator=J?
Change Component Designator: Old Designator=J127 New Designator=J?
Change Component Designator: Old Designator=J128 New Designator=J?
Change Component Designator: Old Designator=J129 New Designator=J?
Change Component Designator: Old Designator=J130 New Designator=J?
Change Component Designator: Old Designator=J131 New Designator=J?
Change Component Designator: Old Designator=J132 New Designator=J?
Change Component Designator: Old Designator=J133 New Designator=J?
Change Component Designator: Old Designator=J134 New Designator=J?
Change Component Designator: Old Designator=R64 New Designator=R?
Change Component Designator: Old Designator=R65 New Designator=R?
Change Component Designator: Old Designator=RF11 New Designator=RF?
Change Component Designator: Old Designator=RF12 New Designator=RF?
Change Component Designator: Old Designator=U2 New Designator=U?
