Change Component Designator: Old Designator=C? New Designator=C106
Change Component Designator: Old Designator=C? New Designator=C107
Change Component Designator: Old Designator=C? New Designator=C108
Change Component Designator: Old Designator=D? New Designator=D13
Change Component Designator: Old Designator=IC? New Designator=IC29
Change Component Designator: Old Designator=J? New Designator=J45
Change Component Designator: Old Designator=J? New Designator=J46
Change Component Designator: Old Designator=J? New Designator=J47
Change Component Designator: Old Designator=J? New Designator=J48
Change Component Designator: Old Designator=J? New Designator=J49
Change Component Designator: Old Designator=J? New Designator=J50
Change Component Designator: Old Designator=J? New Designator=J51
Change Component Designator: Old Designator=J? New Designator=J52
Change Component Designator: Old Designator=J? New Designator=J53
Change Component Designator: Old Designator=J? New Designator=J54
Change Component Designator: Old Designator=J? New Designator=J55
Change Component Designator: Old Designator=J? New Designator=J56
Change Component Designator: Old Designator=J? New Designator=J57
Change Component Designator: Old Designator=J? New Designator=J58
Change Component Designator: Old Designator=J? New Designator=J59
Change Component Designator: Old Designator=J? New Designator=J60
Change Component Designator: Old Designator=J? New Designator=J61
Change Component Designator: Old Designator=J? New Designator=J62
Change Component Designator: Old Designator=J? New Designator=J63
Change Component Designator: Old Designator=J? New Designator=J64
Change Component Designator: Old Designator=J? New Designator=J65
Change Component Designator: Old Designator=J? New Designator=J66
Change Component Designator: Old Designator=R? New Designator=R62
Change Component Designator: Old Designator=R? New Designator=R63
Change Component Designator: Old Designator=RF? New Designator=RF11
Change Component Designator: Old Designator=RF? New Designator=RF12
Change Component Designator: Old Designator=U? New Designator=U2
