Change Component Designator: OldDesignator=C102 NewDesignator=C105
Change Component Designator: OldDesignator=C103 NewDesignator=C102
Change Component Designator: OldDesignator=C104 NewDesignator=C106
Change Component Designator: OldDesignator=C105 NewDesignator=C107
Change Component Designator: OldDesignator=C106 NewDesignator=C108
Change Component Designator: OldDesignator=C107 NewDesignator=C103
Change Component Designator: OldDesignator=C108 NewDesignator=C104
Change Component Designator: OldDesignator=D1 NewDesignator=D12
Change Component Designator: OldDesignator=D2 NewDesignator=D10
Change Component Designator: OldDesignator=D3 NewDesignator=D9
Change Component Designator: OldDesignator=D4 NewDesignator=D11
Change Component Designator: OldDesignator=D5 NewDesignator=D7
Change Component Designator: OldDesignator=D6 NewDesignator=D17
Change Component Designator: OldDesignator=D7 NewDesignator=D19
Change Component Designator: OldDesignator=D8 NewDesignator=D18
Change Component Designator: OldDesignator=D9 NewDesignator=D16
Change Component Designator: OldDesignator=D10 NewDesignator=D15
Change Component Designator: OldDesignator=D11 NewDesignator=D14
Change Component Designator: OldDesignator=D12 NewDesignator=D13
Change Component Designator: OldDesignator=D13 NewDesignator=D8
Change Component Designator: OldDesignator=D14 NewDesignator=D5
Change Component Designator: OldDesignator=D15 NewDesignator=D6
Change Component Designator: OldDesignator=D16 NewDesignator=D3
Change Component Designator: OldDesignator=D17 NewDesignator=D4
Change Component Designator: OldDesignator=D18 NewDesignator=D1
Change Component Designator: OldDesignator=D19 NewDesignator=D2
Change Component Designator: OldDesignator=DS1 NewDesignator=DS2
Change Component Designator: OldDesignator=DS2 NewDesignator=DS1
Change Component Designator: OldDesignator=IC1 NewDesignator=IC4
Change Component Designator: OldDesignator=IC2 NewDesignator=IC16
Change Component Designator: OldDesignator=IC3 NewDesignator=IC17
Change Component Designator: OldDesignator=IC4 NewDesignator=IC13
Change Component Designator: OldDesignator=IC6 NewDesignator=IC7
Change Component Designator: OldDesignator=IC7 NewDesignator=IC6
Change Component Designator: OldDesignator=IC9 NewDesignator=IC14
Change Component Designator: OldDesignator=IC10 NewDesignator=IC11
Change Component Designator: OldDesignator=IC11 NewDesignator=IC15
Change Component Designator: OldDesignator=IC12 NewDesignator=IC10
Change Component Designator: OldDesignator=IC13 NewDesignator=IC1
Change Component Designator: OldDesignator=IC26 NewDesignator=IC9
Change Component Designator: OldDesignator=IC27 NewDesignator=IC12
Change Component Designator: OldDesignator=IC28 NewDesignator=IC2
Change Component Designator: OldDesignator=IC29 NewDesignator=IC3
Change Component Designator: OldDesignator=IC30 NewDesignator=IC18
Change Component Designator: OldDesignator=J1 NewDesignator=J45
Change Component Designator: OldDesignator=J2 NewDesignator=J1
Change Component Designator: OldDesignator=J3 NewDesignator=J2
Change Component Designator: OldDesignator=J4 NewDesignator=J42
Change Component Designator: OldDesignator=J5 NewDesignator=J3
Change Component Designator: OldDesignator=J6 NewDesignator=J4
Change Component Designator: OldDesignator=J7 NewDesignator=J43
Change Component Designator: OldDesignator=J8 NewDesignator=J5
Change Component Designator: OldDesignator=J9 NewDesignator=J6
Change Component Designator: OldDesignator=J10 NewDesignator=J7
Change Component Designator: OldDesignator=J11 NewDesignator=J8
Change Component Designator: OldDesignator=J12 NewDesignator=J9
Change Component Designator: OldDesignator=J13 NewDesignator=J10
Change Component Designator: OldDesignator=J14 NewDesignator=J41
Change Component Designator: OldDesignator=J15 NewDesignator=J40
Change Component Designator: OldDesignator=J16 NewDesignator=J11
Change Component Designator: OldDesignator=J17 NewDesignator=J12
Change Component Designator: OldDesignator=J18 NewDesignator=J13
Change Component Designator: OldDesignator=J19 NewDesignator=J14
Change Component Designator: OldDesignator=J20 NewDesignator=J15
Change Component Designator: OldDesignator=J21 NewDesignator=J16
Change Component Designator: OldDesignator=J22 NewDesignator=J17
Change Component Designator: OldDesignator=J23 NewDesignator=J18
Change Component Designator: OldDesignator=J24 NewDesignator=J19
Change Component Designator: OldDesignator=J25 NewDesignator=J20
Change Component Designator: OldDesignator=J26 NewDesignator=J21
Change Component Designator: OldDesignator=J27 NewDesignator=J22
Change Component Designator: OldDesignator=J28 NewDesignator=J23
Change Component Designator: OldDesignator=J29 NewDesignator=J24
Change Component Designator: OldDesignator=J30 NewDesignator=J25
Change Component Designator: OldDesignator=J31 NewDesignator=J26
Change Component Designator: OldDesignator=J32 NewDesignator=J27
Change Component Designator: OldDesignator=J33 NewDesignator=J28
Change Component Designator: OldDesignator=J34 NewDesignator=J29
Change Component Designator: OldDesignator=J35 NewDesignator=J30
Change Component Designator: OldDesignator=J36 NewDesignator=J31
Change Component Designator: OldDesignator=J37 NewDesignator=J32
Change Component Designator: OldDesignator=J38 NewDesignator=J33
Change Component Designator: OldDesignator=J39 NewDesignator=J34
Change Component Designator: OldDesignator=J40 NewDesignator=J35
Change Component Designator: OldDesignator=J41 NewDesignator=J36
Change Component Designator: OldDesignator=J42 NewDesignator=J37
Change Component Designator: OldDesignator=J43 NewDesignator=J38
Change Component Designator: OldDesignator=J44 NewDesignator=J39
Change Component Designator: OldDesignator=J45 NewDesignator=J44
Change Component Designator: OldDesignator=L2 NewDesignator=L4
Change Component Designator: OldDesignator=L3 NewDesignator=L2
Change Component Designator: OldDesignator=L4 NewDesignator=L3
Change Component Designator: OldDesignator=R30 NewDesignator=R39
Change Component Designator: OldDesignator=R37 NewDesignator=R30
Change Component Designator: OldDesignator=R38 NewDesignator=R37
Change Component Designator: OldDesignator=R39 NewDesignator=R38
Change Component Designator: OldDesignator=R67 NewDesignator=R68
Change Component Designator: OldDesignator=R68 NewDesignator=R69
Change Component Designator: OldDesignator=R69 NewDesignator=R67
Change Component Designator: OldDesignator=R75 NewDesignator=R77
Change Component Designator: OldDesignator=R76 NewDesignator=R75
Change Component Designator: OldDesignator=R77 NewDesignator=R76
Change Component Designator: OldDesignator=R78 NewDesignator=R84
Change Component Designator: OldDesignator=R79 NewDesignator=R85
Change Component Designator: OldDesignator=R80 NewDesignator=R82
Change Component Designator: OldDesignator=R81 NewDesignator=R83
Change Component Designator: OldDesignator=R82 NewDesignator=R80
Change Component Designator: OldDesignator=R83 NewDesignator=R81
Change Component Designator: OldDesignator=R84 NewDesignator=R78
Change Component Designator: OldDesignator=R85 NewDesignator=R79
Change Component Designator: OldDesignator=R86 NewDesignator=R87
Change Component Designator: OldDesignator=R87 NewDesignator=R88
Change Component Designator: OldDesignator=R88 NewDesignator=R89
Change Component Designator: OldDesignator=R89 NewDesignator=R86
Change Component Designator: OldDesignator=S1 NewDesignator=S4
Change Component Designator: OldDesignator=S2 NewDesignator=S1
Change Component Designator: OldDesignator=S3 NewDesignator=S2
Change Component Designator: OldDesignator=S4 NewDesignator=S3
Change Component Designator: OldDesignator=U2 NewDesignator=U1
Change Component Designator: OldDesignator=Y1 NewDesignator=Y2
Change Component Designator: OldDesignator=Y2 NewDesignator=Y1
Change Pin Propagation Delay: Pin=IC7-1 Old Delay=100ps New Delay=0ps
Change Pin Propagation Delay: Pin=IC6-1 Old Delay=0ps New Delay=100ps
