Change Component Designator: OldDesignator=D5 NewDesignator=D1
Change Component Designator: OldDesignator=IC9 NewDesignator=IC14
Change Component Designator: OldDesignator=IC10 NewDesignator=IC11
Change Component Designator: OldDesignator=J2 NewDesignator=J1
Change Component Designator: OldDesignator=J3 NewDesignator=J2
Change Component Designator: OldDesignator=J4 NewDesignator=J42
Change Component Designator: OldDesignator=J5 NewDesignator=J3
Change Component Designator: OldDesignator=J6 NewDesignator=J4
Change Component Designator: OldDesignator=J7 NewDesignator=J43
Change Component Designator: OldDesignator=J8 NewDesignator=J5
Change Component Designator: OldDesignator=J9 NewDesignator=J6
Change Component Designator: OldDesignator=J10 NewDesignator=J7
Change Component Designator: OldDesignator=J11 NewDesignator=J8
Change Component Designator: OldDesignator=J12 NewDesignator=J9
Change Component Designator: OldDesignator=J13 NewDesignator=J10
Change Component Designator: OldDesignator=J14 NewDesignator=J41
Change Component Designator: OldDesignator=J15 NewDesignator=J40
Change Component Designator: OldDesignator=J16 NewDesignator=J11
Change Component Designator: OldDesignator=J17 NewDesignator=J12
Change Component Designator: OldDesignator=J18 NewDesignator=J13
Change Component Designator: OldDesignator=J19 NewDesignator=J14
Change Component Designator: OldDesignator=J20 NewDesignator=J15
Change Component Designator: OldDesignator=J21 NewDesignator=J16
Change Component Designator: OldDesignator=J22 NewDesignator=J17
Change Component Designator: OldDesignator=J23 NewDesignator=J18
Change Component Designator: OldDesignator=J24 NewDesignator=J19
Change Component Designator: OldDesignator=J25 NewDesignator=J20
Change Component Designator: OldDesignator=J26 NewDesignator=J21
Change Component Designator: OldDesignator=J27 NewDesignator=J22
Change Component Designator: OldDesignator=J28 NewDesignator=J23
Change Component Designator: OldDesignator=J29 NewDesignator=J24
Change Component Designator: OldDesignator=J30 NewDesignator=J25
Change Component Designator: OldDesignator=J31 NewDesignator=J26
Change Component Designator: OldDesignator=J32 NewDesignator=J27
Change Component Designator: OldDesignator=J33 NewDesignator=J28
Change Component Designator: OldDesignator=J34 NewDesignator=J29
Change Component Designator: OldDesignator=J35 NewDesignator=J30
Change Component Designator: OldDesignator=J36 NewDesignator=J31
Change Component Designator: OldDesignator=J37 NewDesignator=J32
Change Component Designator: OldDesignator=J38 NewDesignator=J33
Change Component Designator: OldDesignator=J39 NewDesignator=J34
Change Component Designator: OldDesignator=J40 NewDesignator=J35
Change Component Designator: OldDesignator=J41 NewDesignator=J36
Change Component Designator: OldDesignator=J42 NewDesignator=J37
Change Component Designator: OldDesignator=J43 NewDesignator=J38
Change Component Designator: OldDesignator=J44 NewDesignator=J39
Change Component Designator: OldDesignator=R30 NewDesignator=R39
Change Component Designator: OldDesignator=R67 NewDesignator=R68
Change Component Designator: OldDesignator=Y1 NewDesignator=Y2
Change Component Designator: OldDesignator=Y2 NewDesignator=Y1
