Change Component Designator: Old Designator=C30 New Designator=C?
Change Component Designator: Old Designator=C31 New Designator=C?
Change Component Designator: Old Designator=C32 New Designator=C?
Change Component Designator: Old Designator=C33 New Designator=C?
Change Component Designator: Old Designator=C34 New Designator=C?
Change Component Designator: Old Designator=C35 New Designator=C?
Change Component Designator: Old Designator=C36 New Designator=C?
Change Component Designator: Old Designator=C37 New Designator=C?
Change Component Designator: Old Designator=C38 New Designator=C?
Change Component Designator: Old Designator=C39 New Designator=C?
Change Component Designator: Old Designator=C40 New Designator=C?
Change Component Designator: Old Designator=C41 New Designator=C?
Change Component Designator: Old Designator=C42 New Designator=C?
Change Component Designator: Old Designator=C43 New Designator=C?
Change Component Designator: Old Designator=C44 New Designator=C?
Change Component Designator: Old Designator=C45 New Designator=C?
Change Component Designator: Old Designator=C46 New Designator=C?
Change Component Designator: Old Designator=C47 New Designator=C?
Change Component Designator: Old Designator=C48 New Designator=C?
Change Component Designator: Old Designator=C49 New Designator=C?
Change Component Designator: Old Designator=C50 New Designator=C?
Change Component Designator: Old Designator=C51 New Designator=C?
Change Component Designator: Old Designator=C52 New Designator=C?
Change Component Designator: Old Designator=C53 New Designator=C?
Change Component Designator: Old Designator=C54 New Designator=C?
Change Component Designator: Old Designator=C55 New Designator=C?
Change Component Designator: Old Designator=C56 New Designator=C?
Change Component Designator: Old Designator=C57 New Designator=C?
Change Component Designator: Old Designator=C58 New Designator=C?
Change Component Designator: Old Designator=C59 New Designator=C?
Change Component Designator: Old Designator=C60 New Designator=C?
Change Component Designator: Old Designator=C61 New Designator=C?
Change Component Designator: Old Designator=C62 New Designator=C?
Change Component Designator: Old Designator=C63 New Designator=C?
Change Component Designator: Old Designator=C64 New Designator=C?
Change Component Designator: Old Designator=C65 New Designator=C?
Change Component Designator: Old Designator=C66 New Designator=C?
Change Component Designator: Old Designator=C67 New Designator=C?
Change Component Designator: Old Designator=C68 New Designator=C?
Change Component Designator: Old Designator=C69 New Designator=C?
Change Component Designator: Old Designator=C70 New Designator=C?
Change Component Designator: Old Designator=C71 New Designator=C?
Change Component Designator: Old Designator=C72 New Designator=C?
Change Component Designator: Old Designator=C73 New Designator=C?
Change Component Designator: Old Designator=C74 New Designator=C?
Change Component Designator: Old Designator=C75 New Designator=C?
Change Component Designator: Old Designator=C76 New Designator=C?
Change Component Designator: Old Designator=C77 New Designator=C?
Change Component Designator: Old Designator=C78 New Designator=C?
Change Component Designator: Old Designator=C79 New Designator=C?
Change Component Designator: Old Designator=C80 New Designator=C?
Change Component Designator: Old Designator=C81 New Designator=C?
Change Component Designator: Old Designator=C82 New Designator=C?
Change Component Designator: Old Designator=C83 New Designator=C?
Change Component Designator: Old Designator=C84 New Designator=C?
Change Component Designator: Old Designator=C85 New Designator=C?
Change Component Designator: Old Designator=C86 New Designator=C?
Change Component Designator: Old Designator=C87 New Designator=C?
Change Component Designator: Old Designator=C88 New Designator=C?
Change Component Designator: Old Designator=C89 New Designator=C?
Change Component Designator: Old Designator=C90 New Designator=C?
Change Component Designator: Old Designator=C91 New Designator=C?
Change Component Designator: Old Designator=C92 New Designator=C?
Change Component Designator: Old Designator=C93 New Designator=C?
Change Component Designator: Old Designator=D5 New Designator=D?
Change Component Designator: Old Designator=IC9 New Designator=IC?
Change Component Designator: Old Designator=IC10 New Designator=IC?
Change Component Designator: Old Designator=J2 New Designator=J?
Change Component Designator: Old Designator=J3 New Designator=J?
Change Component Designator: Old Designator=J4 New Designator=J?
Change Component Designator: Old Designator=J5 New Designator=J?
Change Component Designator: Old Designator=J6 New Designator=J?
Change Component Designator: Old Designator=J7 New Designator=J?
Change Component Designator: Old Designator=J27 New Designator=J?
Change Component Designator: Old Designator=J28 New Designator=J?
Change Component Designator: Old Designator=J29 New Designator=J?
Change Component Designator: Old Designator=J30 New Designator=J?
Change Component Designator: Old Designator=J33 New Designator=J?
Change Component Designator: Old Designator=J37 New Designator=J?
Change Component Designator: Old Designator=J39 New Designator=J?
Change Component Designator: Old Designator=J40 New Designator=J?
Change Component Designator: Old Designator=J41 New Designator=J?
Change Component Designator: Old Designator=J42 New Designator=J?
Change Component Designator: Old Designator=J43 New Designator=J?
Change Component Designator: Old Designator=J44 New Designator=J?
Change Component Designator: Old Designator=J45 New Designator=J?
Change Component Designator: Old Designator=J46 New Designator=J?
Change Component Designator: Old Designator=J47 New Designator=J?
Change Component Designator: Old Designator=J48 New Designator=J?
Change Component Designator: Old Designator=J49 New Designator=J?
Change Component Designator: Old Designator=J50 New Designator=J?
Change Component Designator: Old Designator=J51 New Designator=J?
Change Component Designator: Old Designator=J52 New Designator=J?
Change Component Designator: Old Designator=J53 New Designator=J?
Change Component Designator: Old Designator=J54 New Designator=J?
Change Component Designator: Old Designator=J55 New Designator=J?
Change Component Designator: Old Designator=J56 New Designator=J?
Change Component Designator: Old Designator=J57 New Designator=J?
Change Component Designator: Old Designator=J64 New Designator=J?
Change Component Designator: Old Designator=J65 New Designator=J?
Change Component Designator: Old Designator=J66 New Designator=J?
Change Component Designator: Old Designator=J67 New Designator=J?
Change Component Designator: Old Designator=J68 New Designator=J?
Change Component Designator: Old Designator=J69 New Designator=J?
Change Component Designator: Old Designator=J107 New Designator=J?
Change Component Designator: Old Designator=J108 New Designator=J?
Change Component Designator: Old Designator=J109 New Designator=J?
Change Component Designator: Old Designator=J110 New Designator=J?
Change Component Designator: Old Designator=J111 New Designator=J?
Change Component Designator: Old Designator=J112 New Designator=J?
Change Component Designator: Old Designator=R18 New Designator=R?
Change Component Designator: Old Designator=R19 New Designator=R?
Change Component Designator: Old Designator=R20 New Designator=R?
Change Component Designator: Old Designator=R23 New Designator=R?
Change Component Designator: Old Designator=R24 New Designator=R?
Change Component Designator: Old Designator=R25 New Designator=R?
Change Component Designator: Old Designator=R26 New Designator=R?
Change Component Designator: Old Designator=R27 New Designator=R?
Change Component Designator: Old Designator=R28 New Designator=R?
Change Component Designator: Old Designator=R29 New Designator=R?
Change Component Designator: Old Designator=R30 New Designator=R?
Change Component Designator: Old Designator=R31 New Designator=R?
Change Component Designator: Old Designator=R32 New Designator=R?
Change Component Designator: Old Designator=R33 New Designator=R?
Change Component Designator: Old Designator=RF1 New Designator=RF?
Change Component Designator: Old Designator=RF2 New Designator=RF?
Change Component Designator: Old Designator=RF3 New Designator=RF?
Change Component Designator: Old Designator=RF4 New Designator=RF?
Change Component Designator: Old Designator=RF5 New Designator=RF?
Change Component Designator: Old Designator=Y1 New Designator=Y?
Change Component Designator: Old Designator=Y2 New Designator=Y?
