Change Component Designator: OldDesignator=J27 NewDesignator=J8
Change Component Designator: OldDesignator=J28 NewDesignator=J9
Change Component Designator: OldDesignator=J29 NewDesignator=J10
Change Component Designator: OldDesignator=J30 NewDesignator=J11
Change Component Designator: OldDesignator=J33 NewDesignator=J12
Change Component Designator: OldDesignator=J37 NewDesignator=J13
Change Component Designator: OldDesignator=J39 NewDesignator=J14
Change Component Designator: OldDesignator=J40 NewDesignator=J16
Change Component Designator: OldDesignator=J41 NewDesignator=J15
Change Component Designator: OldDesignator=J42 NewDesignator=J17
Change Component Designator: OldDesignator=J43 NewDesignator=J18
Change Component Designator: OldDesignator=J44 NewDesignator=J19
Change Component Designator: OldDesignator=J45 NewDesignator=J20
Change Component Designator: OldDesignator=J46 NewDesignator=J21
Change Component Designator: OldDesignator=J47 NewDesignator=J22
Change Component Designator: OldDesignator=J48 NewDesignator=J23
Change Component Designator: OldDesignator=J49 NewDesignator=J24
Change Component Designator: OldDesignator=J50 NewDesignator=J25
Change Component Designator: OldDesignator=J51 NewDesignator=J26
Change Component Designator: OldDesignator=J52 NewDesignator=J27
Change Component Designator: OldDesignator=J53 NewDesignator=J28
Change Component Designator: OldDesignator=J54 NewDesignator=J29
Change Component Designator: OldDesignator=J55 NewDesignator=J30
Change Component Designator: OldDesignator=J56 NewDesignator=J31
Change Component Designator: OldDesignator=J57 NewDesignator=J32
Change Component Designator: OldDesignator=J64 NewDesignator=J33
Change Component Designator: OldDesignator=J65 NewDesignator=J34
Change Component Designator: OldDesignator=J66 NewDesignator=J35
Change Component Designator: OldDesignator=J67 NewDesignator=J36
Change Component Designator: OldDesignator=J68 NewDesignator=J37
Change Component Designator: OldDesignator=J69 NewDesignator=J38
Change Component Designator: OldDesignator=J107 NewDesignator=J39
Change Component Designator: OldDesignator=J108 NewDesignator=J40
Change Component Designator: OldDesignator=J109 NewDesignator=J41
Change Component Designator: OldDesignator=J110 NewDesignator=J42
Change Component Designator: OldDesignator=J111 NewDesignator=J43
Change Component Designator: OldDesignator=J112 NewDesignator=J44
Change Component Designator: OldDesignator=J113 NewDesignator=J45
Change Component Designator: OldDesignator=J114 NewDesignator=J46
Change Component Designator: OldDesignator=J115 NewDesignator=J47
Change Component Designator: OldDesignator=J116 NewDesignator=J48
Change Component Designator: OldDesignator=J117 NewDesignator=J49
Change Component Designator: OldDesignator=J118 NewDesignator=J50
Change Component Designator: OldDesignator=J119 NewDesignator=J51
Change Component Designator: OldDesignator=J120 NewDesignator=J52
Change Component Designator: OldDesignator=J121 NewDesignator=J53
Change Component Designator: OldDesignator=J122 NewDesignator=J54
Change Component Designator: OldDesignator=J123 NewDesignator=J55
Change Component Designator: OldDesignator=J124 NewDesignator=J56
Change Component Designator: OldDesignator=J125 NewDesignator=J57
Change Component Designator: OldDesignator=J126 NewDesignator=J58
Change Component Designator: OldDesignator=J127 NewDesignator=J59
Change Component Designator: OldDesignator=J128 NewDesignator=J60
Change Component Designator: OldDesignator=J129 NewDesignator=J61
Change Component Designator: OldDesignator=J130 NewDesignator=J62
Change Component Designator: OldDesignator=J131 NewDesignator=J63
Change Component Designator: OldDesignator=J132 NewDesignator=J64
Change Component Designator: OldDesignator=J133 NewDesignator=J65
Change Component Designator: OldDesignator=J134 NewDesignator=J66
Change Component Designator: OldDesignator=R23 NewDesignator=R21
Change Component Designator: OldDesignator=R24 NewDesignator=R22
Change Component Designator: OldDesignator=R25 NewDesignator=R23
Change Component Designator: OldDesignator=R26 NewDesignator=R24
Change Component Designator: OldDesignator=R27 NewDesignator=R25
Change Component Designator: OldDesignator=R28 NewDesignator=R26
Change Component Designator: OldDesignator=R29 NewDesignator=R27
Change Component Designator: OldDesignator=R30 NewDesignator=R28
Change Component Designator: OldDesignator=R31 NewDesignator=R29
Change Component Designator: OldDesignator=R32 NewDesignator=R30
Change Component Designator: OldDesignator=R33 NewDesignator=R31
Change Component Designator: OldDesignator=R34 NewDesignator=R32
Change Component Designator: OldDesignator=R35 NewDesignator=R33
Change Component Designator: OldDesignator=R36 NewDesignator=R34
Change Component Designator: OldDesignator=R37 NewDesignator=R35
Change Component Designator: OldDesignator=R38 NewDesignator=R36
Change Component Designator: OldDesignator=R39 NewDesignator=R37
Change Component Designator: OldDesignator=R40 NewDesignator=R38
Change Component Designator: OldDesignator=R41 NewDesignator=R39
Change Component Designator: OldDesignator=R42 NewDesignator=R40
Change Component Designator: OldDesignator=R43 NewDesignator=R41
Change Component Designator: OldDesignator=R44 NewDesignator=R42
Change Component Designator: OldDesignator=R45 NewDesignator=R43
Change Component Designator: OldDesignator=R46 NewDesignator=R44
Change Component Designator: OldDesignator=R47 NewDesignator=R45
Change Component Designator: OldDesignator=R48 NewDesignator=R46
Change Component Designator: OldDesignator=R49 NewDesignator=R47
Change Component Designator: OldDesignator=R50 NewDesignator=R48
Change Component Designator: OldDesignator=R51 NewDesignator=R49
Change Component Designator: OldDesignator=R52 NewDesignator=R50
Change Component Designator: OldDesignator=R53 NewDesignator=R51
Change Component Designator: OldDesignator=R54 NewDesignator=R52
Change Component Designator: OldDesignator=R55 NewDesignator=R53
Change Component Designator: OldDesignator=R56 NewDesignator=R54
Change Component Designator: OldDesignator=R57 NewDesignator=R55
Change Component Designator: OldDesignator=R58 NewDesignator=R56
Change Component Designator: OldDesignator=R59 NewDesignator=R57
Change Component Designator: OldDesignator=R60 NewDesignator=R58
Change Component Designator: OldDesignator=R61 NewDesignator=R59
Change Component Designator: OldDesignator=R62 NewDesignator=R60
Change Component Designator: OldDesignator=R63 NewDesignator=R61
Change Component Designator: OldDesignator=R64 NewDesignator=R62
Change Component Designator: OldDesignator=R65 NewDesignator=R63
Added Pin To Net: NetName=NetC20_1 Pin=IC4-16
Change Net Name : Old Net Name=NetC75_1 New Net Name=XTAL_12_2
Change Net Name : Old Net Name=NetC92_1 New Net Name=XTAL_32_1
Change Net Name : Old Net Name=NetJ113_2 New Net Name=NetJ45_2
Change Net Name : Old Net Name=NetJ113_3 New Net Name=NetJ45_3
Change Net Name : Old Net Name=NetJ114_1 New Net Name=NetJ46_1
Change Net Name : Old Net Name=NetJ115_1 New Net Name=NetJ47_1
Change Net Name : Old Net Name=NetJ116_1 New Net Name=NetJ48_1
Change Net Name : Old Net Name=NetJ117_1 New Net Name=NetJ49_1
Change Net Name : Old Net Name=NetJ118_1 New Net Name=NetJ50_1
Change Net Name : Old Net Name=NetJ119_1 New Net Name=NetJ51_1
Change Net Name : Old Net Name=NetJ120_1 New Net Name=NetJ52_1
Change Net Name : Old Net Name=NetJ121_1 New Net Name=NetJ53_1
Change Net Name : Old Net Name=NetJ122_1 New Net Name=NetJ54_1
Change Net Name : Old Net Name=NetJ123_1 New Net Name=NetJ55_1
Change Net Name : Old Net Name=NetJ124_1 New Net Name=NetJ56_1
Change Net Name : Old Net Name=NetJ125_1 New Net Name=NetJ57_1
Change Net Name : Old Net Name=NetJ126_1 New Net Name=NetJ58_1
Change Net Name : Old Net Name=NetJ127_1 New Net Name=NetJ59_1
Change Net Name : Old Net Name=NetJ128_1 New Net Name=NetJ60_1
Change Net Name : Old Net Name=NetJ129_1 New Net Name=NetJ61_1
Change Net Name : Old Net Name=NetJ130_1 New Net Name=NetJ62_1
Change Net Name : Old Net Name=NetJ131_1 New Net Name=NetJ63_1
Change Net Name : Old Net Name=NetJ132_1 New Net Name=NetJ64_1
Change Net Name : Old Net Name=NetJ133_1 New Net Name=NetJ65_1
Change Net Name : Old Net Name=NetJ134_1 New Net Name=NetJ66_1
Added Pin To Net: NetName=XTAL_12_1 Pin=C74-1
Added Pin To Net: NetName=XTAL_12_1 Pin=IC10-185
Added Net: Name=XTAL_12_1
Added Pin To Net: NetName=XTAL_32_2 Pin=C93-2
Added Pin To Net: NetName=XTAL_32_2 Pin=IC10-70
Added Net: Name=XTAL_32_2
Added Room: Name=Designator
Added Room: Name=Designator
Added Room: Name=Designator
Added Room: Name=Designator
Added Room: Name=Designator
Added Room: Name=Designator
Added Room: Name=Designator
Added Room: Name=Designator
Added Room: Name=Designator
Added Room: Name=Designator
