Removed Pin From Net: NetName=BAT_ANODE Pin=RF1-1
Removed Pin From Net: NetName=NetJ4_4 Pin=RF1-2
Removed Pin From Net: NetName=NetJ4_S Pin=RF2-1
Removed Pin From Net: NetName=BAT_ANODE Pin=RF2-2
Removed Pin From Net: NetName=BAT_ANODE Pin=RF3-1
Removed Pin From Net: NetName=NetJ7_S Pin=RF3-2
Removed Pin From Net: NetName=NetIC10_161 Pin=RF4-2
Removed Pin From Net: NetName=NetIC10_9 Pin=RF5-1
Removed Pin From Net: NetName=NetMK1_1 Pin=RF6-1
Removed Pin From Net: NetName=NetMK1_1 Pin=RF7-1
Removed Pin From Net: NetName=NetIC10_5 Pin=RF7-2
Removed Pin From Net: NetName=BAT_ANODE Pin=RF8-1
Removed Pin From Net: NetName=NetMK1_1 Pin=RF8-2
Removed Pin From Net: NetName=NetIC10_6 Pin=RF9-1
Removed Pin From Net: NetName=NetMK1_6 Pin=RF9-2
Removed Pin From Net: NetName=NetMK1_6 Pin=RF10-2
Removed Pin From Net: NetName=BAT_ANODE Pin=RF11-1
Removed Pin From Net: NetName=NetJ45_3 Pin=RF11-2
Removed Pin From Net: NetName=BAT_ANODE Pin=RF12-1
Removed Pin From Net: NetName=NetJ45_2 Pin=RF12-2
Change component parameters: Designator = "R11" ("R11"); Footprint = "0603_1608 RF"; UniqueID = "\BADRTROA" ("\BADRTROA")
Change component parameters (AddParameter): Name = "Composition"; Value = "Thick Film"; VariantName = "[No Variations]"
Change component parameters (AddParameter): Name = "Device ID"; Value = "RES00034"; VariantName = "[No Variations]"
Change component parameters (AddParameter): Name = "Manufacturer"; Value = "Vishay Dale"; VariantName = "[No Variations]"
Change component parameters (AddParameter): Name = "Manufacturer P/N"; Value = "?CRCW0603820KFKEAC?"; VariantName = "[No Variations]"
Change component parameters (AddParameter): Name = "Mounting Type"; Value = "Surface Mount"; VariantName = "[No Variations]"
Change component parameters (AddParameter): Name = "Operating Temperature"; Value = "-55°C ~ 155°C"; VariantName = "[No Variations]"
Change component parameters (AddParameter): Name = "Package"; Value = "0603 (1608 Metric)"; VariantName = "[No Variations]"
Change component parameters (AddParameter): Name = "Part Type"; Value = "Resistor"; VariantName = "[No Variations]"
Change component parameters (AddParameter): Name = "Power"; Value = "0.100W"; VariantName = "[No Variations]"
Change component parameters (AddParameter): Name = "Supplier1"; Value = "Digi-Key"; VariantName = "[No Variations]"
Change component parameters (AddParameter): Name = "Supplier1 P/N"; Value = "?541-5568-1-ND?"; VariantName = "[No Variations]"
Change component parameters (AddParameter): Name = "Supplier2"; Value = "Mouser"; VariantName = "[No Variations]"
Change component parameters (AddParameter): Name = "Supplier2 P/N"; Value = "71-CRCW0603820KFKEAC"; VariantName = "[No Variations]"
Change component parameters (AddParameter): Name = "Tolerance"; Value = "±1%"; VariantName = "[No Variations]"
Change component parameters (AddParameter): Name = "VALUE"; Value = "60O"; VariantName = "[No Variations]"
Change component parameters: Designator = "R12" ("R12"); Footprint = "0603_1608 RF"; UniqueID = "\EURNLOPC" ("\EURNLOPC")
Change component parameters (AddParameter): Name = "Composition"; Value = "Thick Film"; VariantName = "[No Variations]"
Change component parameters (AddParameter): Name = "Device ID"; Value = "RES00034"; VariantName = "[No Variations]"
Change component parameters (AddParameter): Name = "Manufacturer"; Value = "Vishay Dale"; VariantName = "[No Variations]"
Change component parameters (AddParameter): Name = "Manufacturer P/N"; Value = "?CRCW0603820KFKEAC?"; VariantName = "[No Variations]"
Change component parameters (AddParameter): Name = "Mounting Type"; Value = "Surface Mount"; VariantName = "[No Variations]"
Change component parameters (AddParameter): Name = "Operating Temperature"; Value = "-55°C ~ 155°C"; VariantName = "[No Variations]"
Change component parameters (AddParameter): Name = "Package"; Value = "0603 (1608 Metric)"; VariantName = "[No Variations]"
Change component parameters (AddParameter): Name = "Part Type"; Value = "Resistor"; VariantName = "[No Variations]"
Change component parameters (AddParameter): Name = "Power"; Value = "0.100W"; VariantName = "[No Variations]"
Change component parameters (AddParameter): Name = "Supplier1"; Value = "Digi-Key"; VariantName = "[No Variations]"
Change component parameters (AddParameter): Name = "Supplier1 P/N"; Value = "?541-5568-1-ND?"; VariantName = "[No Variations]"
Change component parameters (AddParameter): Name = "Supplier2"; Value = "Mouser"; VariantName = "[No Variations]"
Change component parameters (AddParameter): Name = "Supplier2 P/N"; Value = "71-CRCW0603820KFKEAC"; VariantName = "[No Variations]"
Change component parameters (AddParameter): Name = "Tolerance"; Value = "±1%"; VariantName = "[No Variations]"
Change component parameters (AddParameter): Name = "VALUE"; Value = "60O"; VariantName = "[No Variations]"
Change component parameters: Designator = "C9" ("C9"); Footprint = "0805_2012 RF"; UniqueID = "\LFHIOJRK" ("\LFHIOJRK")
Change component parameters (AddParameter): Name = "Device ID"; Value = "CAP0004A"; VariantName = "[No Variations]"
Change component parameters (AddParameter): Name = "Manufacturer"; Value = "KEMET"; VariantName = "[No Variations]"
Change component parameters (AddParameter): Name = "Manufacturer P/N"; Value = "C0805C475K4RACTU"; VariantName = "[No Variations]"
Change component parameters (AddParameter): Name = "Mounting Type"; Value = "Surface Mount"; VariantName = "[No Variations]"
Change component parameters (AddParameter): Name = "Operating Temperature"; Value = "-55°C ~ 125°C"; VariantName = "[No Variations]"
Change component parameters (AddParameter): Name = "Package"; Value = "0805 (2012 Metric)"; VariantName = "[No Variations]"
Change component parameters (AddParameter): Name = "Part Type"; Value = "Capacitor"; VariantName = "[No Variations]"
Change component parameters (AddParameter): Name = "Supplier1"; Value = "Digi-Key"; VariantName = "[No Variations]"
Change component parameters (AddParameter): Name = "Supplier1 P/N"; Value = "399-7415-1-ND"; VariantName = "[No Variations]"
Change component parameters (AddParameter): Name = "Supplier2"; Value = "Mouser"; VariantName = "[No Variations]"
Change component parameters (AddParameter): Name = "Supplier2 P/N"; Value = "C0805C475K4RACTU"; VariantName = "[No Variations]"
Change component parameters (AddParameter): Name = "Temperature Coefficient"; Value = "X7R"; VariantName = "[No Variations]"
Change component parameters (AddParameter): Name = "Tolerance"; Value = "±10%"; VariantName = "[No Variations]"
Change component parameters (AddParameter): Name = "VALUE"; Value = "3.3µF"; VariantName = "[No Variations]"
Change component parameters (AddParameter): Name = "Voltage"; Value = "16V"; VariantName = "[No Variations]"
Change component parameters: Designator = "C13" ("C13"); Footprint = "0805_2012 RF"; UniqueID = "\ZDXOVMVY" ("\ZDXOVMVY")
Change component parameters (AddParameter): Name = "Device ID"; Value = "CAP0004A"; VariantName = "[No Variations]"
Change component parameters (AddParameter): Name = "Manufacturer"; Value = "KEMET"; VariantName = "[No Variations]"
Change component parameters (AddParameter): Name = "Manufacturer P/N"; Value = "C0805C475K4RACTU"; VariantName = "[No Variations]"
Change component parameters (AddParameter): Name = "Mounting Type"; Value = "Surface Mount"; VariantName = "[No Variations]"
Change component parameters (AddParameter): Name = "Operating Temperature"; Value = "-55°C ~ 125°C"; VariantName = "[No Variations]"
Change component parameters (AddParameter): Name = "Package"; Value = "0805 (2012 Metric)"; VariantName = "[No Variations]"
Change component parameters (AddParameter): Name = "Part Type"; Value = "Capacitor"; VariantName = "[No Variations]"
Change component parameters (AddParameter): Name = "Supplier1"; Value = "Digi-Key"; VariantName = "[No Variations]"
Change component parameters (AddParameter): Name = "Supplier1 P/N"; Value = "399-7415-1-ND"; VariantName = "[No Variations]"
Change component parameters (AddParameter): Name = "Supplier2"; Value = "Mouser"; VariantName = "[No Variations]"
Change component parameters (AddParameter): Name = "Supplier2 P/N"; Value = "C0805C475K4RACTU"; VariantName = "[No Variations]"
Change component parameters (AddParameter): Name = "Temperature Coefficient"; Value = "X7R"; VariantName = "[No Variations]"
Change component parameters (AddParameter): Name = "Tolerance"; Value = "±10%"; VariantName = "[No Variations]"
Change component parameters (AddParameter): Name = "VALUE"; Value = "3.3µF"; VariantName = "[No Variations]"
Change component parameters (AddParameter): Name = "Voltage"; Value = "16V"; VariantName = "[No Variations]"
Added Component: Designator=R64(RES 0603_1608 RF)
Add component (AddParameter): Name = "Composition"; Value = "Thick Film"; VariantName = "[No Variations]"
Add component (AddParameter): Name = "Device ID"; Value = "RES00033"; VariantName = "[No Variations]"
Add component (AddParameter): Name = "Manufacturer"; Value = "Vishay Dale"; VariantName = "[No Variations]"
Add component (AddParameter): Name = "Manufacturer P/N"; Value = "?CRCW0603820KFKEAC?"; VariantName = "[No Variations]"
Add component (AddParameter): Name = "Mounting Type"; Value = "Surface Mount"; VariantName = "[No Variations]"
Add component (AddParameter): Name = "Operating Temperature"; Value = "-55°C ~ 155°C"; VariantName = "[No Variations]"
Add component (AddParameter): Name = "Package"; Value = "0603 (1608 Metric)"; VariantName = "[No Variations]"
Add component (AddParameter): Name = "Part Type"; Value = "Resistor"; VariantName = "[No Variations]"
Add component (AddParameter): Name = "Power"; Value = "0.100W"; VariantName = "[No Variations]"
Add component (AddParameter): Name = "Supplier1"; Value = "Digi-Key"; VariantName = "[No Variations]"
Add component (AddParameter): Name = "Supplier1 P/N"; Value = "?541-5568-1-ND?"; VariantName = "[No Variations]"
Add component (AddParameter): Name = "Supplier2"; Value = "Mouser"; VariantName = "[No Variations]"
Add component (AddParameter): Name = "Supplier2 P/N"; Value = "71-CRCW0603820KFKEAC"; VariantName = "[No Variations]"
Add component (AddParameter): Name = "Tolerance"; Value = "±1%"; VariantName = "[No Variations]"
Add component (AddParameter): Name = "VALUE"; Value = "0O"; VariantName = "[No Variations]"
Added Component: Designator=R65(RES 0603_1608 RF)
Add component (AddParameter): Name = "Composition"; Value = "Thick Film"; VariantName = "[No Variations]"
Add component (AddParameter): Name = "Device ID"; Value = "RES00033"; VariantName = "[No Variations]"
Add component (AddParameter): Name = "Manufacturer"; Value = "Vishay Dale"; VariantName = "[No Variations]"
Add component (AddParameter): Name = "Manufacturer P/N"; Value = "?CRCW0603820KFKEAC?"; VariantName = "[No Variations]"
Add component (AddParameter): Name = "Mounting Type"; Value = "Surface Mount"; VariantName = "[No Variations]"
Add component (AddParameter): Name = "Operating Temperature"; Value = "-55°C ~ 155°C"; VariantName = "[No Variations]"
Add component (AddParameter): Name = "Package"; Value = "0603 (1608 Metric)"; VariantName = "[No Variations]"
Add component (AddParameter): Name = "Part Type"; Value = "Resistor"; VariantName = "[No Variations]"
Add component (AddParameter): Name = "Power"; Value = "0.100W"; VariantName = "[No Variations]"
Add component (AddParameter): Name = "Supplier1"; Value = "Digi-Key"; VariantName = "[No Variations]"
Add component (AddParameter): Name = "Supplier1 P/N"; Value = "?541-5568-1-ND?"; VariantName = "[No Variations]"
Add component (AddParameter): Name = "Supplier2"; Value = "Mouser"; VariantName = "[No Variations]"
Add component (AddParameter): Name = "Supplier2 P/N"; Value = "71-CRCW0603820KFKEAC"; VariantName = "[No Variations]"
Add component (AddParameter): Name = "Tolerance"; Value = "±1%"; VariantName = "[No Variations]"
Add component (AddParameter): Name = "VALUE"; Value = "0O"; VariantName = "[No Variations]"
Added Component: Designator=R66(RES 0603_1608 RF)
Add component (AddParameter): Name = "Composition"; Value = "Thick Film"; VariantName = "[No Variations]"
Add component (AddParameter): Name = "Device ID"; Value = "RES00033"; VariantName = "[No Variations]"
Add component (AddParameter): Name = "Manufacturer"; Value = "Vishay Dale"; VariantName = "[No Variations]"
Add component (AddParameter): Name = "Manufacturer P/N"; Value = "?CRCW0603820KFKEAC?"; VariantName = "[No Variations]"
Add component (AddParameter): Name = "Mounting Type"; Value = "Surface Mount"; VariantName = "[No Variations]"
Add component (AddParameter): Name = "Operating Temperature"; Value = "-55°C ~ 155°C"; VariantName = "[No Variations]"
Add component (AddParameter): Name = "Package"; Value = "0603 (1608 Metric)"; VariantName = "[No Variations]"
Add component (AddParameter): Name = "Part Type"; Value = "Resistor"; VariantName = "[No Variations]"
Add component (AddParameter): Name = "Power"; Value = "0.100W"; VariantName = "[No Variations]"
Add component (AddParameter): Name = "Supplier1"; Value = "Digi-Key"; VariantName = "[No Variations]"
Add component (AddParameter): Name = "Supplier1 P/N"; Value = "?541-5568-1-ND?"; VariantName = "[No Variations]"
Add component (AddParameter): Name = "Supplier2"; Value = "Mouser"; VariantName = "[No Variations]"
Add component (AddParameter): Name = "Supplier2 P/N"; Value = "71-CRCW0603820KFKEAC"; VariantName = "[No Variations]"
Add component (AddParameter): Name = "Tolerance"; Value = "±1%"; VariantName = "[No Variations]"
Add component (AddParameter): Name = "VALUE"; Value = "0O"; VariantName = "[No Variations]"
Added Component: Designator=R67(RES 0603_1608 RF)
Add component (AddParameter): Name = "Composition"; Value = "Thick Film"; VariantName = "[No Variations]"
Add component (AddParameter): Name = "Device ID"; Value = "RES00033"; VariantName = "[No Variations]"
Add component (AddParameter): Name = "Manufacturer"; Value = "Vishay Dale"; VariantName = "[No Variations]"
Add component (AddParameter): Name = "Manufacturer P/N"; Value = "?CRCW0603820KFKEAC?"; VariantName = "[No Variations]"
Add component (AddParameter): Name = "Mounting Type"; Value = "Surface Mount"; VariantName = "[No Variations]"
Add component (AddParameter): Name = "Operating Temperature"; Value = "-55°C ~ 155°C"; VariantName = "[No Variations]"
Add component (AddParameter): Name = "Package"; Value = "0603 (1608 Metric)"; VariantName = "[No Variations]"
Add component (AddParameter): Name = "Part Type"; Value = "Resistor"; VariantName = "[No Variations]"
Add component (AddParameter): Name = "Power"; Value = "0.100W"; VariantName = "[No Variations]"
Add component (AddParameter): Name = "Supplier1"; Value = "Digi-Key"; VariantName = "[No Variations]"
Add component (AddParameter): Name = "Supplier1 P/N"; Value = "?541-5568-1-ND?"; VariantName = "[No Variations]"
Add component (AddParameter): Name = "Supplier2"; Value = "Mouser"; VariantName = "[No Variations]"
Add component (AddParameter): Name = "Supplier2 P/N"; Value = "71-CRCW0603820KFKEAC"; VariantName = "[No Variations]"
Add component (AddParameter): Name = "Tolerance"; Value = "±1%"; VariantName = "[No Variations]"
Add component (AddParameter): Name = "VALUE"; Value = "0O"; VariantName = "[No Variations]"
Added Component: Designator=R68(RES 0603_1608 RF)
Add component (AddParameter): Name = "Composition"; Value = "Thick Film"; VariantName = "[No Variations]"
Add component (AddParameter): Name = "Device ID"; Value = "RES00033"; VariantName = "[No Variations]"
Add component (AddParameter): Name = "Manufacturer"; Value = "Vishay Dale"; VariantName = "[No Variations]"
Add component (AddParameter): Name = "Manufacturer P/N"; Value = "?CRCW0603820KFKEAC?"; VariantName = "[No Variations]"
Add component (AddParameter): Name = "Mounting Type"; Value = "Surface Mount"; VariantName = "[No Variations]"
Add component (AddParameter): Name = "Operating Temperature"; Value = "-55°C ~ 155°C"; VariantName = "[No Variations]"
Add component (AddParameter): Name = "Package"; Value = "0603 (1608 Metric)"; VariantName = "[No Variations]"
Add component (AddParameter): Name = "Part Type"; Value = "Resistor"; VariantName = "[No Variations]"
Add component (AddParameter): Name = "Power"; Value = "0.100W"; VariantName = "[No Variations]"
Add component (AddParameter): Name = "Supplier1"; Value = "Digi-Key"; VariantName = "[No Variations]"
Add component (AddParameter): Name = "Supplier1 P/N"; Value = "?541-5568-1-ND?"; VariantName = "[No Variations]"
Add component (AddParameter): Name = "Supplier2"; Value = "Mouser"; VariantName = "[No Variations]"
Add component (AddParameter): Name = "Supplier2 P/N"; Value = "71-CRCW0603820KFKEAC"; VariantName = "[No Variations]"
Add component (AddParameter): Name = "Tolerance"; Value = "±1%"; VariantName = "[No Variations]"
Add component (AddParameter): Name = "VALUE"; Value = "0O"; VariantName = "[No Variations]"
Added Component: Designator=R69(RES 0603_1608 RF)
Add component (AddParameter): Name = "Composition"; Value = "Thick Film"; VariantName = "[No Variations]"
Add component (AddParameter): Name = "Device ID"; Value = "RES00033"; VariantName = "[No Variations]"
Add component (AddParameter): Name = "Manufacturer"; Value = "Vishay Dale"; VariantName = "[No Variations]"
Add component (AddParameter): Name = "Manufacturer P/N"; Value = "?CRCW0603820KFKEAC?"; VariantName = "[No Variations]"
Add component (AddParameter): Name = "Mounting Type"; Value = "Surface Mount"; VariantName = "[No Variations]"
Add component (AddParameter): Name = "Operating Temperature"; Value = "-55°C ~ 155°C"; VariantName = "[No Variations]"
Add component (AddParameter): Name = "Package"; Value = "0603 (1608 Metric)"; VariantName = "[No Variations]"
Add component (AddParameter): Name = "Part Type"; Value = "Resistor"; VariantName = "[No Variations]"
Add component (AddParameter): Name = "Power"; Value = "0.100W"; VariantName = "[No Variations]"
Add component (AddParameter): Name = "Supplier1"; Value = "Digi-Key"; VariantName = "[No Variations]"
Add component (AddParameter): Name = "Supplier1 P/N"; Value = "?541-5568-1-ND?"; VariantName = "[No Variations]"
Add component (AddParameter): Name = "Supplier2"; Value = "Mouser"; VariantName = "[No Variations]"
Add component (AddParameter): Name = "Supplier2 P/N"; Value = "71-CRCW0603820KFKEAC"; VariantName = "[No Variations]"
Add component (AddParameter): Name = "Tolerance"; Value = "±1%"; VariantName = "[No Variations]"
Add component (AddParameter): Name = "VALUE"; Value = "0O"; VariantName = "[No Variations]"
Added Component: Designator=R70(RES 0603_1608 RF)
Add component (AddParameter): Name = "Composition"; Value = "Thick Film"; VariantName = "[No Variations]"
Add component (AddParameter): Name = "Device ID"; Value = "RES00033"; VariantName = "[No Variations]"
Add component (AddParameter): Name = "Manufacturer"; Value = "Vishay Dale"; VariantName = "[No Variations]"
Add component (AddParameter): Name = "Manufacturer P/N"; Value = "?CRCW0603820KFKEAC?"; VariantName = "[No Variations]"
Add component (AddParameter): Name = "Mounting Type"; Value = "Surface Mount"; VariantName = "[No Variations]"
Add component (AddParameter): Name = "Operating Temperature"; Value = "-55°C ~ 155°C"; VariantName = "[No Variations]"
Add component (AddParameter): Name = "Package"; Value = "0603 (1608 Metric)"; VariantName = "[No Variations]"
Add component (AddParameter): Name = "Part Type"; Value = "Resistor"; VariantName = "[No Variations]"
Add component (AddParameter): Name = "Power"; Value = "0.100W"; VariantName = "[No Variations]"
Add component (AddParameter): Name = "Supplier1"; Value = "Digi-Key"; VariantName = "[No Variations]"
Add component (AddParameter): Name = "Supplier1 P/N"; Value = "?541-5568-1-ND?"; VariantName = "[No Variations]"
Add component (AddParameter): Name = "Supplier2"; Value = "Mouser"; VariantName = "[No Variations]"
Add component (AddParameter): Name = "Supplier2 P/N"; Value = "71-CRCW0603820KFKEAC"; VariantName = "[No Variations]"
Add component (AddParameter): Name = "Tolerance"; Value = "±1%"; VariantName = "[No Variations]"
Add component (AddParameter): Name = "VALUE"; Value = "0O"; VariantName = "[No Variations]"
Added Component: Designator=R71(RES 0603_1608 RF)
Add component (AddParameter): Name = "Composition"; Value = "Thick Film"; VariantName = "[No Variations]"
Add component (AddParameter): Name = "Device ID"; Value = "RES00033"; VariantName = "[No Variations]"
Add component (AddParameter): Name = "Manufacturer"; Value = "Vishay Dale"; VariantName = "[No Variations]"
Add component (AddParameter): Name = "Manufacturer P/N"; Value = "?CRCW0603820KFKEAC?"; VariantName = "[No Variations]"
Add component (AddParameter): Name = "Mounting Type"; Value = "Surface Mount"; VariantName = "[No Variations]"
Add component (AddParameter): Name = "Operating Temperature"; Value = "-55°C ~ 155°C"; VariantName = "[No Variations]"
Add component (AddParameter): Name = "Package"; Value = "0603 (1608 Metric)"; VariantName = "[No Variations]"
Add component (AddParameter): Name = "Part Type"; Value = "Resistor"; VariantName = "[No Variations]"
Add component (AddParameter): Name = "Power"; Value = "0.100W"; VariantName = "[No Variations]"
Add component (AddParameter): Name = "Supplier1"; Value = "Digi-Key"; VariantName = "[No Variations]"
Add component (AddParameter): Name = "Supplier1 P/N"; Value = "?541-5568-1-ND?"; VariantName = "[No Variations]"
Add component (AddParameter): Name = "Supplier2"; Value = "Mouser"; VariantName = "[No Variations]"
Add component (AddParameter): Name = "Supplier2 P/N"; Value = "71-CRCW0603820KFKEAC"; VariantName = "[No Variations]"
Add component (AddParameter): Name = "Tolerance"; Value = "±1%"; VariantName = "[No Variations]"
Add component (AddParameter): Name = "VALUE"; Value = "0O"; VariantName = "[No Variations]"
Added Component: Designator=R72(RES 0603_1608 RF)
Add component (AddParameter): Name = "Composition"; Value = "Thick Film"; VariantName = "[No Variations]"
Add component (AddParameter): Name = "Device ID"; Value = "RES00033"; VariantName = "[No Variations]"
Add component (AddParameter): Name = "Manufacturer"; Value = "Vishay Dale"; VariantName = "[No Variations]"
Add component (AddParameter): Name = "Manufacturer P/N"; Value = "?CRCW0603820KFKEAC?"; VariantName = "[No Variations]"
Add component (AddParameter): Name = "Mounting Type"; Value = "Surface Mount"; VariantName = "[No Variations]"
Add component (AddParameter): Name = "Operating Temperature"; Value = "-55°C ~ 155°C"; VariantName = "[No Variations]"
Add component (AddParameter): Name = "Package"; Value = "0603 (1608 Metric)"; VariantName = "[No Variations]"
Add component (AddParameter): Name = "Part Type"; Value = "Resistor"; VariantName = "[No Variations]"
Add component (AddParameter): Name = "Power"; Value = "0.100W"; VariantName = "[No Variations]"
Add component (AddParameter): Name = "Supplier1"; Value = "Digi-Key"; VariantName = "[No Variations]"
Add component (AddParameter): Name = "Supplier1 P/N"; Value = "?541-5568-1-ND?"; VariantName = "[No Variations]"
Add component (AddParameter): Name = "Supplier2"; Value = "Mouser"; VariantName = "[No Variations]"
Add component (AddParameter): Name = "Supplier2 P/N"; Value = "71-CRCW0603820KFKEAC"; VariantName = "[No Variations]"
Add component (AddParameter): Name = "Tolerance"; Value = "±1%"; VariantName = "[No Variations]"
Add component (AddParameter): Name = "VALUE"; Value = "0O"; VariantName = "[No Variations]"
Added Component: Designator=R73(RES 0603_1608 RF)
Add component (AddParameter): Name = "Composition"; Value = "Thick Film"; VariantName = "[No Variations]"
Add component (AddParameter): Name = "Device ID"; Value = "RES00033"; VariantName = "[No Variations]"
Add component (AddParameter): Name = "Manufacturer"; Value = "Vishay Dale"; VariantName = "[No Variations]"
Add component (AddParameter): Name = "Manufacturer P/N"; Value = "?CRCW0603820KFKEAC?"; VariantName = "[No Variations]"
Add component (AddParameter): Name = "Mounting Type"; Value = "Surface Mount"; VariantName = "[No Variations]"
Add component (AddParameter): Name = "Operating Temperature"; Value = "-55°C ~ 155°C"; VariantName = "[No Variations]"
Add component (AddParameter): Name = "Package"; Value = "0603 (1608 Metric)"; VariantName = "[No Variations]"
Add component (AddParameter): Name = "Part Type"; Value = "Resistor"; VariantName = "[No Variations]"
Add component (AddParameter): Name = "Power"; Value = "0.100W"; VariantName = "[No Variations]"
Add component (AddParameter): Name = "Supplier1"; Value = "Digi-Key"; VariantName = "[No Variations]"
Add component (AddParameter): Name = "Supplier1 P/N"; Value = "?541-5568-1-ND?"; VariantName = "[No Variations]"
Add component (AddParameter): Name = "Supplier2"; Value = "Mouser"; VariantName = "[No Variations]"
Add component (AddParameter): Name = "Supplier2 P/N"; Value = "71-CRCW0603820KFKEAC"; VariantName = "[No Variations]"
Add component (AddParameter): Name = "Tolerance"; Value = "±1%"; VariantName = "[No Variations]"
Add component (AddParameter): Name = "VALUE"; Value = "0O"; VariantName = "[No Variations]"
Added Component: Designator=R74(RES 0603_1608 RF)
Add component (AddParameter): Name = "Composition"; Value = "Thick Film"; VariantName = "[No Variations]"
Add component (AddParameter): Name = "Device ID"; Value = "RES00033"; VariantName = "[No Variations]"
Add component (AddParameter): Name = "Manufacturer"; Value = "Vishay Dale"; VariantName = "[No Variations]"
Add component (AddParameter): Name = "Manufacturer P/N"; Value = "?CRCW0603820KFKEAC?"; VariantName = "[No Variations]"
Add component (AddParameter): Name = "Mounting Type"; Value = "Surface Mount"; VariantName = "[No Variations]"
Add component (AddParameter): Name = "Operating Temperature"; Value = "-55°C ~ 155°C"; VariantName = "[No Variations]"
Add component (AddParameter): Name = "Package"; Value = "0603 (1608 Metric)"; VariantName = "[No Variations]"
Add component (AddParameter): Name = "Part Type"; Value = "Resistor"; VariantName = "[No Variations]"
Add component (AddParameter): Name = "Power"; Value = "0.100W"; VariantName = "[No Variations]"
Add component (AddParameter): Name = "Supplier1"; Value = "Digi-Key"; VariantName = "[No Variations]"
Add component (AddParameter): Name = "Supplier1 P/N"; Value = "?541-5568-1-ND?"; VariantName = "[No Variations]"
Add component (AddParameter): Name = "Supplier2"; Value = "Mouser"; VariantName = "[No Variations]"
Add component (AddParameter): Name = "Supplier2 P/N"; Value = "71-CRCW0603820KFKEAC"; VariantName = "[No Variations]"
Add component (AddParameter): Name = "Tolerance"; Value = "±1%"; VariantName = "[No Variations]"
Add component (AddParameter): Name = "VALUE"; Value = "0O"; VariantName = "[No Variations]"
Added Pin To Net: NetName=NetD1_1 Pin=IC4-16
Added Pin To Net: NetName=NetJ4_4 Pin=R64-1
Added Pin To Net: NetName=BAT_ANODE Pin=R64-2
Added Pin To Net: NetName=NetJ4_S Pin=R65-1
Added Pin To Net: NetName=BAT_ANODE Pin=R65-2
Added Pin To Net: NetName=BAT_ANODE Pin=R66-1
Added Pin To Net: NetName=NetJ7_S Pin=R66-2
Added Pin To Net: NetName=NetIC10_161 Pin=R67-1
Added Pin To Net: NetName=NetIC10_9 Pin=R68-2
Added Pin To Net: NetName=NetMK1_1 Pin=R69-2
Added Pin To Net: NetName=NetIC10_5 Pin=R70-1
Added Pin To Net: NetName=BAT_ANODE Pin=R71-2
Added Pin To Net: NetName=NetMK1_6 Pin=R72-1
Added Pin To Net: NetName=NetIC10_6 Pin=R72-2
Added Pin To Net: NetName=NetMK1_6 Pin=R73-1
Added Pin To Net: NetName=NetMK1_1 Pin=R74-2
Added Pin To Net: NetName=NetR67_2 Pin=R67-2
Added Pin To Net: NetName=NetR67_2 Pin=R69-1
Added Net: Name=NetR67_2
Added Pin To Net: NetName=NetR68_1 Pin=R68-1
Added Pin To Net: NetName=NetR68_1 Pin=R73-2
Added Net: Name=NetR68_1
Added Pin To Net: NetName=NetR70_2 Pin=R70-2
Added Pin To Net: NetName=NetR70_2 Pin=R71-1
Added Pin To Net: NetName=NetR70_2 Pin=R74-1
Added Net: Name=NetR70_2
Added Member To Class: ClassName=Designator Member=Component R37 5O
Added Member To Class: ClassName=Designator Member=Component R40 1MO
Added Member To Class: ClassName=Designator Member=Component R46 1MO
Added Member To Class: ClassName=Designator Member=Component R47 1MO
Added Member To Class: ClassName=Designator Member=Component R52 1MO
Added Member To Class: ClassName=Designator Member=Component R56 55O
Added Room: Name=Designator
Added Room: Name=Designator
Added Room: Name=Designator
Added Room: Name=Designator
Added Room: Name=Designator
Added Room: Name=Designator
Added Room: Name=Designator
Added Room: Name=Designator
Added Room: Name=Designator
Added Room: Name=Designator
