Removed Pin From Net: NetName=NetIC10_9 Pin=R68-2
Removed Pin From Net: NetName=BAT_ANODE Pin=U1-1
Removed Pin From Net: NetName=NetIC10_122 Pin=U1-2
Removed Pin From Net: NetName=VDD_3.3 Pin=U1-3
Added Component: Designator=IC?(STS40CD1BR3)
Add component (AddParameter): Name = "Arrow Part Number"; Value = ""; VariantName = "[No Variations]"
Add component (AddParameter): Name = "Arrow Price/Stock"; Value = ""; VariantName = "[No Variations]"
Add component (AddParameter): Name = "Datasheet Link"; Value = "https://sensirion.com/media/documents/D2D0B4A9/62060AD9/Sensirion_Datasheet_STS4x.pdf"; VariantName = "[No Variations]"
Add component (AddParameter): Name = "Height"; Value = "0.65mm"; VariantName = "[No Variations]"
Add component (AddParameter): Name = "Manufacturer_Name"; Value = "Sensirion"; VariantName = "[No Variations]"
Add component (AddParameter): Name = "Manufacturer_Part_Number"; Value = "STS40-CD1B-R3"; VariantName = "[No Variations]"
Add component (AddParameter): Name = "Mouser Part Number"; Value = "403-STS40-CD1B-R3"; VariantName = "[No Variations]"
Add component (AddParameter): Name = "Mouser Price/Stock"; Value = "https://www.mouser.co.uk/ProductDetail/Sensirion/STS40-CD1B-R3?qs=MyNHzdoqoQImDTeCzq4hBA%3D%3D"; VariantName = "[No Variations]"
Add component (AddParameter): Name = "Mouser Testing Part Number"; Value = ""; VariantName = "[No Variations]"
Add component (AddParameter): Name = "Mouser Testing Price/Stock"; Value = ""; VariantName = "[No Variations]"
Added Pin To Net: NetName=NetIC10_1 Pin=IC?-1
Added Pin To Net: NetName=NetDS2_6 Pin=IC?-2
Added Pin To Net: NetName=VDD_3.3 Pin=IC?-3
Added Pin To Net: NetName=BAT_ANODE Pin=IC?-4
Added Pin To Net: NetName=NetIC10_5 Pin=R70-1
Added Pin To Net: NetName=NetIC10_9 Pin=R73-2
Added Room: Name=Designator
Added Room: Name=Designator
Added Room: Name=Designator
Added Room: Name=Designator
Added Room: Name=Designator
Added Room: Name=Designator
Added Room: Name=Designator
Added Room: Name=Designator
Added Room: Name=Designator
