Added Pin To Net: NetName=GND Pin=C1-1
Added Pin To Net: NetName=GND Pin=C2-1
Added Pin To Net: NetName=GND Pin=C3-1
Added Pin To Net: NetName=GND Pin=C4-1
Added Pin To Net: NetName=GND Pin=C6-1
Added Pin To Net: NetName=GND Pin=C7-2
Added Pin To Net: NetName=GND Pin=C8-1
Added Pin To Net: NetName=GND Pin=C9-1
Added Pin To Net: NetName=GND Pin=C10-1
Added Pin To Net: NetName=GND Pin=C11-1
Added Pin To Net: NetName=GND Pin=C12-1
Added Pin To Net: NetName=GND Pin=C13-1
Added Pin To Net: NetName=GND Pin=C14-1
Added Pin To Net: NetName=GND Pin=C15-1
Added Pin To Net: NetName=GND Pin=C16-1
Added Pin To Net: NetName=GND Pin=C17-1
Added Pin To Net: NetName=GND Pin=C21-1
Added Pin To Net: NetName=GND Pin=C22-1
Added Pin To Net: NetName=GND Pin=C23-1
Added Pin To Net: NetName=GND Pin=C26-1
Added Pin To Net: NetName=GND Pin=C27-1
Added Pin To Net: NetName=GND Pin=C28-1
Added Pin To Net: NetName=GND Pin=C29-1
Added Pin To Net: NetName=GND Pin=C96-1
Added Pin To Net: NetName=GND Pin=C97-2
Added Pin To Net: NetName=GND Pin=C98-2
Added Pin To Net: NetName=GND Pin=C99-1
Added Pin To Net: NetName=GND Pin=C100-1
Added Pin To Net: NetName=GND Pin=C101-2
Added Pin To Net: NetName=GND Pin=C102-2
Added Pin To Net: NetName=GND Pin=C103-1
Added Pin To Net: NetName=GND Pin=C104-2
Added Pin To Net: NetName=GND Pin=C105-2
Added Pin To Net: NetName=GND Pin=C106-1
Added Pin To Net: NetName=GND Pin=C107-1
Added Pin To Net: NetName=GND Pin=C108-1
Added Pin To Net: NetName=GND Pin=DS1-1
Added Pin To Net: NetName=GND Pin=DS1-3
Added Pin To Net: NetName=GND Pin=DS1-29
Added Pin To Net: NetName=GND Pin=DS1-36
Added Pin To Net: NetName=GND Pin=DS2-4
Added Pin To Net: NetName=GND Pin=DS2-8
Added Pin To Net: NetName=GND Pin=DS2-9
Added Pin To Net: NetName=GND Pin=IC1-4
Added Pin To Net: NetName=GND Pin=IC1-6
Added Pin To Net: NetName=GND Pin=IC2-2
Added Pin To Net: NetName=GND Pin=IC2-16
Added Pin To Net: NetName=GND Pin=IC2-17
Added Pin To Net: NetName=GND Pin=IC2-22
Added Pin To Net: NetName=GND Pin=IC2-24
Added Pin To Net: NetName=GND Pin=IC2-25
Added Pin To Net: NetName=GND Pin=IC2-25
Added Pin To Net: NetName=GND Pin=IC2-25
Added Pin To Net: NetName=GND Pin=IC2-25
Added Pin To Net: NetName=GND Pin=IC2-25
Added Pin To Net: NetName=GND Pin=IC2-25
Added Pin To Net: NetName=NetD1_1 Pin=IC4-16
Added Pin To Net: NetName=GND Pin=IC6-2
Added Pin To Net: NetName=GND Pin=IC8-4
Added Pin To Net: NetName=GND Pin=IC8-5
Added Pin To Net: NetName=GND Pin=IC8-6
Added Pin To Net: NetName=GND Pin=IC8-7
Added Pin To Net: NetName=GND Pin=IC13-2
Added Pin To Net: NetName=GND Pin=IC16-2
Added Pin To Net: NetName=GND Pin=IC19-2
Added Pin To Net: NetName=GND Pin=IC26-4
Added Pin To Net: NetName=GND Pin=IC27-13
Added Pin To Net: NetName=GND Pin=IC27-25
Added Pin To Net: NetName=GND Pin=IC27-36
Added Pin To Net: NetName=GND Pin=IC27-48
Added Pin To Net: NetName=GND Pin=IC28-2
Added Pin To Net: NetName=GND Pin=IC29-2
Added Pin To Net: NetName=GND Pin=J1-2
Added Pin To Net: NetName=GND Pin=J45-5
Added Pin To Net: NetName=GND Pin=J45-S
Added Pin To Net: NetName=GND Pin=J45-S
Added Pin To Net: NetName=GND Pin=J45-S
Added Pin To Net: NetName=GND Pin=J45-S
Added Pin To Net: NetName=GND Pin=J45-S
Added Pin To Net: NetName=GND Pin=J45-S
Added Pin To Net: NetName=GND Pin=MK1-2
Added Pin To Net: NetName=GND Pin=R3-1
Added Pin To Net: NetName=GND Pin=R4-1
Added Pin To Net: NetName=GND Pin=R5-1
Added Pin To Net: NetName=GND Pin=R8-2
Added Pin To Net: NetName=GND Pin=R10-1
Added Pin To Net: NetName=GND Pin=R17-1
Added Pin To Net: NetName=GND Pin=R32-1
Added Pin To Net: NetName=GND Pin=R36-1
Added Pin To Net: NetName=GND Pin=R37-1
Added Pin To Net: NetName=GND Pin=R38-1
Added Pin To Net: NetName=GND Pin=R43-1
Added Pin To Net: NetName=GND Pin=R44-1
Added Pin To Net: NetName=GND Pin=R45-1
Added Pin To Net: NetName=GND Pin=R48-1
Added Pin To Net: NetName=GND Pin=R49-1
Added Pin To Net: NetName=GND Pin=R54-1
Added Pin To Net: NetName=GND Pin=R55-1
Added Pin To Net: NetName=GND Pin=R56-1
Added Pin To Net: NetName=GND Pin=R57-1
Added Pin To Net: NetName=GND Pin=R60-1
Added Pin To Net: NetName=GND Pin=R61-1
Added Pin To Net: NetName=GND Pin=R62-2
Added Pin To Net: NetName=GND Pin=R71-2
Added Pin To Net: NetName=GND Pin=S2-2
Added Pin To Net: NetName=GND Pin=S3-2
Added Pin To Net: NetName=GND Pin=S4-1
Added Pin To Net: NetName=GND Pin=U1-1
Added Pin To Net: NetName=GND Pin=U2-1
Added Pin To Net: NetName=GND Pin=U2-40
Added Pin To Net: NetName=GND Pin=U2-41_1
Added Pin To Net: NetName=GND Pin=U2-41_2
Added Pin To Net: NetName=GND Pin=U2-41_3
Added Pin To Net: NetName=GND Pin=U2-41_4
Added Pin To Net: NetName=GND Pin=U2-41_5
Added Pin To Net: NetName=GND Pin=U2-41_6
Added Pin To Net: NetName=GND Pin=U2-41_7
Added Pin To Net: NetName=GND Pin=U2-41_8
Added Pin To Net: NetName=GND Pin=U2-41_9
Change Net Name : Old Net Name=GND New Net Name=BAT_ANODE
Change Room Name: Old Name=Designator_7 New Name=Designator
Added Room: Name=Designator
Added Room: Name=Designator
Added Room: Name=Designator
Added Room: Name=Designator
Added Room: Name=Designator
Added Room: Name=Designator
Added Room: Name=Designator
Added Room: Name=Designator
