Removed Pin From Net: NetName=BAT_ANODE Pin=IC8-13
Removed Pin From Net: NetName=NetDS1_6 Pin=IC11-4
Removed Pin From Net: NetName=NetC97_1 Pin=IC11-55
Removed Pin From Net: NetName=NetDS1_6 Pin=R28-1
Removed Pin From Net: NetName=BAT_ANODE Pin=S1_1-1
Removed Pin From Net: NetName=NetC96_2 Pin=S1_1-3
Removed Pin From Net: NetName=BAT_ANODE Pin=S2-1
Removed Pin From Net: NetName=NetC97_1 Pin=S2-3
Removed Pin From Net: NetName=BAT_ANODE Pin=S3-2
Removed Pin From Net: NetName=NetC98_1 Pin=S3-4
Removed Pin From Net: NetName=BAT_ANODE Pin=U1-41_10
Removed Pin From Net: NetName=BAT_ANODE Pin=U1-41_11
Removed Pin From Net: NetName=BAT_ANODE Pin=U1-41_12
Removed Pin From Net: NetName=BAT_ANODE Pin=U1-41_13
Removed Pin From Net: NetName=BAT_ANODE Pin=U1-41_14
Removed Pin From Net: NetName=BAT_ANODE Pin=U1-41_15
Removed Pin From Net: NetName=BAT_ANODE Pin=U1-41_16
Removed Pin From Net: NetName=BAT_ANODE Pin=U1-41_17
Removed Pin From Net: NetName=BAT_ANODE Pin=U1-41_18
Removed Pin From Net: NetName=BAT_ANODE Pin=U1-41_19
Removed Pin From Net: NetName=BAT_ANODE Pin=U1-41_20
Removed Pin From Net: NetName=BAT_ANODE Pin=U1-41_21
Removed Pin From Net: NetName=BAT_ANODE Pin=Y1-1
Removed Pin From Net: NetName=XTAL_32_2 Pin=Y1-1
Removed Pin From Net: NetName=XTAL_32_1 Pin=Y1-3
Removed Pin From Net: NetName=BAT_ANODE Pin=Y1-4
Removed Pin From Net: NetName=XTAL_12_1 Pin=Y2-1
Removed Pin From Net: NetName=BAT_ANODE Pin=Y2-2
Removed Pin From Net: NetName=XTAL_12_2 Pin=Y2-3
Removed Pin From Net: NetName=BAT_ANODE Pin=Y2-4
Added Pin To Net: NetName=NetDS1_6 Pin=IC11-3
Added Pin To Net: NetName=NetDS1_7 Pin=IC11-4
Added Pin To Net: NetName=NetIC11_2 Pin=IC15-7
Added Pin To Net: NetName=NetIC11_1 Pin=IC18-1
Added Pin To Net: NetName=NetIC11_2 Pin=IC18-2
Added Pin To Net: NetName=VDD_3.3 Pin=IC18-3
Added Pin To Net: NetName=BAT_ANODE Pin=IC18-4
Added Pin To Net: NetName=NetIC11_2 Pin=J7-1
Added Pin To Net: NetName=NetC97_1 Pin=J27-1
Added Pin To Net: NetName=NetDS1_7 Pin=R28-1
Added Pin To Net: NetName=NetDS1_6 Pin=R29-1
Added Pin To Net: NetName=XTAL_32_1 Pin=Y1-1
Added Pin To Net: NetName=XTAL_32_1 Pin=Y1-1
Added Pin To Net: NetName=XTAL_12_2 Pin=Y2-1
Added Pin To Net: NetName=XTAL_12_1 Pin=Y2-2
