Removed Pin From Net: NetName=BAT_ANODE Pin=IC8-13
Removed Pin From Net: NetName=NetDS1_6 Pin=IC11-1
Removed Pin From Net: NetName=NetDS1_6 Pin=IC11-3
Removed Pin From Net: NetName=NetDS1_6 Pin=IC15-7
Removed Pin From Net: NetName=NetDS1_6 Pin=IC15-8
Removed Pin From Net: NetName=NetDS1_6 Pin=J7-1
Removed Pin From Net: NetName=NetDS1_6 Pin=J8-1
Removed Pin From Net: NetName=NetDS1_6 Pin=R29-1
Removed Pin From Net: NetName=NetDS1_6 Pin=R31-1
Removed Pin From Net: NetName=BAT_ANODE Pin=U1-41_10
Removed Pin From Net: NetName=BAT_ANODE Pin=U1-41_11
Removed Pin From Net: NetName=BAT_ANODE Pin=U1-41_12
Removed Pin From Net: NetName=BAT_ANODE Pin=U1-41_13
Removed Pin From Net: NetName=BAT_ANODE Pin=U1-41_14
Removed Pin From Net: NetName=BAT_ANODE Pin=U1-41_15
Removed Pin From Net: NetName=BAT_ANODE Pin=U1-41_16
Removed Pin From Net: NetName=BAT_ANODE Pin=U1-41_17
Removed Pin From Net: NetName=BAT_ANODE Pin=U1-41_18
Removed Pin From Net: NetName=BAT_ANODE Pin=U1-41_19
Removed Pin From Net: NetName=BAT_ANODE Pin=U1-41_20
Removed Pin From Net: NetName=BAT_ANODE Pin=U1-41_21
Added Pin To Net: NetName=VDD_3.3 Pin=IC18-3
Added Pin To Net: NetName=BAT_ANODE Pin=IC18-4
Added Pin To Net: NetName=NetIC11_1 Pin=IC11-1
Added Pin To Net: NetName=NetIC11_1 Pin=IC15-8
Added Pin To Net: NetName=NetIC11_1 Pin=IC18-1
Added Pin To Net: NetName=NetIC11_1 Pin=J8-1
Added Pin To Net: NetName=NetIC11_1 Pin=R31-1
Added Net: Name=NetIC11_1
Added Pin To Net: NetName=NetIC11_3 Pin=IC11-3
Added Pin To Net: NetName=NetIC11_3 Pin=IC15-7
Added Pin To Net: NetName=NetIC11_3 Pin=IC18-2
Added Pin To Net: NetName=NetIC11_3 Pin=J7-1
Added Pin To Net: NetName=NetIC11_3 Pin=R29-1
Added Net: Name=NetIC11_3
