Removed Pin From Net: NetName=BAT_ANODE Pin=C8-2
Removed Pin From Net: NetName=BAT_ANODE Pin=C9-2
Removed Pin From Net: NetName=BAT_ANODE Pin=C10-2
Removed Pin From Net: NetName=BAT_ANODE Pin=C48-2
Removed Pin From Net: NetName=BAT_ANODE Pin=C49-2
Removed Pin From Net: NetName=BAT_ANODE Pin=D5-4
Removed Pin From Net: NetName=BAT_ANODE Pin=IC2-21
Removed Pin From Net: NetName=BAT_ANODE Pin=IC9-7
Removed Pin From Net: NetName=BAT_ANODE Pin=IC10-205
Removed Pin From Net: NetName=BAT_ANODE Pin=IC10-211
Removed Pin From Net: NetName=BAT_ANODE Pin=IC10-212
Removed Pin From Net: NetName=NetIC10_162 Pin=IC28-1
Removed Pin From Net: NetName=BAT_ANODE Pin=J4-1
Removed Pin From Net: NetName=BAT_ANODE Pin=J7-1
Removed Pin From Net: NetName=BAT_ANODE Pin=R19-1
Removed Pin From Net: NetName=BAT_ANODE Pin=R20-1
Removed Pin From Net: NetName=BAT_ANODE Pin=R21-1
Removed Pin From Net: NetName=NetIC10_162 Pin=R61-2
Added Pin To Net: NetName=NetIC28_1 Pin=IC28-1
Added Pin To Net: NetName=NetIC28_1 Pin=R61-2
Added Net: Name=NetIC28_1
Added Pin To Net: NetName=VDD_5_USB Pin=C8-2
Added Pin To Net: NetName=VDD_5_USB Pin=C9-2
Added Pin To Net: NetName=VDD_5_USB Pin=C10-2
Added Pin To Net: NetName=VDD_5_USB Pin=C48-2
Added Pin To Net: NetName=VDD_5_USB Pin=C49-2
Added Pin To Net: NetName=VDD_5_USB Pin=D5-4
Added Pin To Net: NetName=VDD_5_USB Pin=IC2-21
Added Pin To Net: NetName=VDD_5_USB Pin=IC9-7
Added Pin To Net: NetName=VDD_5_USB Pin=IC10-205
Added Pin To Net: NetName=VDD_5_USB Pin=IC10-211
Added Pin To Net: NetName=VDD_5_USB Pin=IC10-212
Added Pin To Net: NetName=VDD_5_USB Pin=J4-1
Added Pin To Net: NetName=VDD_5_USB Pin=J7-1
Added Pin To Net: NetName=VDD_5_USB Pin=R19-1
Added Pin To Net: NetName=VDD_5_USB Pin=R20-1
Added Pin To Net: NetName=VDD_5_USB Pin=R21-1
Added Net: Name=VDD_5_USB
