Removed Pin From Net: NetName=NetC97_1 Pin=IC11-55
Added Pin To Net: NetName=VDD_3.0_COIN Pin=BAT1-4
Added Pin To Net: NetName=VDD_3.0_COIN Pin=IC11-66
Change Net Name : Old Net Name=NetIC11_1 New Net Name=I2C1_SDA
Added Pin To Net: NetName=I2C0_SCL Pin=DS1-7
Added Pin To Net: NetName=I2C0_SCL Pin=IC11-4
Added Pin To Net: NetName=I2C0_SCL Pin=J5-1
Added Pin To Net: NetName=I2C0_SCL Pin=R28-1
Added Net: Name=I2C0_SCL
Added Pin To Net: NetName=I2C0_SDA Pin=DS1-6
Added Pin To Net: NetName=I2C0_SDA Pin=IC11-3
Added Pin To Net: NetName=I2C0_SDA Pin=J6-1
Added Pin To Net: NetName=I2C0_SDA Pin=R29-1
Added Net: Name=I2C0_SDA
Added Pin To Net: NetName=I2C1_SCL Pin=IC11-2
Added Pin To Net: NetName=I2C1_SCL Pin=IC15-7
Added Pin To Net: NetName=I2C1_SCL Pin=IC18-2
Added Pin To Net: NetName=I2C1_SCL Pin=J7-1
Added Pin To Net: NetName=I2C1_SCL Pin=R39-1
Added Net: Name=I2C1_SCL
