Removed Pin From Net: NetName=VDD_3.3 Pin=D5-3
Removed Pin From Net: NetName=VDD_3.3 Pin=D6-3
Removed Pin From Net: NetName=VDD_3.3 Pin=D7-3
Removed Pin From Net: NetName=VDD_3.3 Pin=D8-3
Removed Pin From Net: NetName=VDD_3.3 Pin=D9-3
Removed Pin From Net: NetName=VDD_3.3 Pin=D10-3
Removed Pin From Net: NetName=VDD_3.3 Pin=D13-3
Removed Pin From Net: NetName=VDD_3.3 Pin=D14-3
Removed Pin From Net: NetName=VDD_3.3 Pin=D15-3
Removed Pin From Net: NetName=VDD_3.3 Pin=D16-3
Removed Member From Class: ClassName=Designator Member=D5
Removed Member From Class: ClassName=Designator Member=D6
Removed Member From Class: ClassName=Designator Member=D7
Removed Member From Class: ClassName=Designator Member=D8
Removed Member From Class: ClassName=Designator Member=D9
Removed Member From Class: ClassName=Designator Member=D10
Removed Member From Class: ClassName=Designator Member=D13
Removed Member From Class: ClassName=Designator Member=D14
Removed Member From Class: ClassName=Designator Member=D15
Removed Member From Class: ClassName=Designator Member=D16
Removed Member From Class: ClassName=Designator Member=R43
Removed Member From Class: ClassName=Designator Member=R44
Removed Member From Class: ClassName=Designator Member=R45
Removed Member From Class: ClassName=Designator Member=R46
Removed Member From Class: ClassName=Designator Member=R47
Removed Member From Class: ClassName=Designator Member=R48
Removed Member From Class: ClassName=Designator Member=R49
Removed Member From Class: ClassName=Designator Member=R50
Removed Member From Class: ClassName=Designator Member=R51
Removed Member From Class: ClassName=Designator Member=R52
Removed Member From Class: ClassName=Designator Member=R53
Removed Member From Class: ClassName=Designator Member=R54
Removed Member From Class: ClassName=Designator Member=R55
Removed Member From Class: ClassName=Designator Member=R56
Removed Member From Class: ClassName=Designator Member=R57
Removed Member From Class: ClassName=Designator Member=R75
Removed Member From Class: ClassName=Designator Member=R76
Removed Member From Class: ClassName=Designator Member=R77
Removed Member From Class: ClassName=Designator Member=R78
Removed Member From Class: ClassName=Designator Member=R79
Removed Member From Class: ClassName=Designator Member=R80
Removed Member From Class: ClassName=Designator Member=R81
Removed Member From Class: ClassName=Designator Member=R82
Removed Member From Class: ClassName=Designator Member=R83
Removed Member From Class: ClassName=Designator Member=R84
Removed Member From Class: ClassName=Designator Member=R85
Removed Member From Class: ClassName=Designator Member=R86
Removed Member From Class: ClassName=Designator Member=R87
Removed Member From Class: ClassName=Designator Member=R88
Removed Member From Class: ClassName=Designator Member=R89
Added Pin To Net: NetName=NetDS1_6 Pin=IC18-1
Added Pin To Net: NetName=NetDS1_6 Pin=IC18-2
Added Pin To Net: NetName=VDD_3.3 Pin=IC18-3
Added Pin To Net: NetName=BAT_ANODE Pin=IC18-4
Added Pin To Net: NetName=NetIC11_174 Pin=R40-1
