Removed Pin From Net: NetName=VDD_3.0_COIN Pin=BAT1-4
Removed Pin From Net: NetName=NetC97_1 Pin=C97-1
Removed Pin From Net: NetName=NetD1_1 Pin=IC4-1
Removed Pin From Net: NetName=NetD1_1 Pin=IC4-2
Removed Pin From Net: NetName=NetD1_1 Pin=IC4-3
Removed Pin From Net: NetName=NetD1_1 Pin=IC4-4
Removed Pin From Net: NetName=VBAT_DIODE Pin=IC4-6
Removed Pin From Net: NetName=VBAT_DIODE Pin=IC4-7
Removed Pin From Net: NetName=NetD1_1 Pin=IC4-9
Removed Pin From Net: NetName=NetD1_1 Pin=IC4-10
Removed Pin From Net: NetName=NetD1_1 Pin=IC4-12
Removed Pin From Net: NetName=NetD1_1 Pin=IC4-13
Removed Pin From Net: NetName=NetD1_1 Pin=IC4-14
Removed Pin From Net: NetName=NetD1_1 Pin=IC4-15
Removed Pin From Net: NetName=NetC20_1 Pin=IC4-16
Removed Pin From Net: NetName=VDD_3.0_COIN Pin=IC10-66
Removed Pin From Net: NetName=NetC97_1 Pin=S3-4
Added Component: Designator=IC?(ANALOG DFN-16)
Add component (AddParameter): Name = "Applications"; Value = "General Purpose"; VariantName = "[No Variations]"
Add component (AddParameter): Name = "Current - Output (Max)"; Value = "1.5A"; VariantName = "[No Variations]"
Add component (AddParameter): Name = "Delay Time - OFF"; Value = "2 µs"; VariantName = "[No Variations]"
Add component (AddParameter): Name = "Delay Time - ON"; Value = "27 µs"; VariantName = "[No Variations]"
Add component (AddParameter): Name = "Device ID"; Value = "DCN00001"; VariantName = "[No Variations]"
Add component (AddParameter): Name = "FET Type"; Value = "P-Channel"; VariantName = "[No Variations]"
Add component (AddParameter): Name = "Internal Switch(s)"; Value = "Yes"; VariantName = "[No Variations]"
Add component (AddParameter): Name = "Manufacturer"; Value = "Texas Instruments"; VariantName = "[No Variations]"
Add component (AddParameter): Name = "Manufacturer P/N"; Value = "LM66100DCKR"; VariantName = "[No Variations]"
Add component (AddParameter): Name = "Mounting Type"; Value = "Surface Mount"; VariantName = "[No Variations]"
Add component (AddParameter): Name = "Operating Temperature"; Value = "-40°C ~ 105°C"; VariantName = "[No Variations]"
Add component (AddParameter): Name = "Package"; Value = "SOT-363"; VariantName = "[No Variations]"
Add component (AddParameter): Name = "Part Type"; Value = "IC"; VariantName = "[No Variations]"
Add component (AddParameter): Name = "Ratio - Input:Output"; Value = "1:1"; VariantName = "[No Variations]"
Add component (AddParameter): Name = "Supplier1"; Value = "Digi-Key"; VariantName = "[No Variations]"
Add component (AddParameter): Name = "Supplier1 P/N"; Value = "296-53541-1-ND"; VariantName = "[No Variations]"
Add component (AddParameter): Name = "Supplier2"; Value = "Mouser"; VariantName = "[No Variations]"
Add component (AddParameter): Name = "Supplier2 P/N"; Value = "595-LM66100DCKR"; VariantName = "[No Variations]"
Add component (AddParameter): Name = "VALUE"; Value = "Ideal Diode"; VariantName = "[No Variations]"
Add component (AddParameter): Name = "Voltage - Supply"; Value = "1.5V ~ 5.5V"; VariantName = "[No Variations]"
Added Pin To Net: NetName=VDD_3.0_COIN Pin=BAT1-1
Added Pin To Net: NetName=VDD_3.0_COIN Pin=IC11-5
Added Pin To Net: NetName=NetD1_1 Pin=IC?-1
Added Pin To Net: NetName=NetD1_1 Pin=IC?-2
Added Pin To Net: NetName=NetD1_1 Pin=IC?-3
Added Pin To Net: NetName=NetD1_1 Pin=IC?-4
Added Pin To Net: NetName=NetC20_1 Pin=IC?-6
Added Pin To Net: NetName=VBAT_DIODE Pin=IC?-7
Added Pin To Net: NetName=NetD1_1 Pin=IC?-9
Added Pin To Net: NetName=NetD1_1 Pin=IC?-10
Added Pin To Net: NetName=NetD1_1 Pin=IC?-12
Added Pin To Net: NetName=NetD1_1 Pin=IC?-13
Added Pin To Net: NetName=NetD1_1 Pin=IC?-14
Added Pin To Net: NetName=NetD1_1 Pin=IC?-15
Added Pin To Net: NetName=NetD1_1 Pin=IC?-16
Added Pin To Net: NetName=VBAT_DIODE Pin=IC?-17
Change Net Name : Old Net Name=NetC97_1 New Net Name=NetIC10_86
Added Pin To Net: NetName=NetC97_1 Pin=C97-1
Added Pin To Net: NetName=NetC97_1 Pin=IC10-85
Added Pin To Net: NetName=NetC97_1 Pin=S3-4
Added Net: Name=NetC97_1
Change Room Name: Old Name=Designator_7 New Name=Designator
Added Room: Name=Designator
Added Room: Name=Designator
Added Room: Name=Designator
Added Room: Name=Designator
Added Room: Name=Designator
Added Room: Name=Designator
Added Room: Name=Designator
Added Room: Name=Designator
