Removed Member From Class: ClassName=Designator Member=BAT1
Removed Member From Class: ClassName=Designator Member=C1
Removed Member From Class: ClassName=Designator Member=C2
Removed Member From Class: ClassName=Designator Member=C3
Removed Member From Class: ClassName=Designator Member=C4
Removed Member From Class: ClassName=Designator Member=C5
Removed Member From Class: ClassName=Designator Member=C6
Removed Member From Class: ClassName=Designator Member=C7
Removed Member From Class: ClassName=Designator Member=C8
Removed Member From Class: ClassName=Designator Member=C9
Removed Member From Class: ClassName=Designator Member=C10
Removed Member From Class: ClassName=Designator Member=C11
Removed Member From Class: ClassName=Designator Member=C12
Removed Member From Class: ClassName=Designator Member=C13
Removed Member From Class: ClassName=Designator Member=C14
Removed Member From Class: ClassName=Designator Member=C15
Removed Member From Class: ClassName=Designator Member=C16
Removed Member From Class: ClassName=Designator Member=C17
Removed Member From Class: ClassName=Designator Member=C18
Removed Member From Class: ClassName=Designator Member=C19
Removed Member From Class: ClassName=Designator Member=C20
Removed Member From Class: ClassName=Designator Member=C21
Removed Member From Class: ClassName=Designator Member=C22
Removed Member From Class: ClassName=Designator Member=C23
Removed Member From Class: ClassName=Designator Member=C24
Removed Member From Class: ClassName=Designator Member=C25
Removed Member From Class: ClassName=Designator Member=C26
Removed Member From Class: ClassName=Designator Member=C27
Removed Member From Class: ClassName=Designator Member=C28
Removed Member From Class: ClassName=Designator Member=C29
Removed Member From Class: ClassName=Designator Member=C30
Removed Member From Class: ClassName=Designator Member=C31
Removed Member From Class: ClassName=Designator Member=C32
Removed Member From Class: ClassName=Designator Member=C33
Removed Member From Class: ClassName=Designator Member=C34
Removed Member From Class: ClassName=Designator Member=C35
Removed Member From Class: ClassName=Designator Member=C36
Removed Member From Class: ClassName=Designator Member=C37
Removed Member From Class: ClassName=Designator Member=C38
Removed Member From Class: ClassName=Designator Member=C39
Removed Member From Class: ClassName=Designator Member=C40
Removed Member From Class: ClassName=Designator Member=C41
Removed Member From Class: ClassName=Designator Member=C42
Removed Member From Class: ClassName=Designator Member=C43
Removed Member From Class: ClassName=Designator Member=C44
Removed Member From Class: ClassName=Designator Member=C45
Removed Member From Class: ClassName=Designator Member=C46
Removed Member From Class: ClassName=Designator Member=C47
Removed Member From Class: ClassName=Designator Member=C48
Removed Member From Class: ClassName=Designator Member=C49
Removed Member From Class: ClassName=Designator Member=C50
Removed Member From Class: ClassName=Designator Member=C51
Removed Member From Class: ClassName=Designator Member=C52
Removed Member From Class: ClassName=Designator Member=C53
Removed Member From Class: ClassName=Designator Member=C54
Removed Member From Class: ClassName=Designator Member=C55
Removed Member From Class: ClassName=Designator Member=C56
Removed Member From Class: ClassName=Designator Member=C57
Removed Member From Class: ClassName=Designator Member=C58
Removed Member From Class: ClassName=Designator Member=C59
Removed Member From Class: ClassName=Designator Member=C60
Removed Member From Class: ClassName=Designator Member=C61
Removed Member From Class: ClassName=Designator Member=C62
Removed Member From Class: ClassName=Designator Member=C63
Removed Member From Class: ClassName=Designator Member=C64
Removed Member From Class: ClassName=Designator Member=C65
Removed Member From Class: ClassName=Designator Member=C66
Removed Member From Class: ClassName=Designator Member=C67
Removed Member From Class: ClassName=Designator Member=C68
Removed Member From Class: ClassName=Designator Member=C69
Removed Member From Class: ClassName=Designator Member=C70
Removed Member From Class: ClassName=Designator Member=C71
Removed Member From Class: ClassName=Designator Member=C72
Removed Member From Class: ClassName=Designator Member=C73
Removed Member From Class: ClassName=Designator Member=C74
Removed Member From Class: ClassName=Designator Member=C75
Removed Member From Class: ClassName=Designator Member=C76
Removed Member From Class: ClassName=Designator Member=C77
Removed Member From Class: ClassName=Designator Member=C78
Removed Member From Class: ClassName=Designator Member=C80
Removed Member From Class: ClassName=Designator Member=C81
Removed Member From Class: ClassName=Designator Member=C82
Removed Member From Class: ClassName=Designator Member=C83
Removed Member From Class: ClassName=Designator Member=C84
Removed Member From Class: ClassName=Designator Member=C85
Removed Member From Class: ClassName=Designator Member=C86
Removed Member From Class: ClassName=Designator Member=C87
Removed Member From Class: ClassName=Designator Member=C88
Removed Member From Class: ClassName=Designator Member=C89
Removed Member From Class: ClassName=Designator Member=C90
Removed Member From Class: ClassName=Designator Member=C91
Removed Member From Class: ClassName=Designator Member=C92
Removed Member From Class: ClassName=Designator Member=C93
Removed Member From Class: ClassName=Designator Member=C94
Removed Member From Class: ClassName=Designator Member=C95
Removed Member From Class: ClassName=Designator Member=C99
Removed Member From Class: ClassName=Designator Member=C100
Removed Member From Class: ClassName=Designator Member=C101
Removed Member From Class: ClassName=Designator Member=C102
Removed Member From Class: ClassName=Designator Member=C103
Removed Member From Class: ClassName=Designator Member=C104
Removed Member From Class: ClassName=Designator Member=C105
Removed Member From Class: ClassName=Designator Member=C106
Removed Member From Class: ClassName=Designator Member=C107
Removed Member From Class: ClassName=Designator Member=C108
Removed Member From Class: ClassName=Designator Member=D2
Removed Member From Class: ClassName=Designator Member=D3
Removed Member From Class: ClassName=Designator Member=D5
Removed Member From Class: ClassName=Designator Member=D13
Removed Member From Class: ClassName=Designator Member=DS1
Removed Member From Class: ClassName=Designator Member=DS2
Removed Member From Class: ClassName=Designator Member=IC1
Removed Member From Class: ClassName=Designator Member=IC2
Removed Member From Class: ClassName=Designator Member=IC3
Removed Member From Class: ClassName=Designator Member=IC4
Removed Member From Class: ClassName=Designator Member=IC5
Removed Member From Class: ClassName=Designator Member=IC6
Removed Member From Class: ClassName=Designator Member=IC7
Removed Member From Class: ClassName=Designator Member=IC8
Removed Member From Class: ClassName=Designator Member=IC9
Removed Member From Class: ClassName=Designator Member=IC10
Removed Member From Class: ClassName=Designator Member=IC11
Removed Member From Class: ClassName=Designator Member=IC12
Removed Member From Class: ClassName=Designator Member=IC13
Removed Member From Class: ClassName=Designator Member=IC27
Removed Member From Class: ClassName=Designator Member=IC28
Removed Member From Class: ClassName=Designator Member=IC29
Removed Member From Class: ClassName=Designator Member=J1
Removed Member From Class: ClassName=Designator Member=J2
Removed Member From Class: ClassName=Designator Member=J3
Removed Member From Class: ClassName=Designator Member=L2
Removed Member From Class: ClassName=Designator Member=L5
Removed Member From Class: ClassName=Designator Member=R1
Removed Member From Class: ClassName=Designator Member=R2
Removed Member From Class: ClassName=Designator Member=R3
Removed Member From Class: ClassName=Designator Member=R4
Removed Member From Class: ClassName=Designator Member=R5
Removed Member From Class: ClassName=Designator Member=R6
Removed Member From Class: ClassName=Designator Member=R7
Removed Member From Class: ClassName=Designator Member=R8
Removed Member From Class: ClassName=Designator Member=R9
Removed Member From Class: ClassName=Designator Member=R10
Removed Member From Class: ClassName=Designator Member=R11
Removed Member From Class: ClassName=Designator Member=R12
Removed Member From Class: ClassName=Designator Member=R13
Removed Member From Class: ClassName=Designator Member=R14
Removed Member From Class: ClassName=Designator Member=R15
Removed Member From Class: ClassName=Designator Member=R16
Removed Member From Class: ClassName=Designator Member=R17
Removed Member From Class: ClassName=Designator Member=R18
Removed Member From Class: ClassName=Designator Member=R19
Removed Member From Class: ClassName=Designator Member=R20
Removed Member From Class: ClassName=Designator Member=R21
Removed Member From Class: ClassName=Designator Member=R22
Removed Member From Class: ClassName=Designator Member=R23
Removed Member From Class: ClassName=Designator Member=R24
Removed Member From Class: ClassName=Designator Member=R25
Removed Member From Class: ClassName=Designator Member=R26
Removed Member From Class: ClassName=Designator Member=R27
Removed Member From Class: ClassName=Designator Member=R28
Removed Member From Class: ClassName=Designator Member=R29
Removed Member From Class: ClassName=Designator Member=R30
Removed Member From Class: ClassName=Designator Member=R31
Removed Member From Class: ClassName=Designator Member=R32
Removed Member From Class: ClassName=Designator Member=R33
Removed Member From Class: ClassName=Designator Member=R34
Removed Member From Class: ClassName=Designator Member=R60
Removed Member From Class: ClassName=Designator Member=R61
Removed Member From Class: ClassName=Designator Member=R62
Removed Member From Class: ClassName=Designator Member=R63
Removed Member From Class: ClassName=Designator Member=R64
Removed Member From Class: ClassName=Designator Member=R65
Removed Member From Class: ClassName=Designator Member=RF1
Removed Member From Class: ClassName=Designator Member=RF2
Removed Member From Class: ClassName=Designator Member=RF3
Removed Member From Class: ClassName=Designator Member=RF4
Removed Member From Class: ClassName=Designator Member=RF5
Removed Member From Class: ClassName=Designator Member=RF6
Removed Member From Class: ClassName=Designator Member=RF7
Removed Member From Class: ClassName=Designator Member=RF8
Removed Member From Class: ClassName=Designator Member=RF9
Removed Member From Class: ClassName=Designator Member=RF10
Removed Member From Class: ClassName=Designator Member=RF11
Removed Member From Class: ClassName=Designator Member=RF12
Removed Member From Class: ClassName=Designator Member=S1
Removed Member From Class: ClassName=Designator Member=U2
Removed Member From Class: ClassName=Designator Member=Y1
Change Component Designator: OldDesignator=D6 NewDesignator=D7
Change Component Designator: OldDesignator=D7 NewDesignator=D8
Change Component Designator: OldDesignator=D8 NewDesignator=D6
Change Component Designator: OldDesignator=D9 NewDesignator=D13
Change Component Designator: OldDesignator=D10 NewDesignator=D9
Change Component Designator: OldDesignator=D11 NewDesignator=D10
Change Component Designator: OldDesignator=D12 NewDesignator=D11
Change Component Designator: OldDesignator=D13 NewDesignator=D12
Change Component Designator: OldDesignator=IC16 NewDesignator=IC17
Change Component Designator: OldDesignator=IC17 NewDesignator=IC18
Change Component Designator: OldDesignator=IC18 NewDesignator=IC20
Change Component Designator: OldDesignator=IC19 NewDesignator=IC21
Change Component Designator: OldDesignator=IC20 NewDesignator=IC16
Change Component Designator: OldDesignator=IC21 NewDesignator=IC19
Change Component Designator: OldDesignator=IC22 NewDesignator=IC26
Change Component Designator: OldDesignator=IC23 NewDesignator=IC27
Change Component Designator: OldDesignator=IC24 NewDesignator=IC28
Change Component Designator: OldDesignator=IC25 NewDesignator=IC29
Change Component Designator: OldDesignator=IC26 NewDesignator=IC22
Change Component Designator: OldDesignator=IC27 NewDesignator=IC23
Change Component Designator: OldDesignator=IC28 NewDesignator=IC24
Change Component Designator: OldDesignator=IC29 NewDesignator=IC25
Change Component Designator: OldDesignator=R35 NewDesignator=R36
Change Component Designator: OldDesignator=R36 NewDesignator=R37
Change Component Designator: OldDesignator=R37 NewDesignator=R38
Change Component Designator: OldDesignator=R38 NewDesignator=R39
Change Component Designator: OldDesignator=R39 NewDesignator=R41
Change Component Designator: OldDesignator=R40 NewDesignator=R42
Change Component Designator: OldDesignator=R41 NewDesignator=R43
Change Component Designator: OldDesignator=R42 NewDesignator=R45
Change Component Designator: OldDesignator=R43 NewDesignator=R46
Change Component Designator: OldDesignator=R44 NewDesignator=R48
Change Component Designator: OldDesignator=R45 NewDesignator=R49
Change Component Designator: OldDesignator=R46 NewDesignator=R50
Change Component Designator: OldDesignator=R47 NewDesignator=R51
Change Component Designator: OldDesignator=R48 NewDesignator=R35
Change Component Designator: OldDesignator=R49 NewDesignator=R44
Change Component Designator: OldDesignator=R50 NewDesignator=R40
Change Component Designator: OldDesignator=R51 NewDesignator=R47
Change Component Designator: OldDesignator=R52 NewDesignator=R60
Change Component Designator: OldDesignator=R53 NewDesignator=R61
Change Component Designator: OldDesignator=R54 NewDesignator=R62
Change Component Designator: OldDesignator=R55 NewDesignator=R63
Change Component Designator: OldDesignator=R56 NewDesignator=R64
Change Component Designator: OldDesignator=R57 NewDesignator=R65
Change Component Designator: OldDesignator=R58 NewDesignator=R52
Change Component Designator: OldDesignator=R59 NewDesignator=R53
Change Component Designator: OldDesignator=R60 NewDesignator=R54
Change Component Designator: OldDesignator=R61 NewDesignator=R55
Change Component Designator: OldDesignator=R62 NewDesignator=R56
Change Component Designator: OldDesignator=R63 NewDesignator=R57
Change Component Designator: OldDesignator=R64 NewDesignator=R58
Change Component Designator: OldDesignator=R65 NewDesignator=R59
Added Pin To Net: NetName=NetC48_2 Pin=C8-2
Added Pin To Net: NetName=NetC48_2 Pin=C9-2
Added Pin To Net: NetName=NetC48_2 Pin=C10-2
Added Pin To Net: NetName=VDD_1.8_1 Pin=C94-2
Added Pin To Net: NetName=NetC48_2 Pin=IC2-21
Added Pin To Net: NetName=NetC20_1 Pin=IC4-16
Added Pin To Net: NetName=NetIC10_123 Pin=IC10-124
Added Pin To Net: NetName=NetIC10_123 Pin=IC27-30
Added Pin To Net: NetName=NetC48_2 Pin=J3-1
Added Pin To Net: NetName=BAT_ANODE Pin=J4-5
Added Pin To Net: NetName=NetC48_2 Pin=R23-1
Change Net Name : Old Net Name=NetC48_2 New Net Name=VDD_5_USB
Change Net Name : Old Net Name=NetD6_2 New Net Name=NetD7_2
Change Net Name : Old Net Name=NetD6_3 New Net Name=NetD7_3
Change Net Name : Old Net Name=NetD6_4 New Net Name=NetD7_4
Change Net Name : Old Net Name=NetD7_2 New Net Name=NetD8_2
Change Net Name : Old Net Name=NetD7_3 New Net Name=NetD8_3
Change Net Name : Old Net Name=NetD7_4 New Net Name=NetD8_4
Change Net Name : Old Net Name=NetD8_1 New Net Name=NetD6_1
Change Net Name : Old Net Name=NetD8_2 New Net Name=NetD6_2
Change Net Name : Old Net Name=NetD8_3 New Net Name=NetD6_3
Change Net Name : Old Net Name=NetD8_4 New Net Name=NetD6_4
Change Net Name : Old Net Name=NetD9_2 New Net Name=NetD13_2
Change Net Name : Old Net Name=NetD10_2 New Net Name=NetD9_2
Change Net Name : Old Net Name=NetD11_2 New Net Name=NetD10_2
Change Net Name : Old Net Name=NetD12_2 New Net Name=NetD11_2
Change Net Name : Old Net Name=NetD13_2 New Net Name=NetD12_2
Change Net Name : Old Net Name=NetIC16_1 New Net Name=NetIC17_1
Change Net Name : Old Net Name=NetIC16_2 New Net Name=NetIC17_2
Change Net Name : Old Net Name=NetIC17_1 New Net Name=NetIC18_1
Change Net Name : Old Net Name=NetIC17_2 New Net Name=NetIC18_2
Change Net Name : Old Net Name=NetIC18_1 New Net Name=NetIC20_1
Change Net Name : Old Net Name=NetIC18_2 New Net Name=NetIC20_2
Change Net Name : Old Net Name=NetIC19_1 New Net Name=NetIC21_1
Change Net Name : Old Net Name=NetIC19_2 New Net Name=NetIC21_2
Change Net Name : Old Net Name=NetIC20_1 New Net Name=NetIC16_1
Change Net Name : Old Net Name=NetIC21_1 New Net Name=NetIC19_1
Change Net Name : Old Net Name=NetIC26_2 New Net Name=NetIC22_2
Change Net Name : Old Net Name=NetIC27_2 New Net Name=NetIC23_2
Change Net Name : Old Net Name=NetIC28_2 New Net Name=NetIC24_2
Change Net Name : Old Net Name=NetIC29_2 New Net Name=NetIC25_2
Added Pin To Net: NetName=NetIC10_121 Pin=IC10-121
Added Net: Name=NetIC10_121
Added Pin To Net: NetName=NetIC10_171 Pin=IC10-171
Added Pin To Net: NetName=NetIC10_171 Pin=IC24-1
Added Pin To Net: NetName=NetIC10_171 Pin=R54-2
Added Net: Name=NetIC10_171
Added Pin To Net: NetName=NetIC10_172 Pin=IC10-172
Added Pin To Net: NetName=NetIC10_172 Pin=IC23-1
Added Pin To Net: NetName=NetIC10_172 Pin=R53-2
Added Net: Name=NetIC10_172
Added Pin To Net: NetName=NetIC10_173 Pin=IC10-173
Added Pin To Net: NetName=NetIC10_173 Pin=IC25-1
Added Pin To Net: NetName=NetIC10_173 Pin=R55-2
Added Net: Name=NetIC10_173
Added Pin To Net: NetName=NetIC10_174 Pin=IC10-174
Added Pin To Net: NetName=NetIC10_174 Pin=IC22-1
Added Pin To Net: NetName=NetIC10_174 Pin=R52-2
Added Net: Name=NetIC10_174
Added Pin To Net: NetName=NetIC28_3 Pin=IC28-3
Added Net: Name=NetIC28_3
Change Room Name: Old Name=Designator_11 New Name=Designator
Added Room: Name=Designator
Added Room: Name=Designator
Added Room: Name=Designator
Added Room: Name=Designator
Added Room: Name=Designator
Added Room: Name=Designator
Added Room: Name=Designator
Added Room: Name=Designator
